#
# A fatal error has been detected by the Java Runtime Environment:
#
#  SIGSEGV (0xb) at pc=0x00007fe9cd11a009, pid=9901, tid=9902
#
# JRE version: OpenJDK Runtime Environment (9.0) (build 9-internal+0-2016-04-14-195246.buildd.src)
# Java VM: OpenJDK 64-Bit Server VM (9-internal+0-2016-04-14-195246.buildd.src, mixed mode, tiered, compressed oops, g1 gc, linux-amd64)
# Problematic frame:
# C  [libjava.so+0x1d009]  JNU_GetEnv+0x19
#
# Core dump will be written. Default location: Core dumps may be processed with "/usr/share/apport/apport %p %s %c %P" (or dumping to /home/griffin/Tunaweza/soccer-gear-frontend/core.9901)
#
# If you would like to submit a bug report, please visit:
#   http://bugreport.java.com/bugreport/crash.jsp
# The crash happened outside the Java Virtual Machine in native code.
# See problematic frame for where to report the bug.
#

---------------  S U M M A R Y ------------

Command Line: -Xmx256m -Xms64m -Dnetbeans.default_userdir_root=/root/.netbeans -Dnetbeans.default_cachedir_root=/root/.cache/netbeans -Djava.io.tmpdir=/tmp org.netbeans.installer.Installer

Host: AMD A4-5000 APU with Radeon(TM) HD Graphics, 4 cores, 3G, Ubuntu 16.04.1 LTS
Time: Thu Nov 10 10:15:14 2016 EAT elapsed time: 24 seconds (0d 0h 0m 24s)

---------------  T H R E A D  ---------------

Current thread (0x00007fe9c8011000):  JavaThread "main" [_thread_in_native, id=9902, stack(0x00007fe9cfe7b000,0x00007fe9cff7c000)]

Stack: [0x00007fe9cfe7b000,0x00007fe9cff7c000],  sp=0x00007fe9cff78d40,  free space=1015k
Native frames: (J=compiled Java code, j=interpreted, Vv=VM code, C=native code)
C  [libjava.so+0x1d009]  JNU_GetEnv+0x19
C  [libfontmanager.so+0x33f8e]
C  [libfreetype.so.6+0x14d1b]  FT_Stream_Seek+0x1b

Java frames: (J=compiled Java code, j=interpreted, Vv=VM code)
j  sun.font.FreetypeFontScaler.initNativeScaler(Lsun/font/Font2D;IIZI)J+0 java.desktop@9-internal
j  sun.font.FreetypeFontScaler.<init>(Lsun/font/Font2D;IZI)V+26 java.desktop@9-internal
v  ~StubRoutines::call_stub
j  sun.reflect.NativeConstructorAccessorImpl.newInstance0(Ljava/lang/reflect/Constructor;[Ljava/lang/Object;)Ljava/lang/Object;+0 java.base@9-internal
j  sun.reflect.NativeConstructorAccessorImpl.newInstance([Ljava/lang/Object;)Ljava/lang/Object;+85 java.base@9-internal
j  sun.reflect.DelegatingConstructorAccessorImpl.newInstance([Ljava/lang/Object;)Ljava/lang/Object;+5 java.base@9-internal
j  java.lang.reflect.Constructor.newInstance([Ljava/lang/Object;)Ljava/lang/Object;+65 java.base@9-internal
j  sun.font.FontScaler.getScaler(Lsun/font/Font2D;IZI)Lsun/font/FontScaler;+39 java.desktop@9-internal
j  sun.font.TrueTypeFont.getScaler()Lsun/font/FontScaler;+21 java.desktop@9-internal
j  sun.font.FileFontStrike.<init>(Lsun/font/FileFont;Lsun/font/FontStrikeDesc;)V+204 java.desktop@9-internal
j  sun.font.FileFont.createStrike(Lsun/font/FontStrikeDesc;)Lsun/font/FontStrike;+18 java.desktop@9-internal
j  sun.font.Font2D.getStrike(Lsun/font/FontStrikeDesc;Z)Lsun/font/FontStrike;+92 java.desktop@9-internal
j  sun.font.Font2D.getStrike(Lsun/font/FontStrikeDesc;)Lsun/font/FontStrike;+3 java.desktop@9-internal
j  sun.font.CompositeStrike.getStrikeForSlot(I)Lsun/font/PhysicalStrike;+23 java.desktop@9-internal
j  sun.font.CompositeStrike.getFontMetrics()Lsun/font/StrikeMetrics;+31 java.desktop@9-internal
j  sun.font.FontDesignMetrics.initMatrixAndMetrics()V+28 java.desktop@9-internal
j  sun.font.FontDesignMetrics.<init>(Ljava/awt/Font;Ljava/awt/font/FontRenderContext;)V+62 java.desktop@9-internal
j  sun.font.FontDesignMetrics.getMetrics(Ljava/awt/Font;Ljava/awt/font/FontRenderContext;)Lsun/font/FontDesignMetrics;+128 java.desktop@9-internal
j  sun.swing.SwingUtilities2.getFontMetrics(Ljavax/swing/JComponent;Ljava/awt/Font;)Ljava/awt/FontMetrics;+15 java.desktop@9-internal
j  javax.swing.JComponent.getFontMetrics(Ljava/awt/Font;)Ljava/awt/FontMetrics;+2 java.desktop@9-internal
j  javax.swing.plaf.synth.SynthGraphicsUtils.getPreferredSize(Ljavax/swing/plaf/synth/SynthContext;Ljava/awt/Font;Ljava/lang/String;Ljavax/swing/Icon;IIIIII)Ljava/awt/Dimension;+110 java.desktop@9-internal
j  javax.swing.plaf.synth.SynthGraphicsUtils.getMinimumSize(Ljavax/swing/plaf/synth/SynthContext;Ljava/awt/Font;Ljava/lang/String;Ljavax/swing/Icon;IIIIII)Ljava/awt/Dimension;+24 java.desktop@9-internal
j  javax.swing.plaf.synth.SynthButtonUI.getMinimumSize(Ljavax/swing/JComponent;)Ljava/awt/Dimension;+77 java.desktop@9-internal
j  javax.swing.JComponent.getMinimumSize()Ljava/awt/Dimension;+26 java.desktop@9-internal
j  javax.swing.plaf.basic.BasicOptionPaneUI.addButtonComponents(Ljava/awt/Container;[Ljava/lang/Object;I)V+242 java.desktop@9-internal
j  javax.swing.plaf.basic.BasicOptionPaneUI.createButtonArea()Ljava/awt/Container;+103 java.desktop@9-internal
j  javax.swing.plaf.synth.SynthOptionPaneUI.installComponents()V+72 java.desktop@9-internal
j  javax.swing.plaf.basic.BasicOptionPaneUI.installUI(Ljavax/swing/JComponent;)V+24 java.desktop@9-internal
j  javax.swing.JComponent.setUI(Ljavax/swing/plaf/ComponentUI;)V+52 java.desktop@9-internal
j  javax.swing.JOptionPane.setUI(Ljavax/swing/plaf/OptionPaneUI;)V+10 java.desktop@9-internal
j  javax.swing.JOptionPane.updateUI()V+8 java.desktop@9-internal
j  javax.swing.JOptionPane.<init>(Ljava/lang/Object;IILjavax/swing/Icon;[Ljava/lang/Object;Ljava/lang/Object;)V+52 java.desktop@9-internal
j  javax.swing.JOptionPane.showOptionDialog(Ljava/awt/Component;Ljava/lang/Object;Ljava/lang/String;IILjavax/swing/Icon;[Ljava/lang/Object;Ljava/lang/Object;)I+14 java.desktop@9-internal
j  javax.swing.JOptionPane.showConfirmDialog(Ljava/awt/Component;Ljava/lang/Object;Ljava/lang/String;IILjavax/swing/Icon;)I+10 java.desktop@9-internal
j  javax.swing.JOptionPane.showConfirmDialog(Ljava/awt/Component;Ljava/lang/Object;Ljava/lang/String;II)I+7 java.desktop@9-internal
j  javax.swing.JOptionPane.showConfirmDialog(Ljava/awt/Component;Ljava/lang/Object;Ljava/lang/String;I)I+5 java.desktop@9-internal
j  org.netbeans.installer.utils.UiUtils.showYesNoDialog(Ljava/lang/String;Ljava/lang/String;Z)Z+93
j  org.netbeans.installer.utils.UiUtils.showYesNoDialog(Ljava/lang/String;Ljava/lang/String;)Z+3
j  org.netbeans.installer.Installer.createLockFile()V+90
j  org.netbeans.installer.Installer.<init>([Ljava/lang/String;)V+63
j  org.netbeans.installer.Installer.main([Ljava/lang/String;)V+5
v  ~StubRoutines::call_stub

siginfo: si_signo: 11 (SIGSEGV), si_code: 1 (SEGV_MAPERR), si_addr: 0x0000000000000000

Register to memory mapping:

RAX=0x0000000000000000 is an unknown value
RBX=0x0000000000000000 is an unknown value
RCX=0x0000000000000000 is an unknown value
RDX=0x0000000000010002 is an unknown value
RSP=0x00007fe9cff78d40 is pointing into the stack for thread: 0x00007fe9c8011000
RBP=0x00007fe9cff78d50 is pointing into the stack for thread: 0x00007fe9c8011000
RSI=0x0000000000010002 is an unknown value
RDI=0x0000000000000000 is an unknown value
R8 =0x0000000000000000 is an unknown value
R9 =0x0000000000000004 is an unknown value
R10=0x00000000000001db is an unknown value
R11=0x00007fe9cd119ff0: JNU_GetEnv+0x0000000000000000 in /usr/lib/jvm/java-9-openjdk-amd64/lib/amd64/libjava.so at 0x00007fe9cd0fd000
R12=0x00007fe9c8646da0 is an unknown value
R13=0x0000000000000000 is an unknown value
R14=0x0000000000000000 is an unknown value
R15=0x00007fe9c864c7c0 is an unknown value


Registers:
RAX=0x0000000000000000, RBX=0x0000000000000000, RCX=0x0000000000000000, RDX=0x0000000000010002
RSP=0x00007fe9cff78d40, RBP=0x00007fe9cff78d50, RSI=0x0000000000010002, RDI=0x0000000000000000
R8 =0x0000000000000000, R9 =0x0000000000000004, R10=0x00000000000001db, R11=0x00007fe9cd119ff0
R12=0x00007fe9c8646da0, R13=0x0000000000000000, R14=0x0000000000000000, R15=0x00007fe9c864c7c0
RIP=0x00007fe9cd11a009, EFLAGS=0x0000000000010246, CSGSFS=0x0000000000000033, ERR=0x0000000000000004
  TRAPNO=0x000000000000000e

Top of Stack: (sp=0x00007fe9cff78d40)
0x00007fe9cff78d40:   0000000000000000 9ba5fa35fae09000
0x00007fe9cff78d50:   00007fe9cff78d90 00007fe959c9df8e
0x00007fe9cff78d60:   00007fe9c86477a0 00007fe9c8646da0
0x00007fe9cff78d70:   0000000000000000 0000000000000000
0x00007fe9cff78d80:   00007fe9c8646da0 00007fe9c864c7c0
0x00007fe9cff78d90:   0000000000000000 00007fe9599d4d1b
0x00007fe9cff78da0:   0000000000000000 00007fe959c66d80
0x00007fe9cff78db0:   0000000000000000 00007fe9599e88d0
0x00007fe9cff78dc0:   0000000000000002 0000003200000008
0x00007fe9cff78dd0:   0000000000000000 0000000000000000
0x00007fe9cff78de0:   0000006e0000005b 0000000000000000
0x00007fe9cff78df0:   0000000000000000 0000007c00000077
0x00007fe9cff78e00:   0000000000000001 0000003100000006
0x00007fe9cff78e10:   0000000000000000 0000000000000000
0x00007fe9cff78e20:   0000006e0000005b 00007fe9c8000020
0x00007fe9cff78e30:   0000000000000070 00007fe9cff78ee4
0x00007fe9cff78e40:   00007fe9c86477a0 00007fe9c864c7c0
0x00007fe9cff78e50:   00007fe9cff78ee4 00007fe9cf8275a4
0x00007fe9cff78e60:   00007fe9ce79ff00 00007fe9cff78e94
0x00007fe9cff78e70:   00007fe959c639e0 9ba5fa35fae09000
0x00007fe9cff78e80:   0000000000000070 00007fe9c8646e20
0x00007fe9cff78e90:   00007fe959c639e0 00007fe9cff78fa8
0x00007fe9cff78ea0:   00007fe9c86477a0 00007fe9c864c7c0
0x00007fe9cff78eb0:   00007fe9c8648370 00007fe9599d74b2
0x00007fe9cff78ec0:   0000000100000000 00007fe9cff78fb0
0x00007fe9cff78ed0:   0000000000000000 0000000000000000
0x00007fe9cff78ee0:   00000000cff78fa8 9ba5fa35fae09000
0x00007fe9cff78ef0:   00007fe9c8646e20 00007fe9cff78fb0
0x00007fe9cff78f00:   0000000000000000 00007fe9c86476c8
0x00007fe9cff78f10:   00007fe9cff791b0 00007fe9c8647628
0x00007fe9cff78f20:   00007fe9c86477a0 00007fe9599d9571
0x00007fe9cff78f30:   00007fe9cff78fb0 00007fe9599d9366 

Instructions: (pc=0x00007fe9cd11a009)
0x00007fe9cd119fe9:   ff eb ea 0f 1f 40 00 55 89 f2 48 89 e5 48 83 ec
0x00007fe9cd119ff9:   10 64 48 8b 04 25 28 00 00 00 48 89 45 f8 31 c0
0x00007fe9cd11a009:   48 8b 07 48 8d 75 f0 ff 50 30 48 8b 4d f8 64 48
0x00007fe9cd11a019:   33 0c 25 28 00 00 00 48 8b 45 f0 75 02 c9 c3 e8 


---------------  P R O C E S S  ---------------

Java Threads: ( => current thread )
  0x00007fe9c8463000 JavaThread "AWT-XAWT" daemon [_thread_in_native, id=9969, stack(0x00007fe959189000,0x00007fe95928a000)]
  0x00007fe9c810c000 JavaThread "Java2D Disposer" daemon [_thread_blocked, id=9967, stack(0x00007fe95bafb000,0x00007fe95bbfc000)]
  0x00007fe9c82b7000 JavaThread "SeedGenerator Thread" daemon [_thread_blocked, id=9926, stack(0x00007fe95bcfd000,0x00007fe95bdfe000)]
  0x00007fe9c8213800 JavaThread "Service Thread" daemon [_thread_blocked, id=9924, stack(0x00007fe95beff000,0x00007fe95c000000)]
  0x00007fe9c8175800 JavaThread "Common-Cleaner" daemon [_thread_blocked, id=9923, stack(0x00007fe9800cc000,0x00007fe9801cd000)]
  0x00007fe9c814e000 JavaThread "Sweeper thread" daemon [_thread_blocked, id=9922, stack(0x00007fe9808f8000,0x00007fe9809f9000)]
  0x00007fe9c814c000 JavaThread "C1 CompilerThread2" daemon [_thread_blocked, id=9921, stack(0x00007fe9809f9000,0x00007fe980afa000)]
  0x00007fe9c814a000 JavaThread "C2 CompilerThread1" daemon [_thread_blocked, id=9920, stack(0x00007fe980afa000,0x00007fe980bfb000)]
  0x00007fe9c8148000 JavaThread "C2 CompilerThread0" daemon [_thread_blocked, id=9919, stack(0x00007fe980bfb000,0x00007fe980cfc000)]
  0x00007fe9c8144000 JavaThread "Signal Dispatcher" daemon [_thread_blocked, id=9918, stack(0x00007fe980cfc000,0x00007fe980dfd000)]
  0x00007fe9c8142000 JavaThread "Surrogate Locker Thread (Concurrent GC)" daemon [_thread_blocked, id=9917, stack(0x00007fe980dfd000,0x00007fe980efe000)]
  0x00007fe9c8130800 JavaThread "Finalizer" daemon [_thread_blocked, id=9916, stack(0x00007fe9815fe000,0x00007fe9816ff000)]
  0x00007fe9c812c800 JavaThread "Reference Handler" daemon [_thread_blocked, id=9915, stack(0x00007fe9816ff000,0x00007fe981800000)]
=>0x00007fe9c8011000 JavaThread "main" [_thread_in_native, id=9902, stack(0x00007fe9cfe7b000,0x00007fe9cff7c000)]

Other Threads:
  0x00007fe9c8122000 VMThread [stack: 0x00007fe9b006e000,0x00007fe9b016f000] [id=9914]
  0x00007fe9c8216000 WatcherThread [stack: 0x00007fe95bdfe000,0x00007fe95beff000] [id=9925]

Threads with active compile tasks:

VM state:not at safepoint (normal execution)

VM Mutex/Monitor currently owned by a thread: None

heap address: 0x00000000f0000000, size: 256 MB, Compressed Oops mode: 32-bit
Narrow klass base: 0x0000000000000000, Narrow klass shift: 3
Compressed class space size: 1073741824 Address: 0x0000000100000000

Heap:
 garbage-first heap   total 65536K, used 19707K [0x00000000f0000000, 0x00000000f0100200, 0x0000000100000000)
  region size 1024K, 19 young (19456K), 1 survivors (1024K)
 Metaspace       used 15924K, capacity 16390K, committed 16512K, reserved 1064960K
  class space    used 1748K, capacity 1905K, committed 1920K, reserved 1048576K

Heap Regions: E=young(eden), S=young(survivor), O=old, HS=humongous(starts), HC=humongous(continues), CS=collection set, F=free, A=archive, TS=gc time stamp, AC=allocation context, TAMS=top-at-mark-start (previous, next)
|   0|0x00000000f0000000, 0x00000000f00ffff8, 0x00000000f0100000| 99%| O|  |TS  1|AC  0|TAMS 0x00000000f0000000, 0x00000000f0000000|
|   1|0x00000000f0100000, 0x00000000f013f000, 0x00000000f0200000| 24%| O|  |TS  1|AC  0|TAMS 0x00000000f0100000, 0x00000000f0100000|
|   2|0x00000000f0200000, 0x00000000f0200000, 0x00000000f0300000|  0%| F|  |TS  0|AC  0|TAMS 0x00000000f0200000, 0x00000000f0200000|
|   3|0x00000000f0300000, 0x00000000f0300000, 0x00000000f0400000|  0%| F|  |TS  0|AC  0|TAMS 0x00000000f0300000, 0x00000000f0300000|
|   4|0x00000000f0400000, 0x00000000f0400000, 0x00000000f0500000|  0%| F|  |TS  0|AC  0|TAMS 0x00000000f0400000, 0x00000000f0400000|
|   5|0x00000000f0500000, 0x00000000f0500000, 0x00000000f0600000|  0%| F|  |TS  0|AC  0|TAMS 0x00000000f0500000, 0x00000000f0500000|
|   6|0x00000000f0600000, 0x00000000f0600000, 0x00000000f0700000|  0%| F|  |TS  0|AC  0|TAMS 0x00000000f0600000, 0x00000000f0600000|
|   7|0x00000000f0700000, 0x00000000f0700000, 0x00000000f0800000|  0%| F|  |TS  0|AC  0|TAMS 0x00000000f0700000, 0x00000000f0700000|
|   8|0x00000000f0800000, 0x00000000f0800000, 0x00000000f0900000|  0%| F|  |TS  0|AC  0|TAMS 0x00000000f0800000, 0x00000000f0800000|
|   9|0x00000000f0900000, 0x00000000f0900000, 0x00000000f0a00000|  0%| F|  |TS  0|AC  0|TAMS 0x00000000f0900000, 0x00000000f0900000|
|  10|0x00000000f0a00000, 0x00000000f0a00000, 0x00000000f0b00000|  0%| F|  |TS  0|AC  0|TAMS 0x00000000f0a00000, 0x00000000f0a00000|
|  11|0x00000000f0b00000, 0x00000000f0b00000, 0x00000000f0c00000|  0%| F|  |TS  0|AC  0|TAMS 0x00000000f0b00000, 0x00000000f0b00000|
|  12|0x00000000f0c00000, 0x00000000f0c00000, 0x00000000f0d00000|  0%| F|  |TS  0|AC  0|TAMS 0x00000000f0c00000, 0x00000000f0c00000|
|  13|0x00000000f0d00000, 0x00000000f0d00000, 0x00000000f0e00000|  0%| F|  |TS  0|AC  0|TAMS 0x00000000f0d00000, 0x00000000f0d00000|
|  14|0x00000000f0e00000, 0x00000000f0e00000, 0x00000000f0f00000|  0%| F|  |TS  0|AC  0|TAMS 0x00000000f0e00000, 0x00000000f0e00000|
|  15|0x00000000f0f00000, 0x00000000f0f00000, 0x00000000f1000000|  0%| F|  |TS  0|AC  0|TAMS 0x00000000f0f00000, 0x00000000f0f00000|
|  16|0x00000000f1000000, 0x00000000f1000000, 0x00000000f1100000|  0%| F|  |TS  0|AC  0|TAMS 0x00000000f1000000, 0x00000000f1000000|
|  17|0x00000000f1100000, 0x00000000f1100000, 0x00000000f1200000|  0%| F|  |TS  0|AC  0|TAMS 0x00000000f1100000, 0x00000000f1100000|
|  18|0x00000000f1200000, 0x00000000f1200000, 0x00000000f1300000|  0%| F|  |TS  0|AC  0|TAMS 0x00000000f1200000, 0x00000000f1200000|
|  19|0x00000000f1300000, 0x00000000f1300000, 0x00000000f1400000|  0%| F|  |TS  0|AC  0|TAMS 0x00000000f1300000, 0x00000000f1300000|
|  20|0x00000000f1400000, 0x00000000f1400000, 0x00000000f1500000|  0%| F|  |TS  0|AC  0|TAMS 0x00000000f1400000, 0x00000000f1400000|
|  21|0x00000000f1500000, 0x00000000f1500000, 0x00000000f1600000|  0%| F|  |TS  0|AC  0|TAMS 0x00000000f1500000, 0x00000000f1500000|
|  22|0x00000000f1600000, 0x00000000f1600000, 0x00000000f1700000|  0%| F|  |TS  0|AC  0|TAMS 0x00000000f1600000, 0x00000000f1600000|
|  23|0x00000000f1700000, 0x00000000f1700000, 0x00000000f1800000|  0%| F|  |TS  0|AC  0|TAMS 0x00000000f1700000, 0x00000000f1700000|
|  24|0x00000000f1800000, 0x00000000f1800000, 0x00000000f1900000|  0%| F|  |TS  0|AC  0|TAMS 0x00000000f1800000, 0x00000000f1800000|
|  25|0x00000000f1900000, 0x00000000f1900000, 0x00000000f1a00000|  0%| F|  |TS  0|AC  0|TAMS 0x00000000f1900000, 0x00000000f1900000|
|  26|0x00000000f1a00000, 0x00000000f1a00000, 0x00000000f1b00000|  0%| F|  |TS  0|AC  0|TAMS 0x00000000f1a00000, 0x00000000f1a00000|
|  27|0x00000000f1b00000, 0x00000000f1b00000, 0x00000000f1c00000|  0%| F|  |TS  0|AC  0|TAMS 0x00000000f1b00000, 0x00000000f1b00000|
|  28|0x00000000f1c00000, 0x00000000f1c00000, 0x00000000f1d00000|  0%| F|  |TS  0|AC  0|TAMS 0x00000000f1c00000, 0x00000000f1c00000|
|  29|0x00000000f1d00000, 0x00000000f1d00000, 0x00000000f1e00000|  0%| F|  |TS  0|AC  0|TAMS 0x00000000f1d00000, 0x00000000f1d00000|
|  30|0x00000000f1e00000, 0x00000000f1e00000, 0x00000000f1f00000|  0%| F|  |TS  0|AC  0|TAMS 0x00000000f1e00000, 0x00000000f1e00000|
|  31|0x00000000f1f00000, 0x00000000f1f00000, 0x00000000f2000000|  0%| F|  |TS  0|AC  0|TAMS 0x00000000f1f00000, 0x00000000f1f00000|
|  32|0x00000000f2000000, 0x00000000f2000000, 0x00000000f2100000|  0%| F|  |TS  0|AC  0|TAMS 0x00000000f2000000, 0x00000000f2000000|
|  33|0x00000000f2100000, 0x00000000f2100000, 0x00000000f2200000|  0%| F|  |TS  0|AC  0|TAMS 0x00000000f2100000, 0x00000000f2100000|
|  34|0x00000000f2200000, 0x00000000f2200000, 0x00000000f2300000|  0%| F|  |TS  0|AC  0|TAMS 0x00000000f2200000, 0x00000000f2200000|
|  35|0x00000000f2300000, 0x00000000f2300000, 0x00000000f2400000|  0%| F|  |TS  0|AC  0|TAMS 0x00000000f2300000, 0x00000000f2300000|
|  36|0x00000000f2400000, 0x00000000f2400000, 0x00000000f2500000|  0%| F|  |TS  0|AC  0|TAMS 0x00000000f2400000, 0x00000000f2400000|
|  37|0x00000000f2500000, 0x00000000f2500000, 0x00000000f2600000|  0%| F|  |TS  0|AC  0|TAMS 0x00000000f2500000, 0x00000000f2500000|
|  38|0x00000000f2600000, 0x00000000f2600000, 0x00000000f2700000|  0%| F|  |TS  0|AC  0|TAMS 0x00000000f2600000, 0x00000000f2600000|
|  39|0x00000000f2700000, 0x00000000f2700000, 0x00000000f2800000|  0%| F|  |TS  0|AC  0|TAMS 0x00000000f2700000, 0x00000000f2700000|
|  40|0x00000000f2800000, 0x00000000f2800000, 0x00000000f2900000|  0%| F|  |TS  0|AC  0|TAMS 0x00000000f2800000, 0x00000000f2800000|
|  41|0x00000000f2900000, 0x00000000f2900000, 0x00000000f2a00000|  0%| F|  |TS  0|AC  0|TAMS 0x00000000f2900000, 0x00000000f2900000|
|  42|0x00000000f2a00000, 0x00000000f2a00000, 0x00000000f2b00000|  0%| F|  |TS  0|AC  0|TAMS 0x00000000f2a00000, 0x00000000f2a00000|
|  43|0x00000000f2b00000, 0x00000000f2b00000, 0x00000000f2c00000|  0%| F|  |TS  0|AC  0|TAMS 0x00000000f2b00000, 0x00000000f2b00000|
|  44|0x00000000f2c00000, 0x00000000f2c00000, 0x00000000f2d00000|  0%| F|  |TS  0|AC  0|TAMS 0x00000000f2c00000, 0x00000000f2c00000|
|  45|0x00000000f2d00000, 0x00000000f2d80800, 0x00000000f2e00000| 50%| E|  |TS  0|AC  0|TAMS 0x00000000f2d00000, 0x00000000f2d00000|
|  46|0x00000000f2e00000, 0x00000000f2f00000, 0x00000000f2f00000|100%| E|CS|TS  0|AC  0|TAMS 0x00000000f2e00000, 0x00000000f2e00000|
|  47|0x00000000f2f00000, 0x00000000f3000000, 0x00000000f3000000|100%| E|CS|TS  0|AC  0|TAMS 0x00000000f2f00000, 0x00000000f2f00000|
|  48|0x00000000f3000000, 0x00000000f3100000, 0x00000000f3100000|100%| E|CS|TS  0|AC  0|TAMS 0x00000000f3000000, 0x00000000f3000000|
|  49|0x00000000f3100000, 0x00000000f3200000, 0x00000000f3200000|100%| E|CS|TS  0|AC  0|TAMS 0x00000000f3100000, 0x00000000f3100000|
|  50|0x00000000f3200000, 0x00000000f3300000, 0x00000000f3300000|100%| E|CS|TS  0|AC  0|TAMS 0x00000000f3200000, 0x00000000f3200000|
|  51|0x00000000f3300000, 0x00000000f3400000, 0x00000000f3400000|100%| E|CS|TS  0|AC  0|TAMS 0x00000000f3300000, 0x00000000f3300000|
|  52|0x00000000f3400000, 0x00000000f3500000, 0x00000000f3500000|100%| E|CS|TS  0|AC  0|TAMS 0x00000000f3400000, 0x00000000f3400000|
|  53|0x00000000f3500000, 0x00000000f3600000, 0x00000000f3600000|100%| E|CS|TS  0|AC  0|TAMS 0x00000000f3500000, 0x00000000f3500000|
|  54|0x00000000f3600000, 0x00000000f3700000, 0x00000000f3700000|100%| E|CS|TS  0|AC  0|TAMS 0x00000000f3600000, 0x00000000f3600000|
|  55|0x00000000f3700000, 0x00000000f3800000, 0x00000000f3800000|100%| E|CS|TS  0|AC  0|TAMS 0x00000000f3700000, 0x00000000f3700000|
|  56|0x00000000f3800000, 0x00000000f3900000, 0x00000000f3900000|100%| S|CS|TS  1|AC  0|TAMS 0x00000000f3800000, 0x00000000f3800000|
|  57|0x00000000f3900000, 0x00000000f3a00000, 0x00000000f3a00000|100%| E|CS|TS  0|AC  0|TAMS 0x00000000f3900000, 0x00000000f3900000|
|  58|0x00000000f3a00000, 0x00000000f3b00000, 0x00000000f3b00000|100%| E|CS|TS  0|AC  0|TAMS 0x00000000f3a00000, 0x00000000f3a00000|
|  59|0x00000000f3b00000, 0x00000000f3c00000, 0x00000000f3c00000|100%| E|CS|TS  0|AC  0|TAMS 0x00000000f3b00000, 0x00000000f3b00000|
|  60|0x00000000f3c00000, 0x00000000f3d00000, 0x00000000f3d00000|100%| E|CS|TS  0|AC  0|TAMS 0x00000000f3c00000, 0x00000000f3c00000|
|  61|0x00000000f3d00000, 0x00000000f3e00000, 0x00000000f3e00000|100%| E|CS|TS  0|AC  0|TAMS 0x00000000f3d00000, 0x00000000f3d00000|
|  62|0x00000000f3e00000, 0x00000000f3f00000, 0x00000000f3f00000|100%| E|CS|TS  0|AC  0|TAMS 0x00000000f3e00000, 0x00000000f3e00000|
|  63|0x00000000f3f00000, 0x00000000f4000000, 0x00000000f4000000|100%| E|CS|TS  0|AC  0|TAMS 0x00000000f3f00000, 0x00000000f3f00000|

Card table byte_map: [0x00007fe9b10c6000,0x00007fe9b1146000] byte_map_base: 0x00007fe9b0946000

Marking Bits (Prev, Next): (CMBitMap*) 0x00007fe9c803d720, (CMBitMap*) 0x00007fe9c803d778
 Prev Bits: [0x00007fe9b0c46000, 0x00007fe9b1046000)
 Next Bits: [0x00007fe9b0846000, 0x00007fe9b0c46000)

Polling page: 0x00007fe9cff9e000

CodeHeap 'non-nmethods': size=5696Kb used=1265Kb max_used=1273Kb free=4430Kb
 bounds [0x00007fe9b1c51000, 0x00007fe9b1ec1000, 0x00007fe9b21e1000]
CodeHeap 'profiled nmethods': size=120032Kb used=2654Kb max_used=2654Kb free=117377Kb
 bounds [0x00007fe9b21e1000, 0x00007fe9b2481000, 0x00007fe9b9719000]
CodeHeap 'non-profiled nmethods': size=120032Kb used=410Kb max_used=410Kb free=119621Kb
 bounds [0x00007fe9b9719000, 0x00007fe9b9989000, 0x00007fe9c0c51000]
 total_blobs=2119 nmethods=1316 adapters=450
 compilation: enabled

Compilation events (10 events):
Event: 23.840 Thread 0x00007fe9c814c000 1313       3       java.lang.invoke.MemberName::isMethod (7 bytes)
Event: 23.841 Thread 0x00007fe9c814c000 nmethod 1313 0x00007fe9b2475210 code [0x00007fe9b24753a0, 0x00007fe9b2475610]
Event: 23.842 Thread 0x00007fe9c814c000 1314   !   3       javax.swing.UIDefaults::getFromHashtable (239 bytes)
Event: 23.845 Thread 0x00007fe9c814c000 nmethod 1314 0x00007fe9b2475710 code [0x00007fe9b24759e0, 0x00007fe9b2477228]
Event: 23.854 Thread 0x00007fe9c814c000 1315       3       java.lang.ref.Reference::reachabilityFence (1 bytes)
Event: 23.854 Thread 0x00007fe9c814c000 nmethod 1315 0x00007fe9b2477790 code [0x00007fe9b2477900, 0x00007fe9b2477a30]
Event: 23.860 Thread 0x00007fe9c814c000 1316       1       java.beans.PropertyChangeEvent::getPropertyName (5 bytes)
Event: 23.861 Thread 0x00007fe9c814c000 nmethod 1316 0x00007fe9b977f710 code [0x00007fe9b977f880, 0x00007fe9b977f990]
Event: 23.896 Thread 0x00007fe9c814c000 1317   !   3       javax.swing.UIManager::getLAFState (62 bytes)
Event: 23.898 Thread 0x00007fe9c814c000 nmethod 1317 0x00007fe9b2477a90 code [0x00007fe9b2477cc0, 0x00007fe9b24786c8]

GC Heap History (2 events):
Event: 8.544 GC heap before
{Heap before GC invocations=0 (full 0):
 garbage-first heap   total 65536K, used 7168K [0x00000000f0000000, 0x00000000f0100200, 0x0000000100000000)
  region size 1024K, 7 young (7168K), 0 survivors (0K)
 Metaspace       used 7092K, capacity 7220K, committed 7424K, reserved 1056768K
  class space    used 720K, capacity 768K, committed 768K, reserved 1048576K
}
Event: 8.562 GC heap after
{Heap after GC invocations=1 (full 0):
 garbage-first heap   total 65536K, used 2299K [0x00000000f0000000, 0x00000000f0100200, 0x0000000100000000)
  region size 1024K, 1 young (1024K), 1 survivors (1024K)
 Metaspace       used 7092K, capacity 7220K, committed 7424K, reserved 1056768K
  class space    used 720K, capacity 768K, committed 768K, reserved 1048576K
}

Deoptimization events (10 events):
Event: 10.283 Thread 0x00007fe9c8011000 Uncommon trap: reason=bimorphic_or_optimized_type_check action=maybe_recompile pc=0x00007fe9b97553f4 method=java.util.HashMap.putVal(ILjava/lang/Object;Ljava/lang/Object;ZZ)Ljava/lang/Object; @ 152
Event: 10.312 Thread 0x00007fe9c8011000 Uncommon trap: reason=bimorphic_or_optimized_type_check action=maybe_recompile pc=0x00007fe9b97553f4 method=java.util.HashMap.putVal(ILjava/lang/Object;Ljava/lang/Object;ZZ)Ljava/lang/Object; @ 152
Event: 11.276 Thread 0x00007fe9c8011000 Uncommon trap: reason=bimorphic_or_optimized_type_check action=maybe_recompile pc=0x00007fe9b97553f4 method=java.util.HashMap.putVal(ILjava/lang/Object;Ljava/lang/Object;ZZ)Ljava/lang/Object; @ 152
Event: 14.851 Thread 0x00007fe9c8011000 Uncommon trap: reason=unstable_if action=reinterpret pc=0x00007fe9b975a974 method=java.util.HashMap.hash(Ljava/lang/Object;)I @ 1
Event: 14.851 Thread 0x00007fe9c8011000 Uncommon trap: reason=unstable_if action=reinterpret pc=0x00007fe9b9724250 method=java.util.HashMap.hash(Ljava/lang/Object;)I @ 1
Event: 15.089 Thread 0x00007fe9c8011000 Uncommon trap: reason=bimorphic_or_optimized_type_check action=maybe_recompile pc=0x00007fe9b97554f4 method=java.util.HashMap.putVal(ILjava/lang/Object;Ljava/lang/Object;ZZ)Ljava/lang/Object; @ 203
Event: 15.090 Thread 0x00007fe9c8011000 Uncommon trap: reason=bimorphic_or_optimized_type_check action=maybe_recompile pc=0x00007fe9b9755434 method=java.util.HashMap.putVal(ILjava/lang/Object;Ljava/lang/Object;ZZ)Ljava/lang/Object; @ 91
Event: 15.090 Thread 0x00007fe9c8011000 Uncommon trap: reason=bimorphic_or_optimized_type_check action=maybe_recompile pc=0x00007fe9b9755434 method=java.util.HashMap.putVal(ILjava/lang/Object;Ljava/lang/Object;ZZ)Ljava/lang/Object; @ 91
Event: 21.353 Thread 0x00007fe9c8011000 Uncommon trap: reason=unstable_if action=reinterpret pc=0x00007fe9b9766f9c method=java.lang.ref.SoftReference.get()Ljava/lang/Object; @ 6
Event: 22.648 Thread 0x00007fe9c8011000 Uncommon trap: reason=unstable_if action=reinterpret pc=0x00007fe9b97506a8 method=java.lang.String.startsWith(Ljava/lang/String;I)Z @ 1

Classes redefined (0 events):
No events

Internal exceptions (10 events):
Event: 9.661 Thread 0x00007fe9c8011000 Exception <a 'java/lang/ClassNotFoundException': com/sun/org/apache/xerces/internal/impl/xpath/regex/messageProvider> (0x00000000f3bd7b10) thrown at [/build/openjdk-9-argm_o/openjdk-9-9~b114/src/hotspot/src/share/vm/classfile/systemDictionary.cpp, line 22
Event: 9.662 Thread 0x00007fe9c8011000 Exception <a 'java/lang/ClassNotFoundException': com/sun/org/apache/xerces/internal/impl/xpath/regex/messageProvider> (0x00000000f3bd9378) thrown at [/build/openjdk-9-argm_o/openjdk-9-9~b114/src/hotspot/src/share/vm/classfile/systemDictionary.cpp, line 22
Event: 10.265 Thread 0x00007fe9c8011000 Exception <a 'java/lang/ClassNotFoundException': sun/awt/resources/awtProvider> (0x00000000f33924a0) thrown at [/build/openjdk-9-argm_o/openjdk-9-9~b114/src/hotspot/src/share/vm/classfile/systemDictionary.cpp, line 224]
Event: 10.399 Thread 0x00007fe9c8011000 Exception <a 'java/io/FileNotFoundException'> (0x00000000f339e440) thrown at [/build/openjdk-9-argm_o/openjdk-9-9~b114/src/hotspot/src/share/vm/prims/jni.cpp, line 605]
Event: 10.400 Thread 0x00007fe9c8011000 Exception <a 'java/io/FileNotFoundException'> (0x00000000f33a0d28) thrown at [/build/openjdk-9-argm_o/openjdk-9-9~b114/src/hotspot/src/share/vm/prims/jni.cpp, line 605]
Event: 14.850 Thread 0x00007fe9c8011000 Implicit null exception at 0x00007fe9b975a7b5 to 0x00007fe9b975a965
Event: 14.851 Thread 0x00007fe9c8011000 Implicit null exception at 0x00007fe9b97241b8 to 0x00007fe9b9724246
Event: 22.465 Thread 0x00007fe9c8011000 Exception <a 'java/lang/ClassNotFoundException': com/sun/java/swing/plaf/gtk/resources/gtkProvider> (0x00000000f2eeaf00) thrown at [/build/openjdk-9-argm_o/openjdk-9-9~b114/src/hotspot/src/share/vm/classfile/systemDictionary.cpp, line 224]
Event: 22.500 Thread 0x00007fe9c8011000 Exception <a 'java/lang/ClassNotFoundException': com/sun/swing/internal/plaf/synth/resources/synthProvider> (0x00000000f2eeea08) thrown at [/build/openjdk-9-argm_o/openjdk-9-9~b114/src/hotspot/src/share/vm/classfile/systemDictionary.cpp, line 224]
Event: 22.644 Thread 0x00007fe9c8011000 Exception <a 'java/lang/ClassNotFoundException': com/sun/swing/internal/plaf/basic/resources/basicProvider> (0x00000000f2ef1ea8) thrown at [/build/openjdk-9-argm_o/openjdk-9-9~b114/src/hotspot/src/share/vm/classfile/systemDictionary.cpp, line 224]

Events (10 events):
Event: 23.949 loading class sun/font/StrikeCache$SoftDisposerRef
Event: 23.949 loading class sun/font/StrikeCache$DisposableStrike
Event: 23.949 loading class sun/font/StrikeCache$DisposableStrike done
Event: 23.949 loading class sun/font/StrikeCache$SoftDisposerRef done
Event: 23.949 loading class sun/font/FileFontStrike
Event: 23.950 loading class sun/font/FileFontStrike done
Event: 23.951 loading class sun/font/FontScaler
Event: 23.951 loading class sun/font/FontScaler done
Event: 23.951 loading class sun/font/FreetypeFontScaler
Event: 23.952 loading class sun/font/FreetypeFontScaler done


Dynamic libraries:
00400000-00401000 r-xp 00000000 fc:00 9836447                            /usr/lib/jvm/java-9-openjdk-amd64/bin/java
00600000-00601000 r--p 00000000 fc:00 9836447                            /usr/lib/jvm/java-9-openjdk-amd64/bin/java
00601000-00602000 rw-p 00001000 fc:00 9836447                            /usr/lib/jvm/java-9-openjdk-amd64/bin/java
01ae1000-01b02000 rw-p 00000000 00:00 0                                  [heap]
f0000000-f4000000 rw-p 00000000 00:00 0 
f4000000-100000000 ---p 00000000 00:00 0 
100000000-1001e0000 rw-p 00000000 00:00 0 
1001e0000-140000000 ---p 00000000 00:00 0 
7fe92c000000-7fe92c022000 rw-p 00000000 00:00 0 
7fe92c022000-7fe930000000 ---p 00000000 00:00 0 
7fe930b96000-7fe930bd6000 rw-p 00000000 00:00 0 
7fe930bd6000-7fe930d96000 ---p 00000000 00:00 0 
7fe930d96000-7fe930d9b000 r-xp 00000000 fc:00 9830893                    /usr/lib/x86_64-linux-gnu/gdk-pixbuf-2.0/2.10.0/loaders/libpixbufloader-png.so
7fe930d9b000-7fe930f9a000 ---p 00005000 fc:00 9830893                    /usr/lib/x86_64-linux-gnu/gdk-pixbuf-2.0/2.10.0/loaders/libpixbufloader-png.so
7fe930f9a000-7fe930f9b000 r--p 00004000 fc:00 9830893                    /usr/lib/x86_64-linux-gnu/gdk-pixbuf-2.0/2.10.0/loaders/libpixbufloader-png.so
7fe930f9b000-7fe930f9c000 rw-p 00005000 fc:00 9830893                    /usr/lib/x86_64-linux-gnu/gdk-pixbuf-2.0/2.10.0/loaders/libpixbufloader-png.so
7fe930f9c000-7fe930fbb000 r--s 00000000 fc:00 9963461                    /usr/share/mime/mime.cache
7fe930fbb000-7fe930fbc000 ---p 00000000 00:00 0 
7fe930fbc000-7fe9317bc000 rw-p 00000000 00:00 0 
7fe9317bc000-7fe9317bd000 ---p 00000000 00:00 0 
7fe9317bd000-7fe931fbd000 rw-p 00000000 00:00 0 
7fe931fbd000-7fe931fbe000 ---p 00000000 00:00 0 
7fe931fbe000-7fe9327be000 rw-p 00000000 00:00 0 
7fe9327be000-7fe9327f4000 r-xp 00000000 fc:00 9831371                    /usr/lib/x86_64-linux-gnu/gvfs/libgvfscommon.so
7fe9327f4000-7fe9329f4000 ---p 00036000 fc:00 9831371                    /usr/lib/x86_64-linux-gnu/gvfs/libgvfscommon.so
7fe9329f4000-7fe9329f9000 r--p 00036000 fc:00 9831371                    /usr/lib/x86_64-linux-gnu/gvfs/libgvfscommon.so
7fe9329f9000-7fe9329fa000 rw-p 0003b000 fc:00 9831371                    /usr/lib/x86_64-linux-gnu/gvfs/libgvfscommon.so
7fe9329fa000-7fe932a2a000 r-xp 00000000 fc:00 9831365                    /usr/lib/x86_64-linux-gnu/gio/modules/libgvfsdbus.so
7fe932a2a000-7fe932c29000 ---p 00030000 fc:00 9831365                    /usr/lib/x86_64-linux-gnu/gio/modules/libgvfsdbus.so
7fe932c29000-7fe932c2a000 r--p 0002f000 fc:00 9831365                    /usr/lib/x86_64-linux-gnu/gio/modules/libgvfsdbus.so
7fe932c2a000-7fe932c2b000 rw-p 00030000 fc:00 9831365                    /usr/lib/x86_64-linux-gnu/gio/modules/libgvfsdbus.so
7fe932c2b000-7fe932c2c000 rw-p 00000000 00:00 0 
7fe932c2c000-7fe932c92000 r-xp 00000000 fc:00 9577206                    /usr/lib/x86_64-linux-gnu/libibus-1.0.so.5.0.511
7fe932c92000-7fe932e91000 ---p 00066000 fc:00 9577206                    /usr/lib/x86_64-linux-gnu/libibus-1.0.so.5.0.511
7fe932e91000-7fe932e93000 r--p 00065000 fc:00 9577206                    /usr/lib/x86_64-linux-gnu/libibus-1.0.so.5.0.511
7fe932e93000-7fe932e94000 rw-p 00067000 fc:00 9577206                    /usr/lib/x86_64-linux-gnu/libibus-1.0.so.5.0.511
7fe932e94000-7fe932e95000 rw-p 00000000 00:00 0 
7fe932eb3000-7fe932eb9000 r-xp 00000000 fc:00 9833687                    /usr/lib/x86_64-linux-gnu/gtk-2.0/2.10.0/immodules/im-ibus.so
7fe932eb9000-7fe9330b9000 ---p 00006000 fc:00 9833687                    /usr/lib/x86_64-linux-gnu/gtk-2.0/2.10.0/immodules/im-ibus.so
7fe9330b9000-7fe9330ba000 r--p 00006000 fc:00 9833687                    /usr/lib/x86_64-linux-gnu/gtk-2.0/2.10.0/immodules/im-ibus.so
7fe9330ba000-7fe9330bb000 rw-p 00007000 fc:00 9833687                    /usr/lib/x86_64-linux-gnu/gtk-2.0/2.10.0/immodules/im-ibus.so
7fe9330bb000-7fe9330cc000 r--p 00000000 fc:00 10617565                   /usr/share/fonts/opentype/cantarell/Cantarell-Regular.otf
7fe9330cc000-7fe9330dc000 r--s 00000000 fc:00 10618776                   /usr/share/fonts/type1/gsfonts/a010033l.pfb
7fe9330dc000-7fe9330e5000 r--s 00000000 fc:00 10618869                   /usr/share/fonts/type1/gsfonts/s050000l.pfb
7fe9330e5000-7fe9330fe000 r--s 00000000 fc:00 10618782                   /usr/share/fonts/type1/gsfonts/b018012l.pfb
7fe9330fe000-7fe933114000 r--s 00000000 fc:00 10618842                   /usr/share/fonts/type1/gsfonts/n021024l.pfb
7fe933114000-7fe93312f000 r--s 00000000 fc:00 10618860                   /usr/share/fonts/type1/gsfonts/p052004l.pfb
7fe93312f000-7fe933140000 r--s 00000000 fc:00 10618827                   /usr/share/fonts/type1/gsfonts/n019063l.pfb
7fe933140000-7fe93315a000 r--s 00000000 fc:00 10618794                   /usr/share/fonts/type1/gsfonts/c059013l.pfb
7fe93315a000-7fe933171000 r--s 00000000 fc:00 10618872                   /usr/share/fonts/type1/gsfonts/z003034l.pfb
7fe933171000-7fe933183000 r--s 00000000 fc:00 10618824                   /usr/share/fonts/type1/gsfonts/n019044l.pfb
7fe933183000-7fe933199000 r--s 00000000 fc:00 10618851                   /usr/share/fonts/type1/gsfonts/n022023l.pfb
7fe933199000-7fe9331ab000 r--s 00000000 fc:00 10618791                   /usr/share/fonts/type1/gsfonts/b018035l.pfb
7fe9331ab000-7fe9331bc000 r--s 00000000 fc:00 10618818                   /usr/share/fonts/type1/gsfonts/n019024l.pfb
7fe9331bc000-7fe9331c8000 r--s 00000000 fc:00 10618806                   /usr/share/fonts/type1/gsfonts/d050000l.pfb
7fe9331c8000-7fe9331e0000 r--s 00000000 fc:00 10618803                   /usr/share/fonts/type1/gsfonts/c059036l.pfb
7fe9331e0000-7fe9331f9000 r--s 00000000 fc:00 10618833                   /usr/share/fonts/type1/gsfonts/n021003l.pfb
7fe9331f9000-7fe93320c000 r--s 00000000 fc:00 10618830                   /usr/share/fonts/type1/gsfonts/n019064l.pfb
7fe93320c000-7fe93321e000 r--s 00000000 fc:00 10618821                   /usr/share/fonts/type1/gsfonts/n019043l.pfb
7fe93321e000-7fe933239000 r--s 00000000 fc:00 10618863                   /usr/share/fonts/type1/gsfonts/p052023l.pfb
7fe933239000-7fe93324f000 r--s 00000000 fc:00 10618854                   /usr/share/fonts/type1/gsfonts/n022024l.pfb
7fe93324f000-7fe933266000 r--s 00000000 fc:00 10618839                   /usr/share/fonts/type1/gsfonts/n021023l.pfb
7fe933266000-7fe93327a000 r--s 00000000 fc:00 10618809                   /usr/share/fonts/type1/gsfonts/n019003l.pfb
7fe93327a000-7fe933295000 r--s 00000000 fc:00 10618857                   /usr/share/fonts/type1/gsfonts/p052003l.pfb
7fe933295000-7fe93329c000 r-xp 00000000 fc:00 9577451                    /usr/lib/x86_64-linux-gnu/libogg.so.0.8.2
7fe93329c000-7fe93349c000 ---p 00007000 fc:00 9577451                    /usr/lib/x86_64-linux-gnu/libogg.so.0.8.2
7fe93349c000-7fe93349d000 r--p 00007000 fc:00 9577451                    /usr/lib/x86_64-linux-gnu/libogg.so.0.8.2
7fe93349d000-7fe93349e000 rw-p 00008000 fc:00 9577451                    /usr/lib/x86_64-linux-gnu/libogg.so.0.8.2
7fe93349e000-7fe9334c8000 r-xp 00000000 fc:00 9577795                    /usr/lib/x86_64-linux-gnu/libvorbis.so.0.4.8
7fe9334c8000-7fe9336c8000 ---p 0002a000 fc:00 9577795                    /usr/lib/x86_64-linux-gnu/libvorbis.so.0.4.8
7fe9336c8000-7fe9336c9000 r--p 0002a000 fc:00 9577795                    /usr/lib/x86_64-linux-gnu/libvorbis.so.0.4.8
7fe9336c9000-7fe9336ca000 rw-p 0002b000 fc:00 9577795                    /usr/lib/x86_64-linux-gnu/libvorbis.so.0.4.8
7fe9336ca000-7fe9336d3000 r-xp 00000000 fc:00 9577314                    /usr/lib/x86_64-linux-gnu/libltdl.so.7.3.1
7fe9336d3000-7fe9338d2000 ---p 00009000 fc:00 9577314                    /usr/lib/x86_64-linux-gnu/libltdl.so.7.3.1
7fe9338d2000-7fe9338d3000 r--p 00008000 fc:00 9577314                    /usr/lib/x86_64-linux-gnu/libltdl.so.7.3.1
7fe9338d3000-7fe9338d4000 rw-p 00009000 fc:00 9577314                    /usr/lib/x86_64-linux-gnu/libltdl.so.7.3.1
7fe9338d4000-7fe9338e8000 r-xp 00000000 fc:00 9577699                    /usr/lib/x86_64-linux-gnu/libtdb.so.1.3.8
7fe9338e8000-7fe933ae7000 ---p 00014000 fc:00 9577699                    /usr/lib/x86_64-linux-gnu/libtdb.so.1.3.8
7fe933ae7000-7fe933ae8000 r--p 00013000 fc:00 9577699                    /usr/lib/x86_64-linux-gnu/libtdb.so.1.3.8
7fe933ae8000-7fe933ae9000 rw-p 00014000 fc:00 9577699                    /usr/lib/x86_64-linux-gnu/libtdb.so.1.3.8
7fe933ae9000-7fe933af0000 r-xp 00000000 fc:00 9577799                    /usr/lib/x86_64-linux-gnu/libvorbisfile.so.3.3.7
7fe933af0000-7fe933cf0000 ---p 00007000 fc:00 9577799                    /usr/lib/x86_64-linux-gnu/libvorbisfile.so.3.3.7
7fe933cf0000-7fe933cf1000 r--p 00007000 fc:00 9577799                    /usr/lib/x86_64-linux-gnu/libvorbisfile.so.3.3.7
7fe933cf1000-7fe933cf2000 rw-p 00008000 fc:00 9577799                    /usr/lib/x86_64-linux-gnu/libvorbisfile.so.3.3.7
7fe933cf2000-7fe933d02000 r-xp 00000000 fc:00 9576713                    /usr/lib/x86_64-linux-gnu/libcanberra.so.0.2.5
7fe933d02000-7fe933f01000 ---p 00010000 fc:00 9576713                    /usr/lib/x86_64-linux-gnu/libcanberra.so.0.2.5
7fe933f01000-7fe933f02000 r--p 0000f000 fc:00 9576713                    /usr/lib/x86_64-linux-gnu/libcanberra.so.0.2.5
7fe933f02000-7fe933f03000 rw-p 00010000 fc:00 9576713                    /usr/lib/x86_64-linux-gnu/libcanberra.so.0.2.5
7fe933f03000-7fe933f07000 r-xp 00000000 fc:00 9576709                    /usr/lib/x86_64-linux-gnu/libcanberra-gtk.so.0.1.9
7fe933f07000-7fe934106000 ---p 00004000 fc:00 9576709                    /usr/lib/x86_64-linux-gnu/libcanberra-gtk.so.0.1.9
7fe934106000-7fe934107000 r--p 00003000 fc:00 9576709                    /usr/lib/x86_64-linux-gnu/libcanberra-gtk.so.0.1.9
7fe934107000-7fe934108000 rw-p 00004000 fc:00 9576709                    /usr/lib/x86_64-linux-gnu/libcanberra-gtk.so.0.1.9
7fe934108000-7fe93410d000 r-xp 00000000 fc:00 9833701                    /usr/lib/x86_64-linux-gnu/gtk-2.0/modules/libcanberra-gtk-module.so
7fe93410d000-7fe93430c000 ---p 00005000 fc:00 9833701                    /usr/lib/x86_64-linux-gnu/gtk-2.0/modules/libcanberra-gtk-module.so
7fe93430c000-7fe93430d000 r--p 00004000 fc:00 9833701                    /usr/lib/x86_64-linux-gnu/gtk-2.0/modules/libcanberra-gtk-module.so
7fe93430d000-7fe93430e000 rw-p 00005000 fc:00 9833701                    /usr/lib/x86_64-linux-gnu/gtk-2.0/modules/libcanberra-gtk-module.so
7fe93430e000-7fe934311000 r-xp 00000000 fc:00 9833681                    /usr/lib/x86_64-linux-gnu/gtk-2.0/2.10.0/engines/libadwaita.so
7fe934311000-7fe934510000 ---p 00003000 fc:00 9833681                    /usr/lib/x86_64-linux-gnu/gtk-2.0/2.10.0/engines/libadwaita.so
7fe934510000-7fe934511000 r--p 00002000 fc:00 9833681                    /usr/lib/x86_64-linux-gnu/gtk-2.0/2.10.0/engines/libadwaita.so
7fe934511000-7fe934512000 rw-p 00003000 fc:00 9833681                    /usr/lib/x86_64-linux-gnu/gtk-2.0/2.10.0/engines/libadwaita.so
7fe934512000-7fe93451c000 r-xp 00000000 fc:00 9833683                    /usr/lib/x86_64-linux-gnu/gtk-2.0/2.10.0/engines/libpixmap.so
7fe93451c000-7fe93471b000 ---p 0000a000 fc:00 9833683                    /usr/lib/x86_64-linux-gnu/gtk-2.0/2.10.0/engines/libpixmap.so
7fe93471b000-7fe93471c000 r--p 00009000 fc:00 9833683                    /usr/lib/x86_64-linux-gnu/gtk-2.0/2.10.0/engines/libpixmap.so
7fe93471c000-7fe93471d000 rw-p 0000a000 fc:00 9833683                    /usr/lib/x86_64-linux-gnu/gtk-2.0/2.10.0/engines/libpixmap.so
7fe93471d000-7fe93471e000 r-xp 00000000 fc:00 9568660                    /usr/lib/x86_64-linux-gnu/libgthread-2.0.so.0.4800.1
7fe93471e000-7fe93491d000 ---p 00001000 fc:00 9568660                    /usr/lib/x86_64-linux-gnu/libgthread-2.0.so.0.4800.1
7fe93491d000-7fe93491e000 r--p 00000000 fc:00 9568660                    /usr/lib/x86_64-linux-gnu/libgthread-2.0.so.0.4800.1
7fe93491e000-7fe93491f000 rw-p 00001000 fc:00 9568660                    /usr/lib/x86_64-linux-gnu/libgthread-2.0.so.0.4800.1
7fe93491f000-7fe934b1f000 rw-p 00000000 00:00 0 
7fe934b1f000-7fe934b25000 r-xp 00000000 fc:00 9576803                    /usr/lib/x86_64-linux-gnu/libdatrie.so.1.3.3
7fe934b25000-7fe934d25000 ---p 00006000 fc:00 9576803                    /usr/lib/x86_64-linux-gnu/libdatrie.so.1.3.3
7fe934d25000-7fe934d26000 r--p 00006000 fc:00 9576803                    /usr/lib/x86_64-linux-gnu/libdatrie.so.1.3.3
7fe934d26000-7fe934d27000 rw-p 00007000 fc:00 9576803                    /usr/lib/x86_64-linux-gnu/libdatrie.so.1.3.3
7fe934d27000-7fe934d4a000 r-xp 00000000 fc:00 9577087                    /usr/lib/x86_64-linux-gnu/libgraphite2.so.3.0.1
7fe934d4a000-7fe934f49000 ---p 00023000 fc:00 9577087                    /usr/lib/x86_64-linux-gnu/libgraphite2.so.3.0.1
7fe934f49000-7fe934f4b000 r--p 00022000 fc:00 9577087                    /usr/lib/x86_64-linux-gnu/libgraphite2.so.3.0.1
7fe934f4b000-7fe934f4c000 rw-p 00024000 fc:00 9577087                    /usr/lib/x86_64-linux-gnu/libgraphite2.so.3.0.1
7fe934f4c000-7fe934f72000 r-xp 00000000 fc:00 30016793                   /lib/x86_64-linux-gnu/libexpat.so.1.6.0
7fe934f72000-7fe935172000 ---p 00026000 fc:00 30016793                   /lib/x86_64-linux-gnu/libexpat.so.1.6.0
7fe935172000-7fe935174000 r--p 00026000 fc:00 30016793                   /lib/x86_64-linux-gnu/libexpat.so.1.6.0
7fe935174000-7fe935175000 rw-p 00028000 fc:00 30016793                   /lib/x86_64-linux-gnu/libexpat.so.1.6.0
7fe935175000-7fe9351e3000 r-xp 00000000 fc:00 30020069                   /lib/x86_64-linux-gnu/libpcre.so.3.13.2
7fe9351e3000-7fe9353e3000 ---p 0006e000 fc:00 30020069                   /lib/x86_64-linux-gnu/libpcre.so.3.13.2
7fe9353e3000-7fe9353e4000 r--p 0006e000 fc:00 30020069                   /lib/x86_64-linux-gnu/libpcre.so.3.13.2
7fe9353e4000-7fe9353e5000 rw-p 0006f000 fc:00 30020069                   /lib/x86_64-linux-gnu/libpcre.so.3.13.2
7fe9353e5000-7fe9353ec000 r-xp 00000000 fc:00 9576922                    /usr/lib/x86_64-linux-gnu/libffi.so.6.0.4
7fe9353ec000-7fe9355eb000 ---p 00007000 fc:00 9576922                    /usr/lib/x86_64-linux-gnu/libffi.so.6.0.4
7fe9355eb000-7fe9355ec000 r--p 00006000 fc:00 9576922                    /usr/lib/x86_64-linux-gnu/libffi.so.6.0.4
7fe9355ec000-7fe9355ed000 rw-p 00007000 fc:00 9576922                    /usr/lib/x86_64-linux-gnu/libffi.so.6.0.4
7fe9355ed000-7fe9355f5000 r-xp 00000000 fc:00 9577711                    /usr/lib/x86_64-linux-gnu/libthai.so.0.2.4
7fe9355f5000-7fe9357f4000 ---p 00008000 fc:00 9577711                    /usr/lib/x86_64-linux-gnu/libthai.so.0.2.4
7fe9357f4000-7fe9357f5000 r--p 00007000 fc:00 9577711                    /usr/lib/x86_64-linux-gnu/libthai.so.0.2.4
7fe9357f5000-7fe9357f6000 rw-p 00008000 fc:00 9577711                    /usr/lib/x86_64-linux-gnu/libthai.so.0.2.4
7fe9357f6000-7fe935852000 r-xp 00000000 fc:00 9576052                    /usr/lib/x86_64-linux-gnu/libharfbuzz.so.0.10000.1
7fe935852000-7fe935a52000 ---p 0005c000 fc:00 9576052                    /usr/lib/x86_64-linux-gnu/libharfbuzz.so.0.10000.1
7fe935a52000-7fe935a53000 r--p 0005c000 fc:00 9576052                    /usr/lib/x86_64-linux-gnu/libharfbuzz.so.0.10000.1
7fe935a53000-7fe935a54000 rw-p 0005d000 fc:00 9576052                    /usr/lib/x86_64-linux-gnu/libharfbuzz.so.0.10000.1
7fe935a54000-7fe935a6b000 r-xp 00000000 fc:00 30020092                   /lib/x86_64-linux-gnu/libresolv-2.23.so
7fe935a6b000-7fe935c6b000 ---p 00017000 fc:00 30020092                   /lib/x86_64-linux-gnu/libresolv-2.23.so
7fe935c6b000-7fe935c6c000 r--p 00017000 fc:00 30020092                   /lib/x86_64-linux-gnu/libresolv-2.23.so
7fe935c6c000-7fe935c6d000 rw-p 00018000 fc:00 30020092                   /lib/x86_64-linux-gnu/libresolv-2.23.so
7fe935c6d000-7fe935c6f000 rw-p 00000000 00:00 0 
7fe935c6f000-7fe935c8e000 r-xp 00000000 fc:00 30020098                   /lib/x86_64-linux-gnu/libselinux.so.1
7fe935c8e000-7fe935e8d000 ---p 0001f000 fc:00 30020098                   /lib/x86_64-linux-gnu/libselinux.so.1
7fe935e8d000-7fe935e8e000 r--p 0001e000 fc:00 30020098                   /lib/x86_64-linux-gnu/libselinux.so.1
7fe935e8e000-7fe935e8f000 rw-p 0001f000 fc:00 30020098                   /lib/x86_64-linux-gnu/libselinux.so.1
7fe935e8f000-7fe935e91000 rw-p 00000000 00:00 0 
7fe935e91000-7fe935e99000 r-xp 00000000 fc:00 9577868                    /usr/lib/x86_64-linux-gnu/libxcb-render.so.0.0.0
7fe935e99000-7fe936099000 ---p 00008000 fc:00 9577868                    /usr/lib/x86_64-linux-gnu/libxcb-render.so.0.0.0
7fe936099000-7fe93609a000 r--p 00008000 fc:00 9577868                    /usr/lib/x86_64-linux-gnu/libxcb-render.so.0.0.0
7fe93609a000-7fe93609b000 rw-p 00009000 fc:00 9577868                    /usr/lib/x86_64-linux-gnu/libxcb-render.so.0.0.0
7fe93609b000-7fe93609d000 r-xp 00000000 fc:00 9577872                    /usr/lib/x86_64-linux-gnu/libxcb-shm.so.0.0.0
7fe93609d000-7fe93629d000 ---p 00002000 fc:00 9577872                    /usr/lib/x86_64-linux-gnu/libxcb-shm.so.0.0.0
7fe93629d000-7fe93629e000 r--p 00002000 fc:00 9577872                    /usr/lib/x86_64-linux-gnu/libxcb-shm.so.0.0.0
7fe93629e000-7fe93629f000 rw-p 00003000 fc:00 9577872                    /usr/lib/x86_64-linux-gnu/libxcb-shm.so.0.0.0
7fe93629f000-7fe93633e000 r-xp 00000000 fc:00 9577508                    /usr/lib/x86_64-linux-gnu/libpixman-1.so.0.33.6
7fe93633e000-7fe93653e000 ---p 0009f000 fc:00 9577508                    /usr/lib/x86_64-linux-gnu/libpixman-1.so.0.33.6
7fe93653e000-7fe936546000 r--p 0009f000 fc:00 9577508                    /usr/lib/x86_64-linux-gnu/libpixman-1.so.0.33.6
7fe936546000-7fe936547000 rw-p 000a7000 fc:00 9577508                    /usr/lib/x86_64-linux-gnu/libpixman-1.so.0.33.6
7fe936547000-7fe936549000 r-xp 00000000 fc:00 9576546                    /usr/lib/x86_64-linux-gnu/libXdamage.so.1.1.0
7fe936549000-7fe936748000 ---p 00002000 fc:00 9576546                    /usr/lib/x86_64-linux-gnu/libXdamage.so.1.1.0
7fe936748000-7fe936749000 r--p 00001000 fc:00 9576546                    /usr/lib/x86_64-linux-gnu/libXdamage.so.1.1.0
7fe936749000-7fe93674a000 rw-p 00002000 fc:00 9576546                    /usr/lib/x86_64-linux-gnu/libXdamage.so.1.1.0
7fe93674a000-7fe93674c000 r-xp 00000000 fc:00 9576542                    /usr/lib/x86_64-linux-gnu/libXcomposite.so.1.0.0
7fe93674c000-7fe93694b000 ---p 00002000 fc:00 9576542                    /usr/lib/x86_64-linux-gnu/libXcomposite.so.1.0.0
7fe93694b000-7fe93694c000 r--p 00001000 fc:00 9576542                    /usr/lib/x86_64-linux-gnu/libXcomposite.so.1.0.0
7fe93694c000-7fe93694d000 rw-p 00002000 fc:00 9576542                    /usr/lib/x86_64-linux-gnu/libXcomposite.so.1.0.0
7fe93694d000-7fe936957000 r-xp 00000000 fc:00 9576568                    /usr/lib/x86_64-linux-gnu/libXrandr.so.2.2.0
7fe936957000-7fe936b56000 ---p 0000a000 fc:00 9576568                    /usr/lib/x86_64-linux-gnu/libXrandr.so.2.2.0
7fe936b56000-7fe936b57000 r--p 00009000 fc:00 9576568                    /usr/lib/x86_64-linux-gnu/libXrandr.so.2.2.0
7fe936b57000-7fe936b58000 rw-p 0000a000 fc:00 9576568                    /usr/lib/x86_64-linux-gnu/libXrandr.so.2.2.0
7fe936b58000-7fe936b5a000 r-xp 00000000 fc:00 9576560                    /usr/lib/x86_64-linux-gnu/libXinerama.so.1.0.0
7fe936b5a000-7fe936d59000 ---p 00002000 fc:00 9576560                    /usr/lib/x86_64-linux-gnu/libXinerama.so.1.0.0
7fe936d59000-7fe936d5a000 r--p 00001000 fc:00 9576560                    /usr/lib/x86_64-linux-gnu/libXinerama.so.1.0.0
7fe936d5a000-7fe936d5b000 rw-p 00002000 fc:00 9576560                    /usr/lib/x86_64-linux-gnu/libXinerama.so.1.0.0
7fe936d5b000-7fe936d98000 r-xp 00000000 fc:00 9568387                    /usr/lib/x86_64-linux-gnu/libfontconfig.so.1.9.0
7fe936d98000-7fe936f97000 ---p 0003d000 fc:00 9568387                    /usr/lib/x86_64-linux-gnu/libfontconfig.so.1.9.0
7fe936f97000-7fe936f99000 r--p 0003c000 fc:00 9568387                    /usr/lib/x86_64-linux-gnu/libfontconfig.so.1.9.0
7fe936f99000-7fe936f9e000 rw-p 0003e000 fc:00 9568387                    /usr/lib/x86_64-linux-gnu/libfontconfig.so.1.9.0
7fe936f9e000-7fe9370ad000 r-xp 00000000 fc:00 30016794                   /lib/x86_64-linux-gnu/libglib-2.0.so.0.4800.1
7fe9370ad000-7fe9372ac000 ---p 0010f000 fc:00 30016794                   /lib/x86_64-linux-gnu/libglib-2.0.so.0.4800.1
7fe9372ac000-7fe9372ad000 r--p 0010e000 fc:00 30016794                   /lib/x86_64-linux-gnu/libglib-2.0.so.0.4800.1
7fe9372ad000-7fe9372ae000 rw-p 0010f000 fc:00 30016794                   /lib/x86_64-linux-gnu/libglib-2.0.so.0.4800.1
7fe9372ae000-7fe9372af000 rw-p 00000000 00:00 0 
7fe9372af000-7fe937301000 r-xp 00000000 fc:00 9568717                    /usr/lib/x86_64-linux-gnu/libgobject-2.0.so.0.4800.1
7fe937301000-7fe937500000 ---p 00052000 fc:00 9568717                    /usr/lib/x86_64-linux-gnu/libgobject-2.0.so.0.4800.1
7fe937500000-7fe937501000 r--p 00051000 fc:00 9568717                    /usr/lib/x86_64-linux-gnu/libgobject-2.0.so.0.4800.1
7fe937501000-7fe937502000 rw-p 00052000 fc:00 9568717                    /usr/lib/x86_64-linux-gnu/libgobject-2.0.so.0.4800.1
7fe937502000-7fe93754b000 r-xp 00000000 fc:00 9577478                    /usr/lib/x86_64-linux-gnu/libpango-1.0.so.0.3800.1
7fe93754b000-7fe93774b000 ---p 00049000 fc:00 9577478                    /usr/lib/x86_64-linux-gnu/libpango-1.0.so.0.3800.1
7fe93774b000-7fe93774d000 r--p 00049000 fc:00 9577478                    /usr/lib/x86_64-linux-gnu/libpango-1.0.so.0.3800.1
7fe93774d000-7fe93774e000 rw-p 0004b000 fc:00 9577478                    /usr/lib/x86_64-linux-gnu/libpango-1.0.so.0.3800.1
7fe93774e000-7fe937762000 r-xp 00000000 fc:00 9577482                    /usr/lib/x86_64-linux-gnu/libpangoft2-1.0.so.0.3800.1
7fe937762000-7fe937962000 ---p 00014000 fc:00 9577482                    /usr/lib/x86_64-linux-gnu/libpangoft2-1.0.so.0.3800.1
7fe937962000-7fe937963000 r--p 00014000 fc:00 9577482                    /usr/lib/x86_64-linux-gnu/libpangoft2-1.0.so.0.3800.1
7fe937963000-7fe937964000 rw-p 00015000 fc:00 9577482                    /usr/lib/x86_64-linux-gnu/libpangoft2-1.0.so.0.3800.1
7fe937964000-7fe937ae4000 r-xp 00000000 fc:00 9568712                    /usr/lib/x86_64-linux-gnu/libgio-2.0.so.0.4800.1
7fe937ae4000-7fe937ce4000 ---p 00180000 fc:00 9568712                    /usr/lib/x86_64-linux-gnu/libgio-2.0.so.0.4800.1
7fe937ce4000-7fe937ce8000 r--p 00180000 fc:00 9568712                    /usr/lib/x86_64-linux-gnu/libgio-2.0.so.0.4800.1
7fe937ce8000-7fe937cea000 rw-p 00184000 fc:00 9568712                    /usr/lib/x86_64-linux-gnu/libgio-2.0.so.0.4800.1
7fe937cea000-7fe937cec000 rw-p 00000000 00:00 0 
7fe937cec000-7fe937dfa000 r-xp 00000000 fc:00 9576702                    /usr/lib/x86_64-linux-gnu/libcairo.so.2.11400.6
7fe937dfa000-7fe937ffa000 ---p 0010e000 fc:00 9576702                    /usr/lib/x86_64-linux-gnu/libcairo.so.2.11400.6
7fe937ffa000-7fe937ffd000 r--p 0010e000 fc:00 9576702                    /usr/lib/x86_64-linux-gnu/libcairo.so.2.11400.6
7fe937ffd000-7fe937ffe000 rw-p 00111000 fc:00 9576702                    /usr/lib/x86_64-linux-gnu/libcairo.so.2.11400.6
7fe937ffe000-7fe938000000 rw-p 00000000 00:00 0 
7fe938000000-7fe938021000 rw-p 00000000 00:00 0 
7fe938021000-7fe93c000000 ---p 00000000 00:00 0 
7fe93c000000-7fe93c021000 rw-p 00000000 00:00 0 
7fe93c021000-7fe940000000 ---p 00000000 00:00 0 
7fe940000000-7fe940021000 rw-p 00000000 00:00 0 
7fe940021000-7fe944000000 ---p 00000000 00:00 0 
7fe944000000-7fe944021000 rw-p 00000000 00:00 0 
7fe944021000-7fe948000000 ---p 00000000 00:00 0 
7fe948000000-7fe948021000 rw-p 00000000 00:00 0 
7fe948021000-7fe94c000000 ---p 00000000 00:00 0 
7fe94c000000-7fe94c021000 rw-p 00000000 00:00 0 
7fe94c021000-7fe950000000 ---p 00000000 00:00 0 
7fe950000000-7fe950021000 rw-p 00000000 00:00 0 
7fe950021000-7fe954000000 ---p 00000000 00:00 0 
7fe954000000-7fe954021000 rw-p 00000000 00:00 0 
7fe954021000-7fe958000000 ---p 00000000 00:00 0 
7fe958000000-7fe958015000 r--s 00000000 fc:00 10618788                   /usr/share/fonts/type1/gsfonts/b018032l.pfb
7fe958015000-7fe958031000 r--s 00000000 fc:00 10618866                   /usr/share/fonts/type1/gsfonts/p052024l.pfb
7fe958031000-7fe958052000 r-xp 00000000 fc:00 9568820                    /usr/lib/x86_64-linux-gnu/libgdk_pixbuf-2.0.so.0.3200.2
7fe958052000-7fe958251000 ---p 00021000 fc:00 9568820                    /usr/lib/x86_64-linux-gnu/libgdk_pixbuf-2.0.so.0.3200.2
7fe958251000-7fe958252000 r--p 00020000 fc:00 9568820                    /usr/lib/x86_64-linux-gnu/libgdk_pixbuf-2.0.so.0.3200.2
7fe958252000-7fe958253000 rw-p 00021000 fc:00 9568820                    /usr/lib/x86_64-linux-gnu/libgdk_pixbuf-2.0.so.0.3200.2
7fe958253000-7fe958275000 r-xp 00000000 fc:00 9576638                    /usr/lib/x86_64-linux-gnu/libatk-1.0.so.0.21809.1
7fe958275000-7fe958474000 ---p 00022000 fc:00 9576638                    /usr/lib/x86_64-linux-gnu/libatk-1.0.so.0.21809.1
7fe958474000-7fe958477000 r--p 00021000 fc:00 9576638                    /usr/lib/x86_64-linux-gnu/libatk-1.0.so.0.21809.1
7fe958477000-7fe958478000 rw-p 00024000 fc:00 9576638                    /usr/lib/x86_64-linux-gnu/libatk-1.0.so.0.21809.1
7fe958478000-7fe958484000 r-xp 00000000 fc:00 9577480                    /usr/lib/x86_64-linux-gnu/libpangocairo-1.0.so.0.3800.1
7fe958484000-7fe958683000 ---p 0000c000 fc:00 9577480                    /usr/lib/x86_64-linux-gnu/libpangocairo-1.0.so.0.3800.1
7fe958683000-7fe958684000 r--p 0000b000 fc:00 9577480                    /usr/lib/x86_64-linux-gnu/libpangocairo-1.0.so.0.3800.1
7fe958684000-7fe958685000 rw-p 0000c000 fc:00 9577480                    /usr/lib/x86_64-linux-gnu/libpangocairo-1.0.so.0.3800.1
7fe958685000-7fe958688000 r-xp 00000000 fc:00 9568689                    /usr/lib/x86_64-linux-gnu/libgmodule-2.0.so.0.4800.1
7fe958688000-7fe958887000 ---p 00003000 fc:00 9568689                    /usr/lib/x86_64-linux-gnu/libgmodule-2.0.so.0.4800.1
7fe958887000-7fe958888000 r--p 00002000 fc:00 9568689                    /usr/lib/x86_64-linux-gnu/libgmodule-2.0.so.0.4800.1
7fe958888000-7fe958889000 rw-p 00003000 fc:00 9568689                    /usr/lib/x86_64-linux-gnu/libgmodule-2.0.so.0.4800.1
7fe958889000-7fe958939000 r-xp 00000000 fc:00 9576993                    /usr/lib/x86_64-linux-gnu/libgdk-x11-2.0.so.0.2400.30
7fe958939000-7fe958b38000 ---p 000b0000 fc:00 9576993                    /usr/lib/x86_64-linux-gnu/libgdk-x11-2.0.so.0.2400.30
7fe958b38000-7fe958b3c000 r--p 000af000 fc:00 9576993                    /usr/lib/x86_64-linux-gnu/libgdk-x11-2.0.so.0.2400.30
7fe958b3c000-7fe958b3e000 rw-p 000b3000 fc:00 9576993                    /usr/lib/x86_64-linux-gnu/libgdk-x11-2.0.so.0.2400.30
7fe958b3e000-7fe958f7c000 r-xp 00000000 fc:00 9577149                    /usr/lib/x86_64-linux-gnu/libgtk-x11-2.0.so.0.2400.30
7fe958f7c000-7fe95917b000 ---p 0043e000 fc:00 9577149                    /usr/lib/x86_64-linux-gnu/libgtk-x11-2.0.so.0.2400.30
7fe95917b000-7fe959182000 r--p 0043d000 fc:00 9577149                    /usr/lib/x86_64-linux-gnu/libgtk-x11-2.0.so.0.2400.30
7fe959182000-7fe959186000 rw-p 00444000 fc:00 9577149                    /usr/lib/x86_64-linux-gnu/libgtk-x11-2.0.so.0.2400.30
7fe959186000-7fe959189000 rw-p 00000000 00:00 0 
7fe959189000-7fe95918d000 ---p 00000000 00:00 0 
7fe95918d000-7fe95928a000 rw-p 00000000 00:00 0 
7fe95928a000-7fe95928e000 ---p 00000000 00:00 0 
7fe95928e000-7fe95938b000 rw-p 00000000 00:00 0 
7fe95938b000-7fe959390000 r-xp 00000000 fc:00 9576552                    /usr/lib/x86_64-linux-gnu/libXfixes.so.3.1.0
7fe959390000-7fe95958f000 ---p 00005000 fc:00 9576552                    /usr/lib/x86_64-linux-gnu/libXfixes.so.3.1.0
7fe95958f000-7fe959590000 r--p 00004000 fc:00 9576552                    /usr/lib/x86_64-linux-gnu/libXfixes.so.3.1.0
7fe959590000-7fe959591000 rw-p 00005000 fc:00 9576552                    /usr/lib/x86_64-linux-gnu/libXfixes.so.3.1.0
7fe959591000-7fe95959a000 r-xp 00000000 fc:00 9576544                    /usr/lib/x86_64-linux-gnu/libXcursor.so.1.0.2
7fe95959a000-7fe959799000 ---p 00009000 fc:00 9576544                    /usr/lib/x86_64-linux-gnu/libXcursor.so.1.0.2
7fe959799000-7fe95979a000 r--p 00008000 fc:00 9576544                    /usr/lib/x86_64-linux-gnu/libXcursor.so.1.0.2
7fe95979a000-7fe95979b000 rw-p 00009000 fc:00 9576544                    /usr/lib/x86_64-linux-gnu/libXcursor.so.1.0.2
7fe95979b000-7fe9597bf000 r-xp 00000000 fc:00 30020081                   /lib/x86_64-linux-gnu/libpng12.so.0.54.0
7fe9597bf000-7fe9599be000 ---p 00024000 fc:00 30020081                   /lib/x86_64-linux-gnu/libpng12.so.0.54.0
7fe9599be000-7fe9599bf000 r--p 00023000 fc:00 30020081                   /lib/x86_64-linux-gnu/libpng12.so.0.54.0
7fe9599bf000-7fe9599c0000 rw-p 00024000 fc:00 30020081                   /lib/x86_64-linux-gnu/libpng12.so.0.54.0
7fe9599c0000-7fe959a64000 r-xp 00000000 fc:00 9576954                    /usr/lib/x86_64-linux-gnu/libfreetype.so.6.12.1
7fe959a64000-7fe959c63000 ---p 000a4000 fc:00 9576954                    /usr/lib/x86_64-linux-gnu/libfreetype.so.6.12.1
7fe959c63000-7fe959c69000 r--p 000a3000 fc:00 9576954                    /usr/lib/x86_64-linux-gnu/libfreetype.so.6.12.1
7fe959c69000-7fe959c6a000 rw-p 000a9000 fc:00 9576954                    /usr/lib/x86_64-linux-gnu/libfreetype.so.6.12.1
7fe959c6a000-7fe959d30000 r-xp 00000000 fc:00 9836467                    /usr/lib/jvm/java-9-openjdk-amd64/lib/amd64/libfontmanager.so
7fe959d30000-7fe959f2f000 ---p 000c6000 fc:00 9836467                    /usr/lib/jvm/java-9-openjdk-amd64/lib/amd64/libfontmanager.so
7fe959f2f000-7fe959f32000 r--p 000c5000 fc:00 9836467                    /usr/lib/jvm/java-9-openjdk-amd64/lib/amd64/libfontmanager.so
7fe959f32000-7fe959f33000 rw-p 000c8000 fc:00 9836467                    /usr/lib/jvm/java-9-openjdk-amd64/lib/amd64/libfontmanager.so
7fe959f33000-7fe95a134000 rw-p 00000000 00:00 0 
7fe95a134000-7fe95a139000 r-xp 00000000 fc:00 9576548                    /usr/lib/x86_64-linux-gnu/libXdmcp.so.6.0.0
7fe95a139000-7fe95a338000 ---p 00005000 fc:00 9576548                    /usr/lib/x86_64-linux-gnu/libXdmcp.so.6.0.0
7fe95a338000-7fe95a339000 r--p 00004000 fc:00 9576548                    /usr/lib/x86_64-linux-gnu/libXdmcp.so.6.0.0
7fe95a339000-7fe95a33a000 rw-p 00005000 fc:00 9576548                    /usr/lib/x86_64-linux-gnu/libXdmcp.so.6.0.0
7fe95a33a000-7fe95a33c000 r-xp 00000000 fc:00 9576537                    /usr/lib/x86_64-linux-gnu/libXau.so.6.0.0
7fe95a33c000-7fe95a53c000 ---p 00002000 fc:00 9576537                    /usr/lib/x86_64-linux-gnu/libXau.so.6.0.0
7fe95a53c000-7fe95a53d000 r--p 00002000 fc:00 9576537                    /usr/lib/x86_64-linux-gnu/libXau.so.6.0.0
7fe95a53d000-7fe95a53e000 rw-p 00003000 fc:00 9576537                    /usr/lib/x86_64-linux-gnu/libXau.so.6.0.0
7fe95a53e000-7fe95a55f000 r-xp 00000000 fc:00 9577886                    /usr/lib/x86_64-linux-gnu/libxcb.so.1.1.0
7fe95a55f000-7fe95a75e000 ---p 00021000 fc:00 9577886                    /usr/lib/x86_64-linux-gnu/libxcb.so.1.1.0
7fe95a75e000-7fe95a75f000 r--p 00020000 fc:00 9577886                    /usr/lib/x86_64-linux-gnu/libxcb.so.1.1.0
7fe95a75f000-7fe95a760000 rw-p 00021000 fc:00 9577886                    /usr/lib/x86_64-linux-gnu/libxcb.so.1.1.0
7fe95a760000-7fe95a76f000 r-xp 00000000 fc:00 9576558                    /usr/lib/x86_64-linux-gnu/libXi.so.6.1.0
7fe95a76f000-7fe95a96e000 ---p 0000f000 fc:00 9576558                    /usr/lib/x86_64-linux-gnu/libXi.so.6.1.0
7fe95a96e000-7fe95a96f000 r--p 0000e000 fc:00 9576558                    /usr/lib/x86_64-linux-gnu/libXi.so.6.1.0
7fe95a96f000-7fe95a970000 rw-p 0000f000 fc:00 9576558                    /usr/lib/x86_64-linux-gnu/libXi.so.6.1.0
7fe95a970000-7fe95a975000 r-xp 00000000 fc:00 9576576                    /usr/lib/x86_64-linux-gnu/libXtst.so.6.1.0
7fe95a975000-7fe95ab74000 ---p 00005000 fc:00 9576576                    /usr/lib/x86_64-linux-gnu/libXtst.so.6.1.0
7fe95ab74000-7fe95ab75000 r--p 00004000 fc:00 9576576                    /usr/lib/x86_64-linux-gnu/libXtst.so.6.1.0
7fe95ab75000-7fe95ab76000 rw-p 00005000 fc:00 9576576                    /usr/lib/x86_64-linux-gnu/libXtst.so.6.1.0
7fe95ab76000-7fe95ab7f000 r-xp 00000000 fc:00 9576570                    /usr/lib/x86_64-linux-gnu/libXrender.so.1.3.0
7fe95ab7f000-7fe95ad7e000 ---p 00009000 fc:00 9576570                    /usr/lib/x86_64-linux-gnu/libXrender.so.1.3.0
7fe95ad7e000-7fe95ad7f000 r--p 00008000 fc:00 9576570                    /usr/lib/x86_64-linux-gnu/libXrender.so.1.3.0
7fe95ad7f000-7fe95ad80000 rw-p 00009000 fc:00 9576570                    /usr/lib/x86_64-linux-gnu/libXrender.so.1.3.0
7fe95ad80000-7fe95aeb5000 r-xp 00000000 fc:00 9576533                    /usr/lib/x86_64-linux-gnu/libX11.so.6.3.0
7fe95aeb5000-7fe95b0b5000 ---p 00135000 fc:00 9576533                    /usr/lib/x86_64-linux-gnu/libX11.so.6.3.0
7fe95b0b5000-7fe95b0b6000 r--p 00135000 fc:00 9576533                    /usr/lib/x86_64-linux-gnu/libX11.so.6.3.0
7fe95b0b6000-7fe95b0ba000 rw-p 00136000 fc:00 9576533                    /usr/lib/x86_64-linux-gnu/libX11.so.6.3.0
7fe95b0ba000-7fe95b0cb000 r-xp 00000000 fc:00 9576550                    /usr/lib/x86_64-linux-gnu/libXext.so.6.4.0
7fe95b0cb000-7fe95b2ca000 ---p 00011000 fc:00 9576550                    /usr/lib/x86_64-linux-gnu/libXext.so.6.4.0
7fe95b2ca000-7fe95b2cb000 r--p 00010000 fc:00 9576550                    /usr/lib/x86_64-linux-gnu/libXext.so.6.4.0
7fe95b2cb000-7fe95b2cc000 rw-p 00011000 fc:00 9576550                    /usr/lib/x86_64-linux-gnu/libXext.so.6.4.0
7fe95b2cc000-7fe95b323000 r-xp 00000000 fc:00 9836488                    /usr/lib/jvm/java-9-openjdk-amd64/lib/amd64/libawt_xawt.so
7fe95b323000-7fe95b523000 ---p 00057000 fc:00 9836488                    /usr/lib/jvm/java-9-openjdk-amd64/lib/amd64/libawt_xawt.so
7fe95b523000-7fe95b524000 r--p 00057000 fc:00 9836488                    /usr/lib/jvm/java-9-openjdk-amd64/lib/amd64/libawt_xawt.so
7fe95b524000-7fe95b527000 rw-p 00058000 fc:00 9836488                    /usr/lib/jvm/java-9-openjdk-amd64/lib/amd64/libawt_xawt.so
7fe95b527000-7fe95b528000 rw-p 00000000 00:00 0 
7fe95b528000-7fe95b5c8000 r-xp 00000000 fc:00 9836466                    /usr/lib/jvm/java-9-openjdk-amd64/lib/amd64/libawt.so
7fe95b5c8000-7fe95b7c7000 ---p 000a0000 fc:00 9836466                    /usr/lib/jvm/java-9-openjdk-amd64/lib/amd64/libawt.so
7fe95b7c7000-7fe95b7c8000 r--p 0009f000 fc:00 9836466                    /usr/lib/jvm/java-9-openjdk-amd64/lib/amd64/libawt.so
7fe95b7c8000-7fe95b7d3000 rw-p 000a0000 fc:00 9836466                    /usr/lib/jvm/java-9-openjdk-amd64/lib/amd64/libawt.so
7fe95b7d3000-7fe95b9f8000 rw-p 00000000 00:00 0 
7fe95b9f8000-7fe95b9fb000 r-xp 00000000 fc:00 11801710                   /tmp/nbi-2387627209726860508.tmp
7fe95b9fb000-7fe95bafa000 ---p 00003000 fc:00 11801710                   /tmp/nbi-2387627209726860508.tmp
7fe95bafa000-7fe95bafb000 rw-p 00002000 fc:00 11801710                   /tmp/nbi-2387627209726860508.tmp
7fe95bafb000-7fe95baff000 ---p 00000000 00:00 0 
7fe95baff000-7fe95bbfc000 rw-p 00000000 00:00 0 
7fe95bbfc000-7fe95bc00000 ---p 00000000 00:00 0 
7fe95bc00000-7fe95bcfd000 rw-p 00000000 00:00 0 
7fe95bcfd000-7fe95bd01000 ---p 00000000 00:00 0 
7fe95bd01000-7fe95bdfe000 rw-p 00000000 00:00 0 
7fe95bdfe000-7fe95bdff000 ---p 00000000 00:00 0 
7fe95bdff000-7fe95beff000 rw-p 00000000 00:00 0 
7fe95beff000-7fe95bf03000 ---p 00000000 00:00 0 
7fe95bf03000-7fe95c000000 rw-p 00000000 00:00 0 
7fe95c000000-7fe95c25b000 rw-p 00000000 00:00 0 
7fe95c25b000-7fe960000000 ---p 00000000 00:00 0 
7fe960000000-7fe960021000 rw-p 00000000 00:00 0 
7fe960021000-7fe964000000 ---p 00000000 00:00 0 
7fe964000000-7fe96429e000 rw-p 00000000 00:00 0 
7fe96429e000-7fe968000000 ---p 00000000 00:00 0 
7fe968000000-7fe968391000 rw-p 00000000 00:00 0 
7fe968391000-7fe96c000000 ---p 00000000 00:00 0 
7fe96c000000-7fe96c021000 rw-p 00000000 00:00 0 
7fe96c021000-7fe970000000 ---p 00000000 00:00 0 
7fe970000000-7fe970021000 rw-p 00000000 00:00 0 
7fe970021000-7fe974000000 ---p 00000000 00:00 0 
7fe974000000-7fe974021000 rw-p 00000000 00:00 0 
7fe974021000-7fe978000000 ---p 00000000 00:00 0 
7fe978000000-7fe978021000 rw-p 00000000 00:00 0 
7fe978021000-7fe97c000000 ---p 00000000 00:00 0 
7fe97c000000-7fe97c021000 rw-p 00000000 00:00 0 
7fe97c021000-7fe980000000 ---p 00000000 00:00 0 
7fe980000000-7fe980013000 r--s 00000000 fc:00 10618785                   /usr/share/fonts/type1/gsfonts/b018015l.pfb
7fe980013000-7fe980025000 r--s 00000000 fc:00 10618812                   /usr/share/fonts/type1/gsfonts/n019004l.pfb
7fe980025000-7fe980036000 r--s 00000000 fc:00 10618815                   /usr/share/fonts/type1/gsfonts/n019023l.pfb
7fe980036000-7fe980046000 r--s 00000000 fc:00 10618770                   /usr/share/fonts/type1/gsfonts/a010013l.pfb
7fe980046000-7fe980056000 r--s 00000000 fc:00 10618773                   /usr/share/fonts/type1/gsfonts/a010015l.pfb
7fe980056000-7fe980067000 r--s 00000000 fc:00 10618779                   /usr/share/fonts/type1/gsfonts/a010035l.pfb
7fe980067000-7fe98007f000 r--s 00000000 fc:00 10618800                   /usr/share/fonts/type1/gsfonts/c059033l.pfb
7fe98007f000-7fe980098000 r--s 00000000 fc:00 10618848                   /usr/share/fonts/type1/gsfonts/n022004l.pfb
7fe980098000-7fe9800b1000 r--s 00000000 fc:00 10618836                   /usr/share/fonts/type1/gsfonts/n021004l.pfb
7fe9800b1000-7fe9800cc000 r--s 00000000 fc:00 10618797                   /usr/share/fonts/type1/gsfonts/c059016l.pfb
7fe9800cc000-7fe9800d0000 ---p 00000000 00:00 0 
7fe9800d0000-7fe9804ce000 rw-p 00000000 00:00 0 
7fe9804ce000-7fe9804e4000 r-xp 00000000 fc:00 9836468                    /usr/lib/jvm/java-9-openjdk-amd64/lib/amd64/libnet.so
7fe9804e4000-7fe9806e3000 ---p 00016000 fc:00 9836468                    /usr/lib/jvm/java-9-openjdk-amd64/lib/amd64/libnet.so
7fe9806e3000-7fe9806e4000 r--p 00015000 fc:00 9836468                    /usr/lib/jvm/java-9-openjdk-amd64/lib/amd64/libnet.so
7fe9806e4000-7fe9806e5000 rw-p 00016000 fc:00 9836468                    /usr/lib/jvm/java-9-openjdk-amd64/lib/amd64/libnet.so
7fe9806e5000-7fe9806f6000 r-xp 00000000 fc:00 9836489                    /usr/lib/jvm/java-9-openjdk-amd64/lib/amd64/libnio.so
7fe9806f6000-7fe9808f6000 ---p 00011000 fc:00 9836489                    /usr/lib/jvm/java-9-openjdk-amd64/lib/amd64/libnio.so
7fe9808f6000-7fe9808f7000 r--p 00011000 fc:00 9836489                    /usr/lib/jvm/java-9-openjdk-amd64/lib/amd64/libnio.so
7fe9808f7000-7fe9808f8000 rw-p 00012000 fc:00 9836489                    /usr/lib/jvm/java-9-openjdk-amd64/lib/amd64/libnio.so
7fe9808f8000-7fe9808fc000 ---p 00000000 00:00 0 
7fe9808fc000-7fe9809f9000 rw-p 00000000 00:00 0 
7fe9809f9000-7fe9809fd000 ---p 00000000 00:00 0 
7fe9809fd000-7fe980afa000 rw-p 00000000 00:00 0 
7fe980afa000-7fe980afe000 ---p 00000000 00:00 0 
7fe980afe000-7fe980bfb000 rw-p 00000000 00:00 0 
7fe980bfb000-7fe980bff000 ---p 00000000 00:00 0 
7fe980bff000-7fe980cfc000 rw-p 00000000 00:00 0 
7fe980cfc000-7fe980d00000 ---p 00000000 00:00 0 
7fe980d00000-7fe980dfd000 rw-p 00000000 00:00 0 
7fe980dfd000-7fe980e01000 ---p 00000000 00:00 0 
7fe980e01000-7fe980efe000 rw-p 00000000 00:00 0 
7fe980efe000-7fe9815fe000 r--p 00000000 fc:00 9575755                    /usr/lib/locale/locale-archive
7fe9815fe000-7fe981602000 ---p 00000000 00:00 0 
7fe981602000-7fe9816ff000 rw-p 00000000 00:00 0 
7fe9816ff000-7fe981703000 ---p 00000000 00:00 0 
7fe981703000-7fe984000000 rw-p 00000000 00:00 0 
7fe984000000-7fe984021000 rw-p 00000000 00:00 0 
7fe984021000-7fe988000000 ---p 00000000 00:00 0 
7fe988000000-7fe988021000 rw-p 00000000 00:00 0 
7fe988021000-7fe98c000000 ---p 00000000 00:00 0 
7fe98c000000-7fe98c021000 rw-p 00000000 00:00 0 
7fe98c021000-7fe990000000 ---p 00000000 00:00 0 
7fe990000000-7fe990021000 rw-p 00000000 00:00 0 
7fe990021000-7fe994000000 ---p 00000000 00:00 0 
7fe994000000-7fe994021000 rw-p 00000000 00:00 0 
7fe994021000-7fe998000000 ---p 00000000 00:00 0 
7fe998000000-7fe998021000 rw-p 00000000 00:00 0 
7fe998021000-7fe99c000000 ---p 00000000 00:00 0 
7fe99c000000-7fe99c021000 rw-p 00000000 00:00 0 
7fe99c021000-7fe9a0000000 ---p 00000000 00:00 0 
7fe9a0000000-7fe9a0021000 rw-p 00000000 00:00 0 
7fe9a0021000-7fe9a4000000 ---p 00000000 00:00 0 
7fe9a4000000-7fe9a4021000 rw-p 00000000 00:00 0 
7fe9a4021000-7fe9a8000000 ---p 00000000 00:00 0 
7fe9a8000000-7fe9a8021000 rw-p 00000000 00:00 0 
7fe9a8021000-7fe9ac000000 ---p 00000000 00:00 0 
7fe9ac000000-7fe9ac021000 rw-p 00000000 00:00 0 
7fe9ac021000-7fe9b0000000 ---p 00000000 00:00 0 
7fe9b0002000-7fe9b000b000 r--s 00000000 fc:00 10618064                   /usr/share/fonts/X11/Type1/c0632bt_.pfb
7fe9b000b000-7fe9b0014000 r--s 00000000 fc:00 10618070                   /usr/share/fonts/X11/Type1/c0649bt_.pfb
7fe9b0014000-7fe9b001e000 r--s 00000000 fc:00 10618062                   /usr/share/fonts/X11/Type1/c0611bt_.pfb
7fe9b001e000-7fe9b0028000 r--s 00000000 fc:00 10618058                   /usr/share/fonts/X11/Type1/c0582bt_.pfb
7fe9b0028000-7fe9b0032000 r--s 00000000 fc:00 10618060                   /usr/share/fonts/X11/Type1/c0583bt_.pfb
7fe9b0032000-7fe9b003c000 r--s 00000000 fc:00 10618056                   /usr/share/fonts/X11/Type1/c0419bt_.pfb
7fe9b003c000-7fe9b0045000 r--s 00000000 fc:00 10618068                   /usr/share/fonts/X11/Type1/c0648bt_.pfb
7fe9b0045000-7fe9b004e000 r--s 00000000 fc:00 10618066                   /usr/share/fonts/X11/Type1/c0633bt_.pfb
7fe9b004e000-7fe9b0059000 r--s 00000000 fc:00 12976234                   /var/cache/fontconfig/945677eb7aeaf62f1d50efc3fb3ec7d8-le64.cache-6
7fe9b0059000-7fe9b006e000 r--s 00000000 fc:00 12979448                   /var/cache/fontconfig/04aabc0a78ac019cf9454389977116d2-le64.cache-6
7fe9b006e000-7fe9b006f000 ---p 00000000 00:00 0 
7fe9b006f000-7fe9b0644000 rw-p 00000000 00:00 0 
7fe9b0644000-7fe9b0645000 ---p 00000000 00:00 0 
7fe9b0645000-7fe9b0745000 rw-p 00000000 00:00 0 
7fe9b0745000-7fe9b0746000 ---p 00000000 00:00 0 
7fe9b0746000-7fe9b0946000 rw-p 00000000 00:00 0 
7fe9b0946000-7fe9b0c46000 ---p 00000000 00:00 0 
7fe9b0c46000-7fe9b0d46000 rw-p 00000000 00:00 0 
7fe9b0d46000-7fe9b1046000 ---p 00000000 00:00 0 
7fe9b1046000-7fe9b1066000 rw-p 00000000 00:00 0 
7fe9b1066000-7fe9b10c6000 ---p 00000000 00:00 0 
7fe9b10c6000-7fe9b10e6000 rw-p 00000000 00:00 0 
7fe9b10e6000-7fe9b1146000 ---p 00000000 00:00 0 
7fe9b1146000-7fe9b1147000 ---p 00000000 00:00 0 
7fe9b1147000-7fe9b1247000 rw-p 00000000 00:00 0 
7fe9b1247000-7fe9b1248000 ---p 00000000 00:00 0 
7fe9b1248000-7fe9b1348000 rw-p 00000000 00:00 0 
7fe9b1348000-7fe9b1349000 ---p 00000000 00:00 0 
7fe9b1349000-7fe9b1449000 rw-p 00000000 00:00 0 
7fe9b1449000-7fe9b144a000 ---p 00000000 00:00 0 
7fe9b144a000-7fe9b154a000 rw-p 00000000 00:00 0 
7fe9b154a000-7fe9b154b000 ---p 00000000 00:00 0 
7fe9b154b000-7fe9b1a4f000 rw-p 00000000 00:00 0 
7fe9b1a4f000-7fe9b1a50000 ---p 00000000 00:00 0 
7fe9b1a50000-7fe9b1b50000 rw-p 00000000 00:00 0 
7fe9b1b50000-7fe9b1b51000 ---p 00000000 00:00 0 
7fe9b1b51000-7fe9b1c51000 rw-p 00000000 00:00 0 
7fe9b1c51000-7fe9b1ec1000 rwxp 00000000 00:00 0 
7fe9b1ec1000-7fe9b21e1000 ---p 00000000 00:00 0 
7fe9b21e1000-7fe9b2481000 rwxp 00000000 00:00 0 
7fe9b2481000-7fe9b9719000 ---p 00000000 00:00 0 
7fe9b9719000-7fe9b9989000 rwxp 00000000 00:00 0 
7fe9b9989000-7fe9c0c51000 ---p 00000000 00:00 0 
7fe9c0c51000-7fe9c8000000 r--s 00000000 fc:00 9836452                    /usr/lib/jvm/java-9-openjdk-amd64/lib/modules
7fe9c8000000-7fe9c8650000 rw-p 00000000 00:00 0 
7fe9c8650000-7fe9cc000000 ---p 00000000 00:00 0 
7fe9cc008000-7fe9cc00e000 r--s 00000000 fc:00 12979466                   /var/cache/fontconfig/2cd17615ca594fa2959ae173292e504c-le64.cache-6
7fe9cc00e000-7fe9cc00f000 r--s 00000000 fc:00 12979453                   /var/cache/fontconfig/0d8c3b2ac0904cb8a57a757ad11a4a08-le64.cache-6
7fe9cc00f000-7fe9cc010000 r--s 00000000 fc:00 12979446                   /var/cache/fontconfig/1ac9eb803944fde146138c791f5cc56a-le64.cache-6
7fe9cc010000-7fe9cc014000 r--s 00000000 fc:00 12979416                   /var/cache/fontconfig/385c0604a188198f04d133e54aba7fe7-le64.cache-6
7fe9cc014000-7fe9cc015000 r--s 00000000 fc:00 12979415                   /var/cache/fontconfig/dc05db6664285cc2f12bf69c139ae4c3-le64.cache-6
7fe9cc015000-7fe9cc018000 r--s 00000000 fc:00 12978741                   /var/cache/fontconfig/767a8244fc0220cfb567a839d0392e0b-le64.cache-6
7fe9cc018000-7fe9cc019000 r--s 00000000 fc:00 12979414                   /var/cache/fontconfig/4794a0821666d79190d59a36cb4f44b5-le64.cache-6
7fe9cc019000-7fe9cc01e000 r--s 00000000 fc:00 12979309                   /var/cache/fontconfig/8801497958630a81b71ace7c5f9b32a8-le64.cache-6
7fe9cc01e000-7fe9cc01f000 r--s 00000000 fc:00 12979308                   /var/cache/fontconfig/bab58bb527bb656aaa9f116d68a48d89-le64.cache-6
7fe9cc01f000-7fe9cc026000 r--s 00000000 fc:00 12979304                   /var/cache/fontconfig/3047814df9a2f067bd2d96a2b9c36e5a-le64.cache-6
7fe9cc026000-7fe9cc027000 r--s 00000000 fc:00 12979265                   /var/cache/fontconfig/56cf4f4769d0f4abc89a4895d7bd3ae1-le64.cache-6
7fe9cc027000-7fe9cc028000 r--s 00000000 fc:00 12979264                   /var/cache/fontconfig/b9d506c9ac06c20b433354fa67a72993-le64.cache-6
7fe9cc028000-7fe9cc02e000 r--s 00000000 fc:00 12979161                   /var/cache/fontconfig/b47c4e1ecd0709278f4910c18777a504-le64.cache-6
7fe9cc02e000-7fe9cc041000 r--s 00000000 fc:00 12979099                   /var/cache/fontconfig/d52a8644073d54c13679302ca1180695-le64.cache-6
7fe9cc041000-7fe9cc04c000 r--s 00000000 fc:00 12991532                   /var/cache/fontconfig/d589a48862398ed80a3d6066f4f56f4c-le64.cache-6
7fe9cc04c000-7fe9cc057000 r--s 00000000 fc:00 12978872                   /var/cache/fontconfig/83bf95040141907cd45bb53cf7c1c148-le64.cache-6
7fe9cc057000-7fe9cc0d7000 ---p 00000000 00:00 0 
7fe9cc0d7000-7fe9cc0d8000 ---p 00000000 00:00 0 
7fe9cc0d8000-7fe9cc1d8000 rw-p 00000000 00:00 0 
7fe9cc1d8000-7fe9cc1d9000 ---p 00000000 00:00 0 
7fe9cc1d9000-7fe9cc2de000 rw-p 00000000 00:00 0 
7fe9cc2de000-7fe9cc3c4000 ---p 00000000 00:00 0 
7fe9cc3c4000-7fe9cc3ca000 rw-p 00000000 00:00 0 
7fe9cc3ca000-7fe9cc4af000 ---p 00000000 00:00 0 
7fe9cc4af000-7fe9cc4b4000 r-xp 00000000 fc:00 9836478                    /usr/lib/jvm/java-9-openjdk-amd64/lib/amd64/libjimage.so
7fe9cc4b4000-7fe9cc6b3000 ---p 00005000 fc:00 9836478                    /usr/lib/jvm/java-9-openjdk-amd64/lib/amd64/libjimage.so
7fe9cc6b3000-7fe9cc6b4000 r--p 00004000 fc:00 9836478                    /usr/lib/jvm/java-9-openjdk-amd64/lib/amd64/libjimage.so
7fe9cc6b4000-7fe9cc6b5000 rw-p 00005000 fc:00 9836478                    /usr/lib/jvm/java-9-openjdk-amd64/lib/amd64/libjimage.so
7fe9cc6b5000-7fe9cc6bc000 r-xp 00000000 fc:00 9836474                    /usr/lib/jvm/java-9-openjdk-amd64/lib/amd64/libzip.so
7fe9cc6bc000-7fe9cc8bb000 ---p 00007000 fc:00 9836474                    /usr/lib/jvm/java-9-openjdk-amd64/lib/amd64/libzip.so
7fe9cc8bb000-7fe9cc8bc000 r--p 00006000 fc:00 9836474                    /usr/lib/jvm/java-9-openjdk-amd64/lib/amd64/libzip.so
7fe9cc8bc000-7fe9cc8bd000 rw-p 00007000 fc:00 9836474                    /usr/lib/jvm/java-9-openjdk-amd64/lib/amd64/libzip.so
7fe9cc8bd000-7fe9cc8c8000 r-xp 00000000 fc:00 30020038                   /lib/x86_64-linux-gnu/libnss_files-2.23.so
7fe9cc8c8000-7fe9ccac7000 ---p 0000b000 fc:00 30020038                   /lib/x86_64-linux-gnu/libnss_files-2.23.so
7fe9ccac7000-7fe9ccac8000 r--p 0000a000 fc:00 30020038                   /lib/x86_64-linux-gnu/libnss_files-2.23.so
7fe9ccac8000-7fe9ccac9000 rw-p 0000b000 fc:00 30020038                   /lib/x86_64-linux-gnu/libnss_files-2.23.so
7fe9ccac9000-7fe9ccacf000 rw-p 00000000 00:00 0 
7fe9ccacf000-7fe9ccada000 r-xp 00000000 fc:00 30020049                   /lib/x86_64-linux-gnu/libnss_nis-2.23.so
7fe9ccada000-7fe9cccd9000 ---p 0000b000 fc:00 30020049                   /lib/x86_64-linux-gnu/libnss_nis-2.23.so
7fe9cccd9000-7fe9cccda000 r--p 0000a000 fc:00 30020049                   /lib/x86_64-linux-gnu/libnss_nis-2.23.so
7fe9cccda000-7fe9cccdb000 rw-p 0000b000 fc:00 30020049                   /lib/x86_64-linux-gnu/libnss_nis-2.23.so
7fe9cccdb000-7fe9cccf1000 r-xp 00000000 fc:00 30020032                   /lib/x86_64-linux-gnu/libnsl-2.23.so
7fe9cccf1000-7fe9ccef0000 ---p 00016000 fc:00 30020032                   /lib/x86_64-linux-gnu/libnsl-2.23.so
7fe9ccef0000-7fe9ccef1000 r--p 00015000 fc:00 30020032                   /lib/x86_64-linux-gnu/libnsl-2.23.so
7fe9ccef1000-7fe9ccef2000 rw-p 00016000 fc:00 30020032                   /lib/x86_64-linux-gnu/libnsl-2.23.so
7fe9ccef2000-7fe9ccef4000 rw-p 00000000 00:00 0 
7fe9ccef4000-7fe9ccefc000 r-xp 00000000 fc:00 30020034                   /lib/x86_64-linux-gnu/libnss_compat-2.23.so
7fe9ccefc000-7fe9cd0fb000 ---p 00008000 fc:00 30020034                   /lib/x86_64-linux-gnu/libnss_compat-2.23.so
7fe9cd0fb000-7fe9cd0fc000 r--p 00007000 fc:00 30020034                   /lib/x86_64-linux-gnu/libnss_compat-2.23.so
7fe9cd0fc000-7fe9cd0fd000 rw-p 00008000 fc:00 30020034                   /lib/x86_64-linux-gnu/libnss_compat-2.23.so
7fe9cd0fd000-7fe9cd128000 r-xp 00000000 fc:00 9836461                    /usr/lib/jvm/java-9-openjdk-amd64/lib/amd64/libjava.so
7fe9cd128000-7fe9cd327000 ---p 0002b000 fc:00 9836461                    /usr/lib/jvm/java-9-openjdk-amd64/lib/amd64/libjava.so
7fe9cd327000-7fe9cd328000 r--p 0002a000 fc:00 9836461                    /usr/lib/jvm/java-9-openjdk-amd64/lib/amd64/libjava.so
7fe9cd328000-7fe9cd32a000 rw-p 0002b000 fc:00 9836461                    /usr/lib/jvm/java-9-openjdk-amd64/lib/amd64/libjava.so
7fe9cd32a000-7fe9cd337000 r-xp 00000000 fc:00 9836462                    /usr/lib/jvm/java-9-openjdk-amd64/lib/amd64/libverify.so
7fe9cd337000-7fe9cd536000 ---p 0000d000 fc:00 9836462                    /usr/lib/jvm/java-9-openjdk-amd64/lib/amd64/libverify.so
7fe9cd536000-7fe9cd538000 r--p 0000c000 fc:00 9836462                    /usr/lib/jvm/java-9-openjdk-amd64/lib/amd64/libverify.so
7fe9cd538000-7fe9cd539000 rw-p 0000e000 fc:00 9836462                    /usr/lib/jvm/java-9-openjdk-amd64/lib/amd64/libverify.so
7fe9cd539000-7fe9cd540000 r-xp 00000000 fc:00 30020094                   /lib/x86_64-linux-gnu/librt-2.23.so
7fe9cd540000-7fe9cd73f000 ---p 00007000 fc:00 30020094                   /lib/x86_64-linux-gnu/librt-2.23.so
7fe9cd73f000-7fe9cd740000 r--p 00006000 fc:00 30020094                   /lib/x86_64-linux-gnu/librt-2.23.so
7fe9cd740000-7fe9cd741000 rw-p 00007000 fc:00 30020094                   /lib/x86_64-linux-gnu/librt-2.23.so
7fe9cd741000-7fe9cd757000 r-xp 00000000 fc:00 30019979                   /lib/x86_64-linux-gnu/libgcc_s.so.1
7fe9cd757000-7fe9cd956000 ---p 00016000 fc:00 30019979                   /lib/x86_64-linux-gnu/libgcc_s.so.1
7fe9cd956000-7fe9cd957000 rw-p 00015000 fc:00 30019979                   /lib/x86_64-linux-gnu/libgcc_s.so.1
7fe9cd957000-7fe9cda5f000 r-xp 00000000 fc:00 30020011                   /lib/x86_64-linux-gnu/libm-2.23.so
7fe9cda5f000-7fe9cdc5e000 ---p 00108000 fc:00 30020011                   /lib/x86_64-linux-gnu/libm-2.23.so
7fe9cdc5e000-7fe9cdc5f000 r--p 00107000 fc:00 30020011                   /lib/x86_64-linux-gnu/libm-2.23.so
7fe9cdc5f000-7fe9cdc60000 rw-p 00108000 fc:00 30020011                   /lib/x86_64-linux-gnu/libm-2.23.so
7fe9cdc60000-7fe9cddd2000 r-xp 00000000 fc:00 9572521                    /usr/lib/x86_64-linux-gnu/libstdc++.so.6.0.21
7fe9cddd2000-7fe9cdfd2000 ---p 00172000 fc:00 9572521                    /usr/lib/x86_64-linux-gnu/libstdc++.so.6.0.21
7fe9cdfd2000-7fe9cdfdc000 r--p 00172000 fc:00 9572521                    /usr/lib/x86_64-linux-gnu/libstdc++.so.6.0.21
7fe9cdfdc000-7fe9cdfde000 rw-p 0017c000 fc:00 9572521                    /usr/lib/x86_64-linux-gnu/libstdc++.so.6.0.21
7fe9cdfde000-7fe9cdfe2000 rw-p 00000000 00:00 0 
7fe9cdfe2000-7fe9cee40000 r-xp 00000000 fc:00 13376605                   /usr/lib/jvm/java-9-openjdk-amd64/lib/amd64/server/libjvm.so
7fe9cee40000-7fe9cf040000 ---p 00e5e000 fc:00 13376605                   /usr/lib/jvm/java-9-openjdk-amd64/lib/amd64/server/libjvm.so
7fe9cf040000-7fe9cf0f2000 r--p 00e5e000 fc:00 13376605                   /usr/lib/jvm/java-9-openjdk-amd64/lib/amd64/server/libjvm.so
7fe9cf0f2000-7fe9cf124000 rw-p 00f10000 fc:00 13376605                   /usr/lib/jvm/java-9-openjdk-amd64/lib/amd64/server/libjvm.so
7fe9cf124000-7fe9cf169000 rw-p 00000000 00:00 0 
7fe9cf169000-7fe9cf181000 r-xp 00000000 fc:00 30020086                   /lib/x86_64-linux-gnu/libpthread-2.23.so
7fe9cf181000-7fe9cf380000 ---p 00018000 fc:00 30020086                   /lib/x86_64-linux-gnu/libpthread-2.23.so
7fe9cf380000-7fe9cf381000 r--p 00017000 fc:00 30020086                   /lib/x86_64-linux-gnu/libpthread-2.23.so
7fe9cf381000-7fe9cf382000 rw-p 00018000 fc:00 30020086                   /lib/x86_64-linux-gnu/libpthread-2.23.so
7fe9cf382000-7fe9cf386000 rw-p 00000000 00:00 0 
7fe9cf386000-7fe9cf389000 r-xp 00000000 fc:00 30019965                   /lib/x86_64-linux-gnu/libdl-2.23.so
7fe9cf389000-7fe9cf588000 ---p 00003000 fc:00 30019965                   /lib/x86_64-linux-gnu/libdl-2.23.so
7fe9cf588000-7fe9cf589000 r--p 00002000 fc:00 30019965                   /lib/x86_64-linux-gnu/libdl-2.23.so
7fe9cf589000-7fe9cf58a000 rw-p 00003000 fc:00 30019965                   /lib/x86_64-linux-gnu/libdl-2.23.so
7fe9cf58a000-7fe9cf5a3000 r-xp 00000000 fc:00 30020130                   /lib/x86_64-linux-gnu/libz.so.1.2.8
7fe9cf5a3000-7fe9cf7a2000 ---p 00019000 fc:00 30020130                   /lib/x86_64-linux-gnu/libz.so.1.2.8
7fe9cf7a2000-7fe9cf7a3000 r--p 00018000 fc:00 30020130                   /lib/x86_64-linux-gnu/libz.so.1.2.8
7fe9cf7a3000-7fe9cf7a4000 rw-p 00019000 fc:00 30020130                   /lib/x86_64-linux-gnu/libz.so.1.2.8
7fe9cf7a4000-7fe9cf964000 r-xp 00000000 fc:00 30019943                   /lib/x86_64-linux-gnu/libc-2.23.so
7fe9cf964000-7fe9cfb63000 ---p 001c0000 fc:00 30019943                   /lib/x86_64-linux-gnu/libc-2.23.so
7fe9cfb63000-7fe9cfb67000 r--p 001bf000 fc:00 30019943                   /lib/x86_64-linux-gnu/libc-2.23.so
7fe9cfb67000-7fe9cfb69000 rw-p 001c3000 fc:00 30019943                   /lib/x86_64-linux-gnu/libc-2.23.so
7fe9cfb69000-7fe9cfb6d000 rw-p 00000000 00:00 0 
7fe9cfb6d000-7fe9cfb7b000 r-xp 00000000 fc:00 13376609                   /usr/lib/jvm/java-9-openjdk-amd64/lib/amd64/jli/libjli.so
7fe9cfb7b000-7fe9cfd7a000 ---p 0000e000 fc:00 13376609                   /usr/lib/jvm/java-9-openjdk-amd64/lib/amd64/jli/libjli.so
7fe9cfd7a000-7fe9cfd7b000 r--p 0000d000 fc:00 13376609                   /usr/lib/jvm/java-9-openjdk-amd64/lib/amd64/jli/libjli.so
7fe9cfd7b000-7fe9cfd7c000 rw-p 0000e000 fc:00 13376609                   /usr/lib/jvm/java-9-openjdk-amd64/lib/amd64/jli/libjli.so
7fe9cfd7c000-7fe9cfda2000 r-xp 00000000 fc:00 30019915                   /lib/x86_64-linux-gnu/ld-2.23.so
7fe9cfda2000-7fe9cfda3000 r--s 00000000 fc:00 12979092                   /var/cache/fontconfig/551ecf3b0e8b0bca0f25c0944f561853-le64.cache-6
7fe9cfda3000-7fe9cfda4000 r--s 00000000 fc:00 12979065                   /var/cache/fontconfig/30829fa25452a46451e813d634d7f916-le64.cache-6
7fe9cfda4000-7fe9cfda7000 r--s 00000000 fc:00 12978955                   /var/cache/fontconfig/75114ca45c98e8a441da0ff356701271-le64.cache-6
7fe9cfda7000-7fe9cfdb9000 r--s 00000000 fc:00 12978843                   /var/cache/fontconfig/9b89f8e3dae116d678bbf48e5f21f69b-le64.cache-6
7fe9cfdb9000-7fe9cfdbb000 r--s 00000000 fc:00 12976212                   /var/cache/fontconfig/62f91419b9ebdb6975e7e41ab6412357-le64.cache-6
7fe9cfdbb000-7fe9cfdd3000 r--s 00000000 fc:00 10618845                   /usr/share/fonts/type1/gsfonts/n022003l.pfb
7fe9cfdd3000-7fe9cfe1b000 rw-p 00000000 00:00 0 
7fe9cfe1b000-7fe9cfe7b000 ---p 00000000 00:00 0 
7fe9cfe7b000-7fe9cfe7f000 ---p 00000000 00:00 0 
7fe9cfe7f000-7fe9cff81000 rw-p 00000000 00:00 0 
7fe9cff81000-7fe9cff82000 r--s 00000000 fc:00 12979014                   /var/cache/fontconfig/0c9eb80ebd1c36541ebe2852d3bb0c49-le64.cache-6
7fe9cff82000-7fe9cff85000 r--s 00000000 fc:00 12976229                   /var/cache/fontconfig/e13b20fdb08344e0e664864cc2ede53d-le64.cache-6
7fe9cff85000-7fe9cff89000 r--s 00000000 fc:00 12976239                   /var/cache/fontconfig/7ef2298fde41cc6eeb7af42e48b7d293-le64.cache-6
7fe9cff89000-7fe9cff8e000 rw-p 00000000 00:00 0 
7fe9cff8e000-7fe9cff95000 ---p 00000000 00:00 0 
7fe9cff95000-7fe9cff9d000 rw-s 00000000 fc:00 17699825                   /tmp/hsperfdata_root/9901
7fe9cff9d000-7fe9cff9e000 rw-p 00000000 00:00 0 
7fe9cff9e000-7fe9cff9f000 r--p 00000000 00:00 0 
7fe9cff9f000-7fe9cffa1000 rw-p 00000000 00:00 0 
7fe9cffa1000-7fe9cffa2000 r--p 00025000 fc:00 30019915                   /lib/x86_64-linux-gnu/ld-2.23.so
7fe9cffa2000-7fe9cffa3000 rw-p 00026000 fc:00 30019915                   /lib/x86_64-linux-gnu/ld-2.23.so
7fe9cffa3000-7fe9cffa4000 rw-p 00000000 00:00 0 
7ffeb53bf000-7ffeb53e0000 rw-p 00000000 00:00 0                          [stack]
7ffeb53f8000-7ffeb53fa000 r--p 00000000 00:00 0                          [vvar]
7ffeb53fa000-7ffeb53fc000 r-xp 00000000 00:00 0                          [vdso]
ffffffffff600000-ffffffffff601000 r-xp 00000000 00:00 0                  [vsyscall]

VM Arguments:
jvm_args: -Xmx256m -Xms64m -Dnetbeans.default_userdir_root=/root/.netbeans -Dnetbeans.default_cachedir_root=/root/.cache/netbeans -Djava.io.tmpdir=/tmp 
java_command: org.netbeans.installer.Installer
java_class_path (initial): /tmp/.nbi-4111435.tmp/bundle.jar
Launcher Type: SUN_STANDARD

Environment Variables:
PATH=/usr/local/sbin:/usr/local/bin:/usr/sbin:/usr/bin:/sbin:/bin:/usr/games:/usr/local/games
USERNAME=griffin
SHELL=/bin/bash
DISPLAY=:1

Signal Handlers:
SIGSEGV: [libjvm.so+0xc12c20], sa_mask[0]=11111111011111111101111111111110, sa_flags=SA_RESTART|SA_SIGINFO
SIGBUS: [libjvm.so+0xc12c20], sa_mask[0]=11111111011111111101111111111110, sa_flags=SA_RESTART|SA_SIGINFO
SIGFPE: [libjvm.so+0xc12c20], sa_mask[0]=11111111011111111101111111111110, sa_flags=SA_RESTART|SA_SIGINFO
SIGPIPE: SIG_IGN, sa_mask[0]=00000000000010000000000000000000, sa_flags=SA_RESTART
SIGXFSZ: [libjvm.so+0xa3b600], sa_mask[0]=11111111011111111101111111111110, sa_flags=SA_RESTART|SA_SIGINFO
SIGILL: [libjvm.so+0xc12c20], sa_mask[0]=11111111011111111101111111111110, sa_flags=SA_RESTART|SA_SIGINFO
SIGUSR2: [libjvm.so+0xa3b4a0], sa_mask[0]=00000000000000000000000000000000, sa_flags=SA_RESTART|SA_SIGINFO
SIGHUP: [libjvm.so+0xa3b870], sa_mask[0]=11111111011111111101111111111110, sa_flags=SA_RESTART|SA_SIGINFO
SIGINT: [libjvm.so+0xa3b870], sa_mask[0]=11111111011111111101111111111110, sa_flags=SA_RESTART|SA_SIGINFO
SIGTERM: [libjvm.so+0xa3b870], sa_mask[0]=11111111011111111101111111111110, sa_flags=SA_RESTART|SA_SIGINFO
SIGQUIT: [libjvm.so+0xa3b870], sa_mask[0]=11111111011111111101111111111110, sa_flags=SA_RESTART|SA_SIGINFO


---------------  S Y S T E M  ---------------

OS:DISTRIB_ID=Ubuntu
DISTRIB_RELEASE=16.04
DISTRIB_CODENAME=xenial
DISTRIB_DESCRIPTION="Ubuntu 16.04.1 LTS"
uname:Linux 4.4.0-45-generic #66-Ubuntu SMP Wed Oct 19 14:12:37 UTC 2016 x86_64
libc:glibc 2.23 NPTL 2.23 
rlimit: STACK 8192k, CORE 0k, NPROC 13238, NOFILE 65536, AS infinity
load average:1.94 4.89 4.57

/proc/meminfo:
MemTotal:        3500316 kB
MemFree:          119916 kB
MemAvailable:     407456 kB
Buffers:            4712 kB
Cached:           506776 kB
SwapCached:        86152 kB
Active:          2269448 kB
Inactive:         800608 kB
Active(anon):    1996188 kB
Inactive(anon):   619228 kB
Active(file):     273260 kB
Inactive(file):   181380 kB
Unevictable:         648 kB
Mlocked:             648 kB
SwapTotal:       3641340 kB
SwapFree:        2403136 kB
Dirty:             41536 kB
Writeback:             0 kB
AnonPages:       2537128 kB
Mapped:           190960 kB
Shmem:             56288 kB
Slab:             112348 kB
SReclaimable:      67876 kB
SUnreclaim:        44472 kB
KernelStack:       12608 kB
PageTables:        58252 kB
NFS_Unstable:          0 kB
Bounce:                0 kB
WritebackTmp:          0 kB
CommitLimit:     5391496 kB
Committed_AS:    9866356 kB
VmallocTotal:   34359738367 kB
VmallocUsed:           0 kB
VmallocChunk:          0 kB
HardwareCorrupted:     0 kB
AnonHugePages:    593920 kB
CmaTotal:              0 kB
CmaFree:               0 kB
HugePages_Total:       0
HugePages_Free:        0
HugePages_Rsvd:        0
HugePages_Surp:        0
Hugepagesize:       2048 kB
DirectMap4k:      293632 kB
DirectMap2M:     3346432 kB
DirectMap1G:           0 kB


CPU:total 4 (4 cores per cpu, 1 threads per core) family 22 model 0 stepping 1, cmov, cx8, fxsr, mmx, sse, sse2, sse3, ssse3, sse4.1, sse4.2, popcnt, avx, aes, clmul, mmxext, 3dnowpref, lzcnt, sse4a, tsc, tscinvbit, tscinv, bmi1

CPU Model and flags from /proc/cpuinfo:
model name	: AMD A4-5000 APU with Radeon(TM) HD Graphics
flags		: fpu vme de pse tsc msr pae mce cx8 apic sep mtrr pge mca cmov pat pse36 clflush mmx fxsr sse sse2 ht syscall nx mmxext fxsr_opt pdpe1gb rdtscp lm constant_tsc rep_good nopl nonstop_tsc extd_apicid aperfmperf eagerfpu pni pclmulqdq monitor ssse3 cx16 sse4_1 sse4_2 movbe popcnt aes xsave avx f16c lahf_lm cmp_legacy svm extapic cr8_legacy abm sse4a misalignsse 3dnowprefetch osvw ibs skinit wdt topoext perfctr_nb bpext perfctr_l2 hw_pstate proc_feedback vmmcall bmi1 xsaveopt arat npt lbrv svm_lock nrip_save tsc_scale flushbyasid decodeassists pausefilter pfthreshold

Memory: 4k page, physical 3500316k(119916k free), swap 3641340k(2403136k free)

vm_info: OpenJDK 64-Bit Server VM (9-internal+0-2016-04-14-195246.buildd.src) for linux-amd64 JRE (9-internal+0-2016-04-14-195246.buildd.src), built on Apr 14 2016 20:05:37 by "buildd" with gcc 5.3.1 20160413

END.
