#
# A fatal error has been detected by the Java Runtime Environment:
#
#  SIGSEGV (0xb) at pc=0x00007f9538fbf009, pid=6725, tid=6799
#
# JRE version: OpenJDK Runtime Environment (9.0) (build 9-internal+0-2016-04-14-195246.buildd.src)
# Java VM: OpenJDK 64-Bit Server VM (9-internal+0-2016-04-14-195246.buildd.src, mixed mode, tiered, compressed oops, g1 gc, linux-amd64)
# Problematic frame:
# C  [libjava.so+0x1d009]  JNU_GetEnv+0x19
#
# Core dump will be written. Default location: Core dumps may be processed with "/usr/share/apport/apport %p %s %c %P" (or dumping to /home/griffin/Tunaweza/soccer-gear-frontend/core.6725)
#
# If you would like to submit a bug report, please visit:
#   http://bugreport.java.com/bugreport/crash.jsp
# The crash happened outside the Java Virtual Machine in native code.
# See problematic frame for where to report the bug.
#

---------------  S U M M A R Y ------------

Command Line: -Xmx256m -Xms64m -Dnetbeans.default_userdir_root=/root/.netbeans -Dnetbeans.default_cachedir_root=/root/.cache/netbeans -Djava.io.tmpdir=/tmp org.netbeans.installer.Installer

Host: AMD A4-5000 APU with Radeon(TM) HD Graphics, 4 cores, 3G, Ubuntu 16.04.1 LTS
Time: Thu Nov 10 10:09:49 2016 EAT elapsed time: 22 seconds (0d 0h 0m 22s)

---------------  T H R E A D  ---------------

Current thread (0x00007f9534927800):  JavaThread "AWT-EventQueue-0" [_thread_in_native, id=6799, stack(0x00007f949c937000,0x00007f949ca38000)]

Stack: [0x00007f949c937000,0x00007f949ca38000],  sp=0x00007f949ca32ca0,  free space=1007k
Native frames: (J=compiled Java code, j=interpreted, Vv=VM code, C=native code)
C  [libjava.so+0x1d009]  JNU_GetEnv+0x19
C  [libfontmanager.so+0x33f8e]
C  [libfreetype.so.6+0x14d1b]  FT_Stream_Seek+0x1b

Java frames: (J=compiled Java code, j=interpreted, Vv=VM code)
j  sun.font.FreetypeFontScaler.initNativeScaler(Lsun/font/Font2D;IIZI)J+0 java.desktop@9-internal
j  sun.font.FreetypeFontScaler.<init>(Lsun/font/Font2D;IZI)V+26 java.desktop@9-internal
v  ~StubRoutines::call_stub
j  sun.reflect.NativeConstructorAccessorImpl.newInstance0(Ljava/lang/reflect/Constructor;[Ljava/lang/Object;)Ljava/lang/Object;+0 java.base@9-internal
j  sun.reflect.NativeConstructorAccessorImpl.newInstance([Ljava/lang/Object;)Ljava/lang/Object;+85 java.base@9-internal
j  sun.reflect.DelegatingConstructorAccessorImpl.newInstance([Ljava/lang/Object;)Ljava/lang/Object;+5 java.base@9-internal
j  java.lang.reflect.Constructor.newInstance([Ljava/lang/Object;)Ljava/lang/Object;+65 java.base@9-internal
j  sun.font.FontScaler.getScaler(Lsun/font/Font2D;IZI)Lsun/font/FontScaler;+39 java.desktop@9-internal
j  sun.font.TrueTypeFont.getScaler()Lsun/font/FontScaler;+21 java.desktop@9-internal
j  sun.font.FileFontStrike.<init>(Lsun/font/FileFont;Lsun/font/FontStrikeDesc;)V+204 java.desktop@9-internal
j  sun.font.FileFont.createStrike(Lsun/font/FontStrikeDesc;)Lsun/font/FontStrike;+18 java.desktop@9-internal
j  sun.font.Font2D.getStrike(Lsun/font/FontStrikeDesc;Z)Lsun/font/FontStrike;+92 java.desktop@9-internal
j  sun.font.Font2D.getStrike(Lsun/font/FontStrikeDesc;)Lsun/font/FontStrike;+3 java.desktop@9-internal
j  sun.font.CompositeStrike.getStrikeForSlot(I)Lsun/font/PhysicalStrike;+23 java.desktop@9-internal
j  sun.font.CompositeStrike.getFontMetrics()Lsun/font/StrikeMetrics;+31 java.desktop@9-internal
j  sun.font.FontDesignMetrics.initMatrixAndMetrics()V+28 java.desktop@9-internal
j  sun.font.FontDesignMetrics.<init>(Ljava/awt/Font;Ljava/awt/font/FontRenderContext;)V+62 java.desktop@9-internal
j  sun.font.FontDesignMetrics.getMetrics(Ljava/awt/Font;Ljava/awt/font/FontRenderContext;)Lsun/font/FontDesignMetrics;+128 java.desktop@9-internal
j  sun.swing.SwingUtilities2.getFontMetrics(Ljavax/swing/JComponent;Ljava/awt/Font;)Ljava/awt/FontMetrics;+15 java.desktop@9-internal
j  javax.swing.JComponent.getFontMetrics(Ljava/awt/Font;)Ljava/awt/FontMetrics;+2 java.desktop@9-internal
j  javax.swing.plaf.synth.SynthGraphicsUtils.getPreferredSize(Ljavax/swing/plaf/synth/SynthContext;Ljava/awt/Font;Ljava/lang/String;Ljavax/swing/Icon;IIIIII)Ljava/awt/Dimension;+110 java.desktop@9-internal
j  javax.swing.plaf.synth.SynthLabelUI.getPreferredSize(Ljavax/swing/JComponent;)Ljava/awt/Dimension;+82 java.desktop@9-internal
j  javax.swing.JComponent.getPreferredSize()Ljava/awt/Dimension;+26 java.desktop@9-internal
j  java.awt.GridBagLayout.GetLayoutInfo(Ljava/awt/Container;I)Ljava/awt/GridBagLayoutInfo;+493 java.desktop@9-internal
j  java.awt.GridBagLayout.getLayoutInfo(Ljava/awt/Container;I)Ljava/awt/GridBagLayoutInfo;+3 java.desktop@9-internal
j  java.awt.GridBagLayout.preferredLayoutSize(Ljava/awt/Container;)Ljava/awt/Dimension;+3 java.desktop@9-internal
j  java.awt.Container.preferredSize()Ljava/awt/Dimension;+43 java.desktop@9-internal
j  java.awt.Container.getPreferredSize()Ljava/awt/Dimension;+1 java.desktop@9-internal
j  javax.swing.JComponent.getPreferredSize()Ljava/awt/Dimension;+39 java.desktop@9-internal
j  java.awt.GridBagLayout.GetLayoutInfo(Ljava/awt/Container;I)Ljava/awt/GridBagLayoutInfo;+493 java.desktop@9-internal
j  java.awt.GridBagLayout.getLayoutInfo(Ljava/awt/Container;I)Ljava/awt/GridBagLayoutInfo;+3 java.desktop@9-internal
j  java.awt.GridBagLayout.preferredLayoutSize(Ljava/awt/Container;)Ljava/awt/Dimension;+3 java.desktop@9-internal
j  java.awt.Container.preferredSize()Ljava/awt/Dimension;+43 java.desktop@9-internal
j  java.awt.Container.getPreferredSize()Ljava/awt/Dimension;+1 java.desktop@9-internal
j  javax.swing.JComponent.getPreferredSize()Ljava/awt/Dimension;+39 java.desktop@9-internal
j  java.awt.BorderLayout.layoutContainer(Ljava/awt/Container;)V+89 java.desktop@9-internal
j  java.awt.Container.layout()V+11 java.desktop@9-internal
j  java.awt.Container.doLayout()V+1 java.desktop@9-internal
j  java.awt.Container.validateTree()V+47 java.desktop@9-internal
j  java.awt.Container.validateTree()V+110 java.desktop@9-internal
j  java.awt.Container.validateTree()V+110 java.desktop@9-internal
j  java.awt.Container.validateTree()V+110 java.desktop@9-internal
j  java.awt.Container.validate()V+60 java.desktop@9-internal
j  java.awt.Container.validateUnconditionally()V+14 java.desktop@9-internal
j  java.awt.Window.show()V+12 java.desktop@9-internal
j  java.awt.Component.show(Z)V+5 java.desktop@9-internal
j  java.awt.Component.setVisible(Z)V+2 java.desktop@9-internal
j  java.awt.Window.setVisible(Z)V+2 java.desktop@9-internal
j  org.netbeans.installer.utils.helper.swing.NbiFrame.setVisible(Z)V+62
j  org.netbeans.installer.wizard.containers.SwingFrameContainer.setVisible(Z)V+2
j  org.netbeans.installer.wizard.containers.SwingFrameContainer$4.run()V+5
j  java.awt.event.InvocationEvent.dispatch()V+47 java.desktop@9-internal
j  java.awt.EventQueue.dispatchEventImpl(Ljava/awt/AWTEvent;Ljava/lang/Object;)V+21 java.desktop@9-internal
j  java.awt.EventQueue.access$500(Ljava/awt/EventQueue;Ljava/awt/AWTEvent;Ljava/lang/Object;)V+3 java.desktop@9-internal
j  java.awt.EventQueue$3.run()Ljava/lang/Void;+32 java.desktop@9-internal
j  java.awt.EventQueue$3.run()Ljava/lang/Object;+1 java.desktop@9-internal
v  ~StubRoutines::call_stub
j  java.security.AccessController.doPrivileged(Ljava/security/PrivilegedAction;Ljava/security/AccessControlContext;)Ljava/lang/Object;+0 java.base@9-internal
j  java.security.ProtectionDomain$JavaSecurityAccessImpl.doIntersectionPrivilege(Ljava/security/PrivilegedAction;Ljava/security/AccessControlContext;Ljava/security/AccessControlContext;)Ljava/lang/Object;+18 java.base@9-internal
j  java.awt.EventQueue.dispatchEvent(Ljava/awt/AWTEvent;)V+46 java.desktop@9-internal
j  java.awt.EventDispatchThread.pumpOneEventForFilters(I)V+183 java.desktop@9-internal
j  java.awt.EventDispatchThread.pumpEventsForFilter(ILjava/awt/Conditional;Ljava/awt/EventFilter;)V+35 java.desktop@9-internal
j  java.awt.EventDispatchThread.pumpEventsForHierarchy(ILjava/awt/Conditional;Ljava/awt/Component;)V+11 java.desktop@9-internal
j  java.awt.EventDispatchThread.pumpEvents(ILjava/awt/Conditional;)V+4 java.desktop@9-internal
j  java.awt.EventDispatchThread.pumpEvents(Ljava/awt/Conditional;)V+3 java.desktop@9-internal
j  java.awt.EventDispatchThread.run()V+9 java.desktop@9-internal
v  ~StubRoutines::call_stub

siginfo: si_signo: 11 (SIGSEGV), si_code: 1 (SEGV_MAPERR), si_addr: 0x0000000000000000

Register to memory mapping:

RAX=0x0000000000000000 is an unknown value
RBX=0x0000000000000000 is an unknown value
RCX=0x0000000000000000 is an unknown value
RDX=0x0000000000010002 is an unknown value
RSP=0x00007f949ca32ca0 is pointing into the stack for thread: 0x00007f9534927800
RBP=0x00007f949ca32cb0 is pointing into the stack for thread: 0x00007f9534927800
RSI=0x0000000000010002 is an unknown value
RDI=0x0000000000000000 is an unknown value
R8 =0x0000000000000000 is an unknown value
R9 =0x0000000000000004 is an unknown value
R10=0x00000000000001db is an unknown value
R11=0x00007f9538fbeff0: JNU_GetEnv+0x0000000000000000 in /usr/lib/jvm/java-9-openjdk-amd64/lib/amd64/libjava.so at 0x00007f9538fa2000
R12=0x00007f949003df20 is an unknown value
R13=0x0000000000000000 is an unknown value
R14=0x0000000000000000 is an unknown value
R15=0x00007f9490046110 is an unknown value


Registers:
RAX=0x0000000000000000, RBX=0x0000000000000000, RCX=0x0000000000000000, RDX=0x0000000000010002
RSP=0x00007f949ca32ca0, RBP=0x00007f949ca32cb0, RSI=0x0000000000010002, RDI=0x0000000000000000
R8 =0x0000000000000000, R9 =0x0000000000000004, R10=0x00000000000001db, R11=0x00007f9538fbeff0
R12=0x00007f949003df20, R13=0x0000000000000000, R14=0x0000000000000000, R15=0x00007f9490046110
RIP=0x00007f9538fbf009, EFLAGS=0x0000000000010246, CSGSFS=0x0000000000000033, ERR=0x0000000000000004
  TRAPNO=0x000000000000000e

Top of Stack: (sp=0x00007f949ca32ca0)
0x00007f949ca32ca0:   0000000000000000 87dacb23901f5e00
0x00007f949ca32cb0:   00007f949ca32cf0 00007f94c5b9cf8e
0x00007f949ca32cc0:   00007f949003e470 00007f949003df20
0x00007f949ca32cd0:   0000000000000000 0000000000000000
0x00007f949ca32ce0:   00007f949003df20 00007f9490046110
0x00007f949ca32cf0:   0000000000000000 00007f94c58d3d1b
0x00007f949ca32d00:   0000000000000000 00007f94c5b65d80
0x00007f949ca32d10:   0000000000000000 00007f94c58e78d0
0x00007f949ca32d20:   0000000000000002 0000003200000008
0x00007f949ca32d30:   0000000000000000 0000000000000000
0x00007f949ca32d40:   0000006e0000005b 0000000000000000
0x00007f949ca32d50:   0000000000000000 0000007c00000077
0x00007f949ca32d60:   0000000000000001 0000003100000006
0x00007f949ca32d70:   0000000000000000 0000000000000000
0x00007f949ca32d80:   0000006e0000005b 00007f9490000020
0x00007f949ca32d90:   0000000000000070 00007f949ca32e44
0x00007f949ca32da0:   00007f949003e470 00007f9490046110
0x00007f949ca32db0:   00007f949ca32e44 00007f953b6cc5a4
0x00007f949ca32dc0:   00007f953a644f00 00007f949ca32df4
0x00007f949ca32dd0:   00007f94c5b629e0 87dacb23901f5e00
0x00007f949ca32de0:   0000000000000070 00007f949002a5e0
0x00007f949ca32df0:   00007f94c5b629e0 00007f949ca32f08
0x00007f949ca32e00:   00007f949003e470 00007f9490046110
0x00007f949ca32e10:   00007f9490046640 00007f94c58d64b2
0x00007f949ca32e20:   0000000100000000 00007f949ca32f10
0x00007f949ca32e30:   0000000000000000 0000000000000000
0x00007f949ca32e40:   000000009ca32f08 87dacb23901f5e00
0x00007f949ca32e50:   00007f949002a5e0 00007f949ca32f10
0x00007f949ca32e60:   0000000000000000 00007f949003e398
0x00007f949ca32e70:   00007f949ca33110 00007f949003e2f8
0x00007f949ca32e80:   00007f949003e470 00007f94c58d8571
0x00007f949ca32e90:   00007f949ca32f10 00007f94c58d8366 

Instructions: (pc=0x00007f9538fbf009)
0x00007f9538fbefe9:   ff eb ea 0f 1f 40 00 55 89 f2 48 89 e5 48 83 ec
0x00007f9538fbeff9:   10 64 48 8b 04 25 28 00 00 00 48 89 45 f8 31 c0
0x00007f9538fbf009:   48 8b 07 48 8d 75 f0 ff 50 30 48 8b 4d f8 64 48
0x00007f9538fbf019:   33 0c 25 28 00 00 00 48 8b 45 f0 75 02 c9 c3 e8 


---------------  P R O C E S S  ---------------

Java Threads: ( => current thread )
=>0x00007f9534927800 JavaThread "AWT-EventQueue-0" [_thread_in_native, id=6799, stack(0x00007f949c937000,0x00007f949ca38000)]
  0x00007f9534926800 JavaThread "AWT-Shutdown" [_thread_blocked, id=6798, stack(0x00007f94c7afb000,0x00007f94c7bfc000)]
  0x00007f9534919000 JavaThread "Image Fetcher 0" daemon [_thread_blocked, id=6797, stack(0x00007f94a619e000,0x00007f94a629f000)]
  0x00007f9534465000 JavaThread "AWT-XAWT" daemon [_thread_in_native, id=6792, stack(0x00007f94c5599000,0x00007f94c569a000)]
  0x00007f953445d000 JavaThread "Java2D Disposer" daemon [_thread_blocked, id=6785, stack(0x00007f94c79fa000,0x00007f94c7afb000)]
  0x00007f95342df000 JavaThread "SeedGenerator Thread" daemon [_thread_blocked, id=6750, stack(0x00007f94c7bfc000,0x00007f94c7cfd000)]
  0x00007f95341a9000 JavaThread "Service Thread" daemon [_thread_blocked, id=6748, stack(0x00007f94c7dfe000,0x00007f94c7eff000)]
  0x00007f9534175800 JavaThread "Common-Cleaner" daemon [_thread_blocked, id=6747, stack(0x00007f94c7eff000,0x00007f94c8000000)]
  0x00007f953414e000 JavaThread "Sweeper thread" daemon [_thread_blocked, id=6746, stack(0x00007f94ec7f7000,0x00007f94ec8f8000)]
  0x00007f953414c000 JavaThread "C1 CompilerThread2" daemon [_thread_blocked, id=6745, stack(0x00007f94ec8f8000,0x00007f94ec9f9000)]
  0x00007f953414a000 JavaThread "C2 CompilerThread1" daemon [_thread_blocked, id=6744, stack(0x00007f94ec9f9000,0x00007f94ecafa000)]
  0x00007f9534148000 JavaThread "C2 CompilerThread0" daemon [_thread_blocked, id=6743, stack(0x00007f94ecafa000,0x00007f94ecbfb000)]
  0x00007f9534144000 JavaThread "Signal Dispatcher" daemon [_thread_blocked, id=6742, stack(0x00007f94ecbfb000,0x00007f94eccfc000)]
  0x00007f9534142000 JavaThread "Surrogate Locker Thread (Concurrent GC)" daemon [_thread_blocked, id=6741, stack(0x00007f94eccfc000,0x00007f94ecdfd000)]
  0x00007f9534130800 JavaThread "Finalizer" daemon [_thread_blocked, id=6740, stack(0x00007f94ed4fd000,0x00007f94ed5fe000)]
  0x00007f953412c800 JavaThread "Reference Handler" daemon [_thread_blocked, id=6739, stack(0x00007f94ed5fe000,0x00007f94ed6ff000)]
  0x00007f9534011000 JavaThread "main" [_thread_blocked, id=6726, stack(0x00007f953bd20000,0x00007f953be21000)]

Other Threads:
  0x00007f9534122000 VMThread [stack: 0x00007f94ed6ff000,0x00007f94ed800000] [id=6738]
  0x00007f953423c000 WatcherThread [stack: 0x00007f94c7cfd000,0x00007f94c7dfe000] [id=6749]

Threads with active compile tasks:

VM state:not at safepoint (normal execution)

VM Mutex/Monitor currently owned by a thread: None

heap address: 0x00000000f0000000, size: 256 MB, Compressed Oops mode: 32-bit
Narrow klass base: 0x0000000000000000, Narrow klass shift: 3
Compressed class space size: 1073741824 Address: 0x0000000100000000

Heap:
 garbage-first heap   total 65536K, used 21810K [0x00000000f0000000, 0x00000000f0100200, 0x0000000100000000)
  region size 1024K, 21 young (21504K), 1 survivors (1024K)
 Metaspace       used 19017K, capacity 19454K, committed 19840K, reserved 1067008K
  class space    used 2191K, capacity 2353K, committed 2432K, reserved 1048576K

Heap Regions: E=young(eden), S=young(survivor), O=old, HS=humongous(starts), HC=humongous(continues), CS=collection set, F=free, A=archive, TS=gc time stamp, AC=allocation context, TAMS=top-at-mark-start (previous, next)
|   0|0x00000000f0000000, 0x00000000f0100000, 0x00000000f0100000|100%| O|  |TS  1|AC  0|TAMS 0x00000000f0000000, 0x00000000f0000000|
|   1|0x00000000f0100000, 0x00000000f014c800, 0x00000000f0200000| 29%| O|  |TS  1|AC  0|TAMS 0x00000000f0100000, 0x00000000f0100000|
|   2|0x00000000f0200000, 0x00000000f0200000, 0x00000000f0300000|  0%| F|  |TS  0|AC  0|TAMS 0x00000000f0200000, 0x00000000f0200000|
|   3|0x00000000f0300000, 0x00000000f0300000, 0x00000000f0400000|  0%| F|  |TS  0|AC  0|TAMS 0x00000000f0300000, 0x00000000f0300000|
|   4|0x00000000f0400000, 0x00000000f0400000, 0x00000000f0500000|  0%| F|  |TS  0|AC  0|TAMS 0x00000000f0400000, 0x00000000f0400000|
|   5|0x00000000f0500000, 0x00000000f0500000, 0x00000000f0600000|  0%| F|  |TS  0|AC  0|TAMS 0x00000000f0500000, 0x00000000f0500000|
|   6|0x00000000f0600000, 0x00000000f0600000, 0x00000000f0700000|  0%| F|  |TS  0|AC  0|TAMS 0x00000000f0600000, 0x00000000f0600000|
|   7|0x00000000f0700000, 0x00000000f0700000, 0x00000000f0800000|  0%| F|  |TS  0|AC  0|TAMS 0x00000000f0700000, 0x00000000f0700000|
|   8|0x00000000f0800000, 0x00000000f0800000, 0x00000000f0900000|  0%| F|  |TS  0|AC  0|TAMS 0x00000000f0800000, 0x00000000f0800000|
|   9|0x00000000f0900000, 0x00000000f0900000, 0x00000000f0a00000|  0%| F|  |TS  0|AC  0|TAMS 0x00000000f0900000, 0x00000000f0900000|
|  10|0x00000000f0a00000, 0x00000000f0a00000, 0x00000000f0b00000|  0%| F|  |TS  0|AC  0|TAMS 0x00000000f0a00000, 0x00000000f0a00000|
|  11|0x00000000f0b00000, 0x00000000f0b00000, 0x00000000f0c00000|  0%| F|  |TS  0|AC  0|TAMS 0x00000000f0b00000, 0x00000000f0b00000|
|  12|0x00000000f0c00000, 0x00000000f0c00000, 0x00000000f0d00000|  0%| F|  |TS  0|AC  0|TAMS 0x00000000f0c00000, 0x00000000f0c00000|
|  13|0x00000000f0d00000, 0x00000000f0d00000, 0x00000000f0e00000|  0%| F|  |TS  0|AC  0|TAMS 0x00000000f0d00000, 0x00000000f0d00000|
|  14|0x00000000f0e00000, 0x00000000f0e00000, 0x00000000f0f00000|  0%| F|  |TS  0|AC  0|TAMS 0x00000000f0e00000, 0x00000000f0e00000|
|  15|0x00000000f0f00000, 0x00000000f0f00000, 0x00000000f1000000|  0%| F|  |TS  0|AC  0|TAMS 0x00000000f0f00000, 0x00000000f0f00000|
|  16|0x00000000f1000000, 0x00000000f1000000, 0x00000000f1100000|  0%| F|  |TS  0|AC  0|TAMS 0x00000000f1000000, 0x00000000f1000000|
|  17|0x00000000f1100000, 0x00000000f1100000, 0x00000000f1200000|  0%| F|  |TS  0|AC  0|TAMS 0x00000000f1100000, 0x00000000f1100000|
|  18|0x00000000f1200000, 0x00000000f1200000, 0x00000000f1300000|  0%| F|  |TS  0|AC  0|TAMS 0x00000000f1200000, 0x00000000f1200000|
|  19|0x00000000f1300000, 0x00000000f1300000, 0x00000000f1400000|  0%| F|  |TS  0|AC  0|TAMS 0x00000000f1300000, 0x00000000f1300000|
|  20|0x00000000f1400000, 0x00000000f1400000, 0x00000000f1500000|  0%| F|  |TS  0|AC  0|TAMS 0x00000000f1400000, 0x00000000f1400000|
|  21|0x00000000f1500000, 0x00000000f1500000, 0x00000000f1600000|  0%| F|  |TS  0|AC  0|TAMS 0x00000000f1500000, 0x00000000f1500000|
|  22|0x00000000f1600000, 0x00000000f1600000, 0x00000000f1700000|  0%| F|  |TS  0|AC  0|TAMS 0x00000000f1600000, 0x00000000f1600000|
|  23|0x00000000f1700000, 0x00000000f1700000, 0x00000000f1800000|  0%| F|  |TS  0|AC  0|TAMS 0x00000000f1700000, 0x00000000f1700000|
|  24|0x00000000f1800000, 0x00000000f1800000, 0x00000000f1900000|  0%| F|  |TS  0|AC  0|TAMS 0x00000000f1800000, 0x00000000f1800000|
|  25|0x00000000f1900000, 0x00000000f1900000, 0x00000000f1a00000|  0%| F|  |TS  0|AC  0|TAMS 0x00000000f1900000, 0x00000000f1900000|
|  26|0x00000000f1a00000, 0x00000000f1a00000, 0x00000000f1b00000|  0%| F|  |TS  0|AC  0|TAMS 0x00000000f1a00000, 0x00000000f1a00000|
|  27|0x00000000f1b00000, 0x00000000f1b00000, 0x00000000f1c00000|  0%| F|  |TS  0|AC  0|TAMS 0x00000000f1b00000, 0x00000000f1b00000|
|  28|0x00000000f1c00000, 0x00000000f1c00000, 0x00000000f1d00000|  0%| F|  |TS  0|AC  0|TAMS 0x00000000f1c00000, 0x00000000f1c00000|
|  29|0x00000000f1d00000, 0x00000000f1d00000, 0x00000000f1e00000|  0%| F|  |TS  0|AC  0|TAMS 0x00000000f1d00000, 0x00000000f1d00000|
|  30|0x00000000f1e00000, 0x00000000f1e00000, 0x00000000f1f00000|  0%| F|  |TS  0|AC  0|TAMS 0x00000000f1e00000, 0x00000000f1e00000|
|  31|0x00000000f1f00000, 0x00000000f1f00000, 0x00000000f2000000|  0%| F|  |TS  0|AC  0|TAMS 0x00000000f1f00000, 0x00000000f1f00000|
|  32|0x00000000f2000000, 0x00000000f2000000, 0x00000000f2100000|  0%| F|  |TS  0|AC  0|TAMS 0x00000000f2000000, 0x00000000f2000000|
|  33|0x00000000f2100000, 0x00000000f2100000, 0x00000000f2200000|  0%| F|  |TS  0|AC  0|TAMS 0x00000000f2100000, 0x00000000f2100000|
|  34|0x00000000f2200000, 0x00000000f2200000, 0x00000000f2300000|  0%| F|  |TS  0|AC  0|TAMS 0x00000000f2200000, 0x00000000f2200000|
|  35|0x00000000f2300000, 0x00000000f2300000, 0x00000000f2400000|  0%| F|  |TS  0|AC  0|TAMS 0x00000000f2300000, 0x00000000f2300000|
|  36|0x00000000f2400000, 0x00000000f2400000, 0x00000000f2500000|  0%| F|  |TS  0|AC  0|TAMS 0x00000000f2400000, 0x00000000f2400000|
|  37|0x00000000f2500000, 0x00000000f2500000, 0x00000000f2600000|  0%| F|  |TS  0|AC  0|TAMS 0x00000000f2500000, 0x00000000f2500000|
|  38|0x00000000f2600000, 0x00000000f2600000, 0x00000000f2700000|  0%| F|  |TS  0|AC  0|TAMS 0x00000000f2600000, 0x00000000f2600000|
|  39|0x00000000f2700000, 0x00000000f2700000, 0x00000000f2800000|  0%| F|  |TS  0|AC  0|TAMS 0x00000000f2700000, 0x00000000f2700000|
|  40|0x00000000f2800000, 0x00000000f2800000, 0x00000000f2900000|  0%| F|  |TS  0|AC  0|TAMS 0x00000000f2800000, 0x00000000f2800000|
|  41|0x00000000f2900000, 0x00000000f2900000, 0x00000000f2a00000|  0%| F|  |TS  0|AC  0|TAMS 0x00000000f2900000, 0x00000000f2900000|
|  42|0x00000000f2a00000, 0x00000000f2a00000, 0x00000000f2b00000|  0%| F|  |TS  0|AC  0|TAMS 0x00000000f2a00000, 0x00000000f2a00000|
|  43|0x00000000f2b00000, 0x00000000f2c00000, 0x00000000f2c00000|100%| E|  |TS  0|AC  0|TAMS 0x00000000f2b00000, 0x00000000f2b00000|
|  44|0x00000000f2c00000, 0x00000000f2d00000, 0x00000000f2d00000|100%| E|CS|TS  0|AC  0|TAMS 0x00000000f2c00000, 0x00000000f2c00000|
|  45|0x00000000f2d00000, 0x00000000f2e00000, 0x00000000f2e00000|100%| E|CS|TS  0|AC  0|TAMS 0x00000000f2d00000, 0x00000000f2d00000|
|  46|0x00000000f2e00000, 0x00000000f2f00000, 0x00000000f2f00000|100%| E|CS|TS  0|AC  0|TAMS 0x00000000f2e00000, 0x00000000f2e00000|
|  47|0x00000000f2f00000, 0x00000000f3000000, 0x00000000f3000000|100%| E|CS|TS  0|AC  0|TAMS 0x00000000f2f00000, 0x00000000f2f00000|
|  48|0x00000000f3000000, 0x00000000f3100000, 0x00000000f3100000|100%| E|CS|TS  0|AC  0|TAMS 0x00000000f3000000, 0x00000000f3000000|
|  49|0x00000000f3100000, 0x00000000f3200000, 0x00000000f3200000|100%| E|CS|TS  0|AC  0|TAMS 0x00000000f3100000, 0x00000000f3100000|
|  50|0x00000000f3200000, 0x00000000f3300000, 0x00000000f3300000|100%| E|CS|TS  0|AC  0|TAMS 0x00000000f3200000, 0x00000000f3200000|
|  51|0x00000000f3300000, 0x00000000f3400000, 0x00000000f3400000|100%| E|CS|TS  0|AC  0|TAMS 0x00000000f3300000, 0x00000000f3300000|
|  52|0x00000000f3400000, 0x00000000f3500000, 0x00000000f3500000|100%| E|CS|TS  0|AC  0|TAMS 0x00000000f3400000, 0x00000000f3400000|
|  53|0x00000000f3500000, 0x00000000f3600000, 0x00000000f3600000|100%| E|CS|TS  0|AC  0|TAMS 0x00000000f3500000, 0x00000000f3500000|
|  54|0x00000000f3600000, 0x00000000f3700000, 0x00000000f3700000|100%| E|CS|TS  0|AC  0|TAMS 0x00000000f3600000, 0x00000000f3600000|
|  55|0x00000000f3700000, 0x00000000f3800000, 0x00000000f3800000|100%| E|CS|TS  0|AC  0|TAMS 0x00000000f3700000, 0x00000000f3700000|
|  56|0x00000000f3800000, 0x00000000f3900000, 0x00000000f3900000|100%| S|CS|TS  1|AC  0|TAMS 0x00000000f3800000, 0x00000000f3800000|
|  57|0x00000000f3900000, 0x00000000f3a00000, 0x00000000f3a00000|100%| E|CS|TS  0|AC  0|TAMS 0x00000000f3900000, 0x00000000f3900000|
|  58|0x00000000f3a00000, 0x00000000f3b00000, 0x00000000f3b00000|100%| E|CS|TS  0|AC  0|TAMS 0x00000000f3a00000, 0x00000000f3a00000|
|  59|0x00000000f3b00000, 0x00000000f3c00000, 0x00000000f3c00000|100%| E|CS|TS  0|AC  0|TAMS 0x00000000f3b00000, 0x00000000f3b00000|
|  60|0x00000000f3c00000, 0x00000000f3d00000, 0x00000000f3d00000|100%| E|CS|TS  0|AC  0|TAMS 0x00000000f3c00000, 0x00000000f3c00000|
|  61|0x00000000f3d00000, 0x00000000f3e00000, 0x00000000f3e00000|100%| E|CS|TS  0|AC  0|TAMS 0x00000000f3d00000, 0x00000000f3d00000|
|  62|0x00000000f3e00000, 0x00000000f3f00000, 0x00000000f3f00000|100%| E|CS|TS  0|AC  0|TAMS 0x00000000f3e00000, 0x00000000f3e00000|
|  63|0x00000000f3f00000, 0x00000000f4000000, 0x00000000f4000000|100%| E|CS|TS  0|AC  0|TAMS 0x00000000f3f00000, 0x00000000f3f00000|

Card table byte_map: [0x00007f951cf45000,0x00007f951cfc5000] byte_map_base: 0x00007f951c7c5000

Marking Bits (Prev, Next): (CMBitMap*) 0x00007f953403d720, (CMBitMap*) 0x00007f953403d778
 Prev Bits: [0x00007f951cac5000, 0x00007f951cec5000)
 Next Bits: [0x00007f951c6c5000, 0x00007f951cac5000)

Polling page: 0x00007f953be43000

CodeHeap 'non-nmethods': size=5696Kb used=1307Kb max_used=1307Kb free=4388Kb
 bounds [0x00007f951dc51000, 0x00007f951dec1000, 0x00007f951e1e1000]
CodeHeap 'profiled nmethods': size=120032Kb used=2839Kb max_used=2839Kb free=117192Kb
 bounds [0x00007f951e1e1000, 0x00007f951e4b1000, 0x00007f9525719000]
CodeHeap 'non-profiled nmethods': size=120032Kb used=458Kb max_used=458Kb free=119573Kb
 bounds [0x00007f9525719000, 0x00007f9525989000, 0x00007f952cc51000]
 total_blobs=2353 nmethods=1475 adapters=516
 compilation: enabled

Compilation events (10 events):
Event: 22.089 Thread 0x00007f953414c000 1470       3       java.lang.ThreadLocal::get (38 bytes)
Event: 22.090 Thread 0x00007f953414c000 nmethod 1470 0x00007f951e4a5410 code [0x00007f951e4a55c0, 0x00007f951e4a5948]
Event: 22.094 Thread 0x00007f953414c000 1471       3       sun.awt.X11.XWrapperBase::<init> (5 bytes)
Event: 22.095 Thread 0x00007f953414c000 nmethod 1471 0x00007f951e4a5a90 code [0x00007f951e4a5c00, 0x00007f951e4a5db0]
Event: 22.098 Thread 0x00007f953414c000 1472       3       java.awt.Component::getContainer (5 bytes)
Event: 22.099 Thread 0x00007f953414c000 nmethod 1472 0x00007f951e4a5e90 code [0x00007f951e4a6000, 0x00007f951e4a61f0]
Event: 22.099 Thread 0x00007f953414c000 1473       3       java.awt.Component::checkTreeLock (21 bytes)
Event: 22.101 Thread 0x00007f953414c000 nmethod 1473 0x00007f951e4a6290 code [0x00007f951e4a6440, 0x00007f951e4a6798]
Event: 22.101 Thread 0x00007f953414c000 1475       3       java.awt.Component::isLightweight (8 bytes)
Event: 22.102 Thread 0x00007f953414c000 nmethod 1475 0x00007f951e4a6890 code [0x00007f951e4a6a20, 0x00007f951e4a6c90]

GC Heap History (2 events):
Event: 8.909 GC heap before
{Heap before GC invocations=0 (full 0):
 garbage-first heap   total 65536K, used 7168K [0x00000000f0000000, 0x00000000f0100200, 0x0000000100000000)
  region size 1024K, 7 young (7168K), 0 survivors (0K)
 Metaspace       used 7090K, capacity 7220K, committed 7424K, reserved 1056768K
  class space    used 720K, capacity 768K, committed 768K, reserved 1048576K
}
Event: 8.949 GC heap after
{Heap after GC invocations=1 (full 0):
 garbage-first heap   total 65536K, used 2354K [0x00000000f0000000, 0x00000000f0100200, 0x0000000100000000)
  region size 1024K, 1 young (1024K), 1 survivors (1024K)
 Metaspace       used 7090K, capacity 7220K, committed 7424K, reserved 1056768K
  class space    used 720K, capacity 768K, committed 768K, reserved 1048576K
}

Deoptimization events (10 events):
Event: 17.223 Thread 0x00007f9534011000 Uncommon trap: reason=bimorphic_or_optimized_type_check action=maybe_recompile pc=0x00007f952576f4d4 method=java.util.HashMap.putVal(ILjava/lang/Object;Ljava/lang/Object;ZZ)Ljava/lang/Object; @ 91
Event: 17.223 Thread 0x00007f9534011000 Uncommon trap: reason=bimorphic_or_optimized_type_check action=maybe_recompile pc=0x00007f952576f4d4 method=java.util.HashMap.putVal(ILjava/lang/Object;Ljava/lang/Object;ZZ)Ljava/lang/Object; @ 91
Event: 19.719 Thread 0x00007f9534011000 Uncommon trap: reason=unstable_if action=reinterpret pc=0x00007f952576441c method=java.lang.ref.SoftReference.get()Ljava/lang/Object; @ 6
Event: 20.196 Thread 0x00007f9534011000 Uncommon trap: reason=unstable_if action=reinterpret pc=0x00007f9525751da4 method=java.lang.String.startsWith(Ljava/lang/String;I)Z @ 1
Event: 20.976 Thread 0x00007f9534919000 Uncommon trap: reason=unstable_if action=reinterpret pc=0x00007f952577d804 method=java.lang.ThreadLocal.get()Ljava/lang/Object; @ 11
Event: 21.529 Thread 0x00007f9534011000 Uncommon trap: reason=class_check action=maybe_recompile pc=0x00007f952577b988 method=java.lang.String.equals(Ljava/lang/Object;)Z @ 8
Event: 21.529 Thread 0x00007f9534011000 Uncommon trap: reason=class_check action=maybe_recompile pc=0x00007f952577b988 method=java.lang.String.equals(Ljava/lang/Object;)Z @ 8
Event: 21.530 Thread 0x00007f9534011000 Uncommon trap: reason=class_check action=maybe_recompile pc=0x00007f952577b988 method=java.lang.String.equals(Ljava/lang/Object;)Z @ 8
Event: 21.530 Thread 0x00007f9534011000 Uncommon trap: reason=class_check action=maybe_recompile pc=0x00007f952577b988 method=java.lang.String.equals(Ljava/lang/Object;)Z @ 8
Event: 21.948 Thread 0x00007f9534927800 Uncommon trap: reason=unstable_fused_if action=reinterpret pc=0x00007f9525785638 method=jdk.internal.org.objectweb.asm.ByteVector.putUTF8(Ljava/lang/String;)Ljdk/internal/org/objectweb/asm/ByteVector; @ 91

Classes redefined (0 events):
No events

Internal exceptions (10 events):
Event: 9.764 Thread 0x00007f9534011000 Exception <a 'java/lang/ClassNotFoundException': com/sun/org/apache/xerces/internal/impl/xpath/regex/messageProvider> (0x00000000f3bd7ef0) thrown at [/build/openjdk-9-argm_o/openjdk-9-9~b114/src/hotspot/src/share/vm/classfile/systemDictionary.cpp, line 22
Event: 10.253 Thread 0x00007f9534011000 Exception <a 'java/lang/ClassNotFoundException': sun/awt/resources/awtProvider> (0x00000000f336c928) thrown at [/build/openjdk-9-argm_o/openjdk-9-9~b114/src/hotspot/src/share/vm/classfile/systemDictionary.cpp, line 224]
Event: 10.421 Thread 0x00007f9534011000 Exception <a 'java/io/FileNotFoundException'> (0x00000000f33788c8) thrown at [/build/openjdk-9-argm_o/openjdk-9-9~b114/src/hotspot/src/share/vm/prims/jni.cpp, line 605]
Event: 10.422 Thread 0x00007f9534011000 Exception <a 'java/io/FileNotFoundException'> (0x00000000f337b1b0) thrown at [/build/openjdk-9-argm_o/openjdk-9-9~b114/src/hotspot/src/share/vm/prims/jni.cpp, line 605]
Event: 15.950 Thread 0x00007f9534011000 Implicit null exception at 0x00007f9525757c35 to 0x00007f9525757de5
Event: 15.950 Thread 0x00007f9534011000 Implicit null exception at 0x00007f9525725538 to 0x00007f95257255c6
Event: 20.176 Thread 0x00007f9534011000 Exception <a 'java/lang/ClassNotFoundException': com/sun/java/swing/plaf/gtk/resources/gtkProvider> (0x00000000f2d4e650) thrown at [/build/openjdk-9-argm_o/openjdk-9-9~b114/src/hotspot/src/share/vm/classfile/systemDictionary.cpp, line 224]
Event: 20.188 Thread 0x00007f9534011000 Exception <a 'java/lang/ClassNotFoundException': com/sun/swing/internal/plaf/synth/resources/synthProvider> (0x00000000f2d52158) thrown at [/build/openjdk-9-argm_o/openjdk-9-9~b114/src/hotspot/src/share/vm/classfile/systemDictionary.cpp, line 224]
Event: 20.192 Thread 0x00007f9534011000 Exception <a 'java/lang/ClassNotFoundException': com/sun/swing/internal/plaf/basic/resources/basicProvider> (0x00000000f2d55388) thrown at [/build/openjdk-9-argm_o/openjdk-9-9~b114/src/hotspot/src/share/vm/classfile/systemDictionary.cpp, line 224]
Event: 20.976 Thread 0x00007f9534919000 Implicit null exception at 0x00007f952577d709 to 0x00007f952577d7f1

Events (10 events):
Event: 22.110 loading class sun/font/StrikeCache$DisposableStrike done
Event: 22.110 loading class sun/font/StrikeCache$SoftDisposerRef done
Event: 22.110 loading class sun/font/FileFontStrike
Event: 22.121 loading class sun/font/FileFontStrike done
Event: 22.122 Executing VM operation: RevokeBias
Event: 22.122 Executing VM operation: RevokeBias done
Event: 22.122 loading class sun/font/FontScaler
Event: 22.126 loading class sun/font/FontScaler done
Event: 22.126 loading class sun/font/FreetypeFontScaler
Event: 22.126 loading class sun/font/FreetypeFontScaler done


Dynamic libraries:
00400000-00401000 r-xp 00000000 fc:00 9836447                            /usr/lib/jvm/java-9-openjdk-amd64/bin/java
00600000-00601000 r--p 00000000 fc:00 9836447                            /usr/lib/jvm/java-9-openjdk-amd64/bin/java
00601000-00602000 rw-p 00001000 fc:00 9836447                            /usr/lib/jvm/java-9-openjdk-amd64/bin/java
00a62000-00a83000 rw-p 00000000 00:00 0                                  [heap]
f0000000-f4000000 rw-p 00000000 00:00 0 
f4000000-100000000 ---p 00000000 00:00 0 
100000000-100260000 rw-p 00000000 00:00 0 
100260000-140000000 ---p 00000000 00:00 0 
7f9490000000-7f949004a000 rw-p 00000000 00:00 0 
7f949004a000-7f9494000000 ---p 00000000 00:00 0 
7f9498000000-7f9498022000 rw-p 00000000 00:00 0 
7f9498022000-7f949c000000 ---p 00000000 00:00 0 
7f949c737000-7f949c837000 rw-p 00000000 00:00 0 
7f949c837000-7f949c937000 ---p 00000000 00:00 0 
7f949c937000-7f949c93b000 ---p 00000000 00:00 0 
7f949c93b000-7f949cc38000 rw-p 00000000 00:00 0 
7f949cc38000-7f949cc3d000 r-xp 00000000 fc:00 9830893                    /usr/lib/x86_64-linux-gnu/gdk-pixbuf-2.0/2.10.0/loaders/libpixbufloader-png.so
7f949cc3d000-7f949ce3c000 ---p 00005000 fc:00 9830893                    /usr/lib/x86_64-linux-gnu/gdk-pixbuf-2.0/2.10.0/loaders/libpixbufloader-png.so
7f949ce3c000-7f949ce3d000 r--p 00004000 fc:00 9830893                    /usr/lib/x86_64-linux-gnu/gdk-pixbuf-2.0/2.10.0/loaders/libpixbufloader-png.so
7f949ce3d000-7f949ce3e000 rw-p 00005000 fc:00 9830893                    /usr/lib/x86_64-linux-gnu/gdk-pixbuf-2.0/2.10.0/loaders/libpixbufloader-png.so
7f949ce3e000-7f949ce5d000 r--s 00000000 fc:00 9963461                    /usr/share/mime/mime.cache
7f949ce5d000-7f949ce5e000 ---p 00000000 00:00 0 
7f949ce5e000-7f949d65e000 rw-p 00000000 00:00 0 
7f949d65e000-7f949d65f000 ---p 00000000 00:00 0 
7f949d65f000-7f949de5f000 rw-p 00000000 00:00 0 
7f949de5f000-7f949de60000 ---p 00000000 00:00 0 
7f949de60000-7f949e660000 rw-p 00000000 00:00 0 
7f949e660000-7f949e696000 r-xp 00000000 fc:00 9831371                    /usr/lib/x86_64-linux-gnu/gvfs/libgvfscommon.so
7f949e696000-7f949e896000 ---p 00036000 fc:00 9831371                    /usr/lib/x86_64-linux-gnu/gvfs/libgvfscommon.so
7f949e896000-7f949e89b000 r--p 00036000 fc:00 9831371                    /usr/lib/x86_64-linux-gnu/gvfs/libgvfscommon.so
7f949e89b000-7f949e89c000 rw-p 0003b000 fc:00 9831371                    /usr/lib/x86_64-linux-gnu/gvfs/libgvfscommon.so
7f949e89c000-7f949e8cc000 r-xp 00000000 fc:00 9831365                    /usr/lib/x86_64-linux-gnu/gio/modules/libgvfsdbus.so
7f949e8cc000-7f949eacb000 ---p 00030000 fc:00 9831365                    /usr/lib/x86_64-linux-gnu/gio/modules/libgvfsdbus.so
7f949eacb000-7f949eacc000 r--p 0002f000 fc:00 9831365                    /usr/lib/x86_64-linux-gnu/gio/modules/libgvfsdbus.so
7f949eacc000-7f949eacd000 rw-p 00030000 fc:00 9831365                    /usr/lib/x86_64-linux-gnu/gio/modules/libgvfsdbus.so
7f949eacd000-7f949eace000 rw-p 00000000 00:00 0 
7f949eace000-7f949eb34000 r-xp 00000000 fc:00 9577206                    /usr/lib/x86_64-linux-gnu/libibus-1.0.so.5.0.511
7f949eb34000-7f949ed33000 ---p 00066000 fc:00 9577206                    /usr/lib/x86_64-linux-gnu/libibus-1.0.so.5.0.511
7f949ed33000-7f949ed35000 r--p 00065000 fc:00 9577206                    /usr/lib/x86_64-linux-gnu/libibus-1.0.so.5.0.511
7f949ed35000-7f949ed36000 rw-p 00067000 fc:00 9577206                    /usr/lib/x86_64-linux-gnu/libibus-1.0.so.5.0.511
7f949ed36000-7f949ed37000 rw-p 00000000 00:00 0 
7f949ed55000-7f949ed5b000 r-xp 00000000 fc:00 9833687                    /usr/lib/x86_64-linux-gnu/gtk-2.0/2.10.0/immodules/im-ibus.so
7f949ed5b000-7f949ef5b000 ---p 00006000 fc:00 9833687                    /usr/lib/x86_64-linux-gnu/gtk-2.0/2.10.0/immodules/im-ibus.so
7f949ef5b000-7f949ef5c000 r--p 00006000 fc:00 9833687                    /usr/lib/x86_64-linux-gnu/gtk-2.0/2.10.0/immodules/im-ibus.so
7f949ef5c000-7f949ef5d000 rw-p 00007000 fc:00 9833687                    /usr/lib/x86_64-linux-gnu/gtk-2.0/2.10.0/immodules/im-ibus.so
7f949ef5d000-7f949ef6e000 r--p 00000000 fc:00 10617565                   /usr/share/fonts/opentype/cantarell/Cantarell-Regular.otf
7f949ef6e000-7f949ef7e000 r--s 00000000 fc:00 10618776                   /usr/share/fonts/type1/gsfonts/a010033l.pfb
7f949ef7e000-7f949ef87000 r--s 00000000 fc:00 10618869                   /usr/share/fonts/type1/gsfonts/s050000l.pfb
7f949ef87000-7f949efa0000 r--s 00000000 fc:00 10618782                   /usr/share/fonts/type1/gsfonts/b018012l.pfb
7f949efa0000-7f949efb6000 r--s 00000000 fc:00 10618842                   /usr/share/fonts/type1/gsfonts/n021024l.pfb
7f949efb6000-7f949efd1000 r--s 00000000 fc:00 10618860                   /usr/share/fonts/type1/gsfonts/p052004l.pfb
7f949efd1000-7f949efe2000 r--s 00000000 fc:00 10618827                   /usr/share/fonts/type1/gsfonts/n019063l.pfb
7f949efe2000-7f949effc000 r--s 00000000 fc:00 10618794                   /usr/share/fonts/type1/gsfonts/c059013l.pfb
7f949effc000-7f949f013000 r--s 00000000 fc:00 10618872                   /usr/share/fonts/type1/gsfonts/z003034l.pfb
7f949f013000-7f949f025000 r--s 00000000 fc:00 10618824                   /usr/share/fonts/type1/gsfonts/n019044l.pfb
7f949f025000-7f949f03b000 r--s 00000000 fc:00 10618851                   /usr/share/fonts/type1/gsfonts/n022023l.pfb
7f949f03b000-7f949f04d000 r--s 00000000 fc:00 10618791                   /usr/share/fonts/type1/gsfonts/b018035l.pfb
7f949f04d000-7f949f05e000 r--s 00000000 fc:00 10618818                   /usr/share/fonts/type1/gsfonts/n019024l.pfb
7f949f05e000-7f949f06a000 r--s 00000000 fc:00 10618806                   /usr/share/fonts/type1/gsfonts/d050000l.pfb
7f949f06a000-7f949f082000 r--s 00000000 fc:00 10618803                   /usr/share/fonts/type1/gsfonts/c059036l.pfb
7f949f082000-7f949f09b000 r--s 00000000 fc:00 10618833                   /usr/share/fonts/type1/gsfonts/n021003l.pfb
7f949f09b000-7f949f0ae000 r--s 00000000 fc:00 10618830                   /usr/share/fonts/type1/gsfonts/n019064l.pfb
7f949f0ae000-7f949f0c0000 r--s 00000000 fc:00 10618821                   /usr/share/fonts/type1/gsfonts/n019043l.pfb
7f949f0c0000-7f949f0d3000 r--s 00000000 fc:00 10618785                   /usr/share/fonts/type1/gsfonts/b018015l.pfb
7f949f0d3000-7f949f0ee000 r--s 00000000 fc:00 10618863                   /usr/share/fonts/type1/gsfonts/p052023l.pfb
7f949f0ee000-7f949f104000 r--s 00000000 fc:00 10618854                   /usr/share/fonts/type1/gsfonts/n022024l.pfb
7f949f104000-7f949f11b000 r--s 00000000 fc:00 10618839                   /usr/share/fonts/type1/gsfonts/n021023l.pfb
7f949f11b000-7f949f12f000 r--s 00000000 fc:00 10618809                   /usr/share/fonts/type1/gsfonts/n019003l.pfb
7f949f12f000-7f949f144000 r--s 00000000 fc:00 10618788                   /usr/share/fonts/type1/gsfonts/b018032l.pfb
7f949f144000-7f949f15f000 r--s 00000000 fc:00 10618857                   /usr/share/fonts/type1/gsfonts/p052003l.pfb
7f949f15f000-7f949f17b000 r--s 00000000 fc:00 10618866                   /usr/share/fonts/type1/gsfonts/p052024l.pfb
7f949f17b000-7f949f18d000 r--s 00000000 fc:00 10618812                   /usr/share/fonts/type1/gsfonts/n019004l.pfb
7f949f18d000-7f949f194000 r-xp 00000000 fc:00 9577451                    /usr/lib/x86_64-linux-gnu/libogg.so.0.8.2
7f949f194000-7f949f394000 ---p 00007000 fc:00 9577451                    /usr/lib/x86_64-linux-gnu/libogg.so.0.8.2
7f949f394000-7f949f395000 r--p 00007000 fc:00 9577451                    /usr/lib/x86_64-linux-gnu/libogg.so.0.8.2
7f949f395000-7f949f396000 rw-p 00008000 fc:00 9577451                    /usr/lib/x86_64-linux-gnu/libogg.so.0.8.2
7f949f396000-7f949f3c0000 r-xp 00000000 fc:00 9577795                    /usr/lib/x86_64-linux-gnu/libvorbis.so.0.4.8
7f949f3c0000-7f949f5c0000 ---p 0002a000 fc:00 9577795                    /usr/lib/x86_64-linux-gnu/libvorbis.so.0.4.8
7f949f5c0000-7f949f5c1000 r--p 0002a000 fc:00 9577795                    /usr/lib/x86_64-linux-gnu/libvorbis.so.0.4.8
7f949f5c1000-7f949f5c2000 rw-p 0002b000 fc:00 9577795                    /usr/lib/x86_64-linux-gnu/libvorbis.so.0.4.8
7f949f5c2000-7f949f5cb000 r-xp 00000000 fc:00 9577314                    /usr/lib/x86_64-linux-gnu/libltdl.so.7.3.1
7f949f5cb000-7f949f7ca000 ---p 00009000 fc:00 9577314                    /usr/lib/x86_64-linux-gnu/libltdl.so.7.3.1
7f949f7ca000-7f949f7cb000 r--p 00008000 fc:00 9577314                    /usr/lib/x86_64-linux-gnu/libltdl.so.7.3.1
7f949f7cb000-7f949f7cc000 rw-p 00009000 fc:00 9577314                    /usr/lib/x86_64-linux-gnu/libltdl.so.7.3.1
7f949f7cc000-7f949f7e0000 r-xp 00000000 fc:00 9577699                    /usr/lib/x86_64-linux-gnu/libtdb.so.1.3.8
7f949f7e0000-7f949f9df000 ---p 00014000 fc:00 9577699                    /usr/lib/x86_64-linux-gnu/libtdb.so.1.3.8
7f949f9df000-7f949f9e0000 r--p 00013000 fc:00 9577699                    /usr/lib/x86_64-linux-gnu/libtdb.so.1.3.8
7f949f9e0000-7f949f9e1000 rw-p 00014000 fc:00 9577699                    /usr/lib/x86_64-linux-gnu/libtdb.so.1.3.8
7f949f9e1000-7f949f9e8000 r-xp 00000000 fc:00 9577799                    /usr/lib/x86_64-linux-gnu/libvorbisfile.so.3.3.7
7f949f9e8000-7f949fbe8000 ---p 00007000 fc:00 9577799                    /usr/lib/x86_64-linux-gnu/libvorbisfile.so.3.3.7
7f949fbe8000-7f949fbe9000 r--p 00007000 fc:00 9577799                    /usr/lib/x86_64-linux-gnu/libvorbisfile.so.3.3.7
7f949fbe9000-7f949fbea000 rw-p 00008000 fc:00 9577799                    /usr/lib/x86_64-linux-gnu/libvorbisfile.so.3.3.7
7f949fbea000-7f949fbfa000 r-xp 00000000 fc:00 9576713                    /usr/lib/x86_64-linux-gnu/libcanberra.so.0.2.5
7f949fbfa000-7f949fdf9000 ---p 00010000 fc:00 9576713                    /usr/lib/x86_64-linux-gnu/libcanberra.so.0.2.5
7f949fdf9000-7f949fdfa000 r--p 0000f000 fc:00 9576713                    /usr/lib/x86_64-linux-gnu/libcanberra.so.0.2.5
7f949fdfa000-7f949fdfb000 rw-p 00010000 fc:00 9576713                    /usr/lib/x86_64-linux-gnu/libcanberra.so.0.2.5
7f949fdfb000-7f949fdff000 r-xp 00000000 fc:00 9576709                    /usr/lib/x86_64-linux-gnu/libcanberra-gtk.so.0.1.9
7f949fdff000-7f949fffe000 ---p 00004000 fc:00 9576709                    /usr/lib/x86_64-linux-gnu/libcanberra-gtk.so.0.1.9
7f949fffe000-7f949ffff000 r--p 00003000 fc:00 9576709                    /usr/lib/x86_64-linux-gnu/libcanberra-gtk.so.0.1.9
7f949ffff000-7f94a0000000 rw-p 00004000 fc:00 9576709                    /usr/lib/x86_64-linux-gnu/libcanberra-gtk.so.0.1.9
7f94a0000000-7f94a0021000 rw-p 00000000 00:00 0 
7f94a0021000-7f94a4000000 ---p 00000000 00:00 0 
7f94a4007000-7f94a400c000 r-xp 00000000 fc:00 9833701                    /usr/lib/x86_64-linux-gnu/gtk-2.0/modules/libcanberra-gtk-module.so
7f94a400c000-7f94a420b000 ---p 00005000 fc:00 9833701                    /usr/lib/x86_64-linux-gnu/gtk-2.0/modules/libcanberra-gtk-module.so
7f94a420b000-7f94a420c000 r--p 00004000 fc:00 9833701                    /usr/lib/x86_64-linux-gnu/gtk-2.0/modules/libcanberra-gtk-module.so
7f94a420c000-7f94a420d000 rw-p 00005000 fc:00 9833701                    /usr/lib/x86_64-linux-gnu/gtk-2.0/modules/libcanberra-gtk-module.so
7f94a420d000-7f94a4210000 r-xp 00000000 fc:00 9833681                    /usr/lib/x86_64-linux-gnu/gtk-2.0/2.10.0/engines/libadwaita.so
7f94a4210000-7f94a440f000 ---p 00003000 fc:00 9833681                    /usr/lib/x86_64-linux-gnu/gtk-2.0/2.10.0/engines/libadwaita.so
7f94a440f000-7f94a4410000 r--p 00002000 fc:00 9833681                    /usr/lib/x86_64-linux-gnu/gtk-2.0/2.10.0/engines/libadwaita.so
7f94a4410000-7f94a4411000 rw-p 00003000 fc:00 9833681                    /usr/lib/x86_64-linux-gnu/gtk-2.0/2.10.0/engines/libadwaita.so
7f94a4411000-7f94a441b000 r-xp 00000000 fc:00 9833683                    /usr/lib/x86_64-linux-gnu/gtk-2.0/2.10.0/engines/libpixmap.so
7f94a441b000-7f94a461a000 ---p 0000a000 fc:00 9833683                    /usr/lib/x86_64-linux-gnu/gtk-2.0/2.10.0/engines/libpixmap.so
7f94a461a000-7f94a461b000 r--p 00009000 fc:00 9833683                    /usr/lib/x86_64-linux-gnu/gtk-2.0/2.10.0/engines/libpixmap.so
7f94a461b000-7f94a461c000 rw-p 0000a000 fc:00 9833683                    /usr/lib/x86_64-linux-gnu/gtk-2.0/2.10.0/engines/libpixmap.so
7f94a461c000-7f94a461d000 r-xp 00000000 fc:00 9568660                    /usr/lib/x86_64-linux-gnu/libgthread-2.0.so.0.4800.1
7f94a461d000-7f94a481c000 ---p 00001000 fc:00 9568660                    /usr/lib/x86_64-linux-gnu/libgthread-2.0.so.0.4800.1
7f94a481c000-7f94a481d000 r--p 00000000 fc:00 9568660                    /usr/lib/x86_64-linux-gnu/libgthread-2.0.so.0.4800.1
7f94a481d000-7f94a481e000 rw-p 00001000 fc:00 9568660                    /usr/lib/x86_64-linux-gnu/libgthread-2.0.so.0.4800.1
7f94a481e000-7f94a4a1e000 rw-p 00000000 00:00 0 
7f94a4a1e000-7f94a4a24000 r-xp 00000000 fc:00 9576803                    /usr/lib/x86_64-linux-gnu/libdatrie.so.1.3.3
7f94a4a24000-7f94a4c24000 ---p 00006000 fc:00 9576803                    /usr/lib/x86_64-linux-gnu/libdatrie.so.1.3.3
7f94a4c24000-7f94a4c25000 r--p 00006000 fc:00 9576803                    /usr/lib/x86_64-linux-gnu/libdatrie.so.1.3.3
7f94a4c25000-7f94a4c26000 rw-p 00007000 fc:00 9576803                    /usr/lib/x86_64-linux-gnu/libdatrie.so.1.3.3
7f94a4c26000-7f94a4c49000 r-xp 00000000 fc:00 9577087                    /usr/lib/x86_64-linux-gnu/libgraphite2.so.3.0.1
7f94a4c49000-7f94a4e48000 ---p 00023000 fc:00 9577087                    /usr/lib/x86_64-linux-gnu/libgraphite2.so.3.0.1
7f94a4e48000-7f94a4e4a000 r--p 00022000 fc:00 9577087                    /usr/lib/x86_64-linux-gnu/libgraphite2.so.3.0.1
7f94a4e4a000-7f94a4e4b000 rw-p 00024000 fc:00 9577087                    /usr/lib/x86_64-linux-gnu/libgraphite2.so.3.0.1
7f94a4e4b000-7f94a4e71000 r-xp 00000000 fc:00 30016793                   /lib/x86_64-linux-gnu/libexpat.so.1.6.0
7f94a4e71000-7f94a5071000 ---p 00026000 fc:00 30016793                   /lib/x86_64-linux-gnu/libexpat.so.1.6.0
7f94a5071000-7f94a5073000 r--p 00026000 fc:00 30016793                   /lib/x86_64-linux-gnu/libexpat.so.1.6.0
7f94a5073000-7f94a5074000 rw-p 00028000 fc:00 30016793                   /lib/x86_64-linux-gnu/libexpat.so.1.6.0
7f94a5074000-7f94a50e2000 r-xp 00000000 fc:00 30020069                   /lib/x86_64-linux-gnu/libpcre.so.3.13.2
7f94a50e2000-7f94a52e2000 ---p 0006e000 fc:00 30020069                   /lib/x86_64-linux-gnu/libpcre.so.3.13.2
7f94a52e2000-7f94a52e3000 r--p 0006e000 fc:00 30020069                   /lib/x86_64-linux-gnu/libpcre.so.3.13.2
7f94a52e3000-7f94a52e4000 rw-p 0006f000 fc:00 30020069                   /lib/x86_64-linux-gnu/libpcre.so.3.13.2
7f94a52e4000-7f94a52eb000 r-xp 00000000 fc:00 9576922                    /usr/lib/x86_64-linux-gnu/libffi.so.6.0.4
7f94a52eb000-7f94a54ea000 ---p 00007000 fc:00 9576922                    /usr/lib/x86_64-linux-gnu/libffi.so.6.0.4
7f94a54ea000-7f94a54eb000 r--p 00006000 fc:00 9576922                    /usr/lib/x86_64-linux-gnu/libffi.so.6.0.4
7f94a54eb000-7f94a54ec000 rw-p 00007000 fc:00 9576922                    /usr/lib/x86_64-linux-gnu/libffi.so.6.0.4
7f94a54ec000-7f94a54f4000 r-xp 00000000 fc:00 9577711                    /usr/lib/x86_64-linux-gnu/libthai.so.0.2.4
7f94a54f4000-7f94a56f3000 ---p 00008000 fc:00 9577711                    /usr/lib/x86_64-linux-gnu/libthai.so.0.2.4
7f94a56f3000-7f94a56f4000 r--p 00007000 fc:00 9577711                    /usr/lib/x86_64-linux-gnu/libthai.so.0.2.4
7f94a56f4000-7f94a56f5000 rw-p 00008000 fc:00 9577711                    /usr/lib/x86_64-linux-gnu/libthai.so.0.2.4
7f94a56f5000-7f94a5751000 r-xp 00000000 fc:00 9576052                    /usr/lib/x86_64-linux-gnu/libharfbuzz.so.0.10000.1
7f94a5751000-7f94a5951000 ---p 0005c000 fc:00 9576052                    /usr/lib/x86_64-linux-gnu/libharfbuzz.so.0.10000.1
7f94a5951000-7f94a5952000 r--p 0005c000 fc:00 9576052                    /usr/lib/x86_64-linux-gnu/libharfbuzz.so.0.10000.1
7f94a5952000-7f94a5953000 rw-p 0005d000 fc:00 9576052                    /usr/lib/x86_64-linux-gnu/libharfbuzz.so.0.10000.1
7f94a5953000-7f94a596a000 r-xp 00000000 fc:00 30020092                   /lib/x86_64-linux-gnu/libresolv-2.23.so
7f94a596a000-7f94a5b6a000 ---p 00017000 fc:00 30020092                   /lib/x86_64-linux-gnu/libresolv-2.23.so
7f94a5b6a000-7f94a5b6b000 r--p 00017000 fc:00 30020092                   /lib/x86_64-linux-gnu/libresolv-2.23.so
7f94a5b6b000-7f94a5b6c000 rw-p 00018000 fc:00 30020092                   /lib/x86_64-linux-gnu/libresolv-2.23.so
7f94a5b6c000-7f94a5b6e000 rw-p 00000000 00:00 0 
7f94a5b6e000-7f94a5b8d000 r-xp 00000000 fc:00 30020098                   /lib/x86_64-linux-gnu/libselinux.so.1
7f94a5b8d000-7f94a5d8c000 ---p 0001f000 fc:00 30020098                   /lib/x86_64-linux-gnu/libselinux.so.1
7f94a5d8c000-7f94a5d8d000 r--p 0001e000 fc:00 30020098                   /lib/x86_64-linux-gnu/libselinux.so.1
7f94a5d8d000-7f94a5d8e000 rw-p 0001f000 fc:00 30020098                   /lib/x86_64-linux-gnu/libselinux.so.1
7f94a5d8e000-7f94a5d90000 rw-p 00000000 00:00 0 
7f94a5d90000-7f94a5d98000 r-xp 00000000 fc:00 9577868                    /usr/lib/x86_64-linux-gnu/libxcb-render.so.0.0.0
7f94a5d98000-7f94a5f98000 ---p 00008000 fc:00 9577868                    /usr/lib/x86_64-linux-gnu/libxcb-render.so.0.0.0
7f94a5f98000-7f94a5f99000 r--p 00008000 fc:00 9577868                    /usr/lib/x86_64-linux-gnu/libxcb-render.so.0.0.0
7f94a5f99000-7f94a5f9a000 rw-p 00009000 fc:00 9577868                    /usr/lib/x86_64-linux-gnu/libxcb-render.so.0.0.0
7f94a5f9a000-7f94a5f9c000 r-xp 00000000 fc:00 9577872                    /usr/lib/x86_64-linux-gnu/libxcb-shm.so.0.0.0
7f94a5f9c000-7f94a619c000 ---p 00002000 fc:00 9577872                    /usr/lib/x86_64-linux-gnu/libxcb-shm.so.0.0.0
7f94a619c000-7f94a619d000 r--p 00002000 fc:00 9577872                    /usr/lib/x86_64-linux-gnu/libxcb-shm.so.0.0.0
7f94a619d000-7f94a619e000 rw-p 00003000 fc:00 9577872                    /usr/lib/x86_64-linux-gnu/libxcb-shm.so.0.0.0
7f94a619e000-7f94a61a2000 ---p 00000000 00:00 0 
7f94a61a2000-7f94a629f000 rw-p 00000000 00:00 0 
7f94a629f000-7f94a633e000 r-xp 00000000 fc:00 9577508                    /usr/lib/x86_64-linux-gnu/libpixman-1.so.0.33.6
7f94a633e000-7f94a653e000 ---p 0009f000 fc:00 9577508                    /usr/lib/x86_64-linux-gnu/libpixman-1.so.0.33.6
7f94a653e000-7f94a6546000 r--p 0009f000 fc:00 9577508                    /usr/lib/x86_64-linux-gnu/libpixman-1.so.0.33.6
7f94a6546000-7f94a6547000 rw-p 000a7000 fc:00 9577508                    /usr/lib/x86_64-linux-gnu/libpixman-1.so.0.33.6
7f94a6547000-7f94a6549000 r-xp 00000000 fc:00 9576546                    /usr/lib/x86_64-linux-gnu/libXdamage.so.1.1.0
7f94a6549000-7f94a6748000 ---p 00002000 fc:00 9576546                    /usr/lib/x86_64-linux-gnu/libXdamage.so.1.1.0
7f94a6748000-7f94a6749000 r--p 00001000 fc:00 9576546                    /usr/lib/x86_64-linux-gnu/libXdamage.so.1.1.0
7f94a6749000-7f94a674a000 rw-p 00002000 fc:00 9576546                    /usr/lib/x86_64-linux-gnu/libXdamage.so.1.1.0
7f94a674a000-7f94a674c000 r-xp 00000000 fc:00 9576542                    /usr/lib/x86_64-linux-gnu/libXcomposite.so.1.0.0
7f94a674c000-7f94a694b000 ---p 00002000 fc:00 9576542                    /usr/lib/x86_64-linux-gnu/libXcomposite.so.1.0.0
7f94a694b000-7f94a694c000 r--p 00001000 fc:00 9576542                    /usr/lib/x86_64-linux-gnu/libXcomposite.so.1.0.0
7f94a694c000-7f94a694d000 rw-p 00002000 fc:00 9576542                    /usr/lib/x86_64-linux-gnu/libXcomposite.so.1.0.0
7f94a694d000-7f94a6957000 r-xp 00000000 fc:00 9576568                    /usr/lib/x86_64-linux-gnu/libXrandr.so.2.2.0
7f94a6957000-7f94a6b56000 ---p 0000a000 fc:00 9576568                    /usr/lib/x86_64-linux-gnu/libXrandr.so.2.2.0
7f94a6b56000-7f94a6b57000 r--p 00009000 fc:00 9576568                    /usr/lib/x86_64-linux-gnu/libXrandr.so.2.2.0
7f94a6b57000-7f94a6b58000 rw-p 0000a000 fc:00 9576568                    /usr/lib/x86_64-linux-gnu/libXrandr.so.2.2.0
7f94a6b58000-7f94a6b5a000 r-xp 00000000 fc:00 9576560                    /usr/lib/x86_64-linux-gnu/libXinerama.so.1.0.0
7f94a6b5a000-7f94a6d59000 ---p 00002000 fc:00 9576560                    /usr/lib/x86_64-linux-gnu/libXinerama.so.1.0.0
7f94a6d59000-7f94a6d5a000 r--p 00001000 fc:00 9576560                    /usr/lib/x86_64-linux-gnu/libXinerama.so.1.0.0
7f94a6d5a000-7f94a6d5b000 rw-p 00002000 fc:00 9576560                    /usr/lib/x86_64-linux-gnu/libXinerama.so.1.0.0
7f94a6d5b000-7f94a6d98000 r-xp 00000000 fc:00 9568387                    /usr/lib/x86_64-linux-gnu/libfontconfig.so.1.9.0
7f94a6d98000-7f94a6f97000 ---p 0003d000 fc:00 9568387                    /usr/lib/x86_64-linux-gnu/libfontconfig.so.1.9.0
7f94a6f97000-7f94a6f99000 r--p 0003c000 fc:00 9568387                    /usr/lib/x86_64-linux-gnu/libfontconfig.so.1.9.0
7f94a6f99000-7f94a6f9e000 rw-p 0003e000 fc:00 9568387                    /usr/lib/x86_64-linux-gnu/libfontconfig.so.1.9.0
7f94a6f9e000-7f94a70ad000 r-xp 00000000 fc:00 30016794                   /lib/x86_64-linux-gnu/libglib-2.0.so.0.4800.1
7f94a70ad000-7f94a72ac000 ---p 0010f000 fc:00 30016794                   /lib/x86_64-linux-gnu/libglib-2.0.so.0.4800.1
7f94a72ac000-7f94a72ad000 r--p 0010e000 fc:00 30016794                   /lib/x86_64-linux-gnu/libglib-2.0.so.0.4800.1
7f94a72ad000-7f94a72ae000 rw-p 0010f000 fc:00 30016794                   /lib/x86_64-linux-gnu/libglib-2.0.so.0.4800.1
7f94a72ae000-7f94a72af000 rw-p 00000000 00:00 0 
7f94a72af000-7f94a7301000 r-xp 00000000 fc:00 9568717                    /usr/lib/x86_64-linux-gnu/libgobject-2.0.so.0.4800.1
7f94a7301000-7f94a7500000 ---p 00052000 fc:00 9568717                    /usr/lib/x86_64-linux-gnu/libgobject-2.0.so.0.4800.1
7f94a7500000-7f94a7501000 r--p 00051000 fc:00 9568717                    /usr/lib/x86_64-linux-gnu/libgobject-2.0.so.0.4800.1
7f94a7501000-7f94a7502000 rw-p 00052000 fc:00 9568717                    /usr/lib/x86_64-linux-gnu/libgobject-2.0.so.0.4800.1
7f94a7502000-7f94a754b000 r-xp 00000000 fc:00 9577478                    /usr/lib/x86_64-linux-gnu/libpango-1.0.so.0.3800.1
7f94a754b000-7f94a774b000 ---p 00049000 fc:00 9577478                    /usr/lib/x86_64-linux-gnu/libpango-1.0.so.0.3800.1
7f94a774b000-7f94a774d000 r--p 00049000 fc:00 9577478                    /usr/lib/x86_64-linux-gnu/libpango-1.0.so.0.3800.1
7f94a774d000-7f94a774e000 rw-p 0004b000 fc:00 9577478                    /usr/lib/x86_64-linux-gnu/libpango-1.0.so.0.3800.1
7f94a774e000-7f94a7762000 r-xp 00000000 fc:00 9577482                    /usr/lib/x86_64-linux-gnu/libpangoft2-1.0.so.0.3800.1
7f94a7762000-7f94a7962000 ---p 00014000 fc:00 9577482                    /usr/lib/x86_64-linux-gnu/libpangoft2-1.0.so.0.3800.1
7f94a7962000-7f94a7963000 r--p 00014000 fc:00 9577482                    /usr/lib/x86_64-linux-gnu/libpangoft2-1.0.so.0.3800.1
7f94a7963000-7f94a7964000 rw-p 00015000 fc:00 9577482                    /usr/lib/x86_64-linux-gnu/libpangoft2-1.0.so.0.3800.1
7f94a7964000-7f94a7ae4000 r-xp 00000000 fc:00 9568712                    /usr/lib/x86_64-linux-gnu/libgio-2.0.so.0.4800.1
7f94a7ae4000-7f94a7ce4000 ---p 00180000 fc:00 9568712                    /usr/lib/x86_64-linux-gnu/libgio-2.0.so.0.4800.1
7f94a7ce4000-7f94a7ce8000 r--p 00180000 fc:00 9568712                    /usr/lib/x86_64-linux-gnu/libgio-2.0.so.0.4800.1
7f94a7ce8000-7f94a7cea000 rw-p 00184000 fc:00 9568712                    /usr/lib/x86_64-linux-gnu/libgio-2.0.so.0.4800.1
7f94a7cea000-7f94a7cec000 rw-p 00000000 00:00 0 
7f94a7cec000-7f94a7dfa000 r-xp 00000000 fc:00 9576702                    /usr/lib/x86_64-linux-gnu/libcairo.so.2.11400.6
7f94a7dfa000-7f94a7ffa000 ---p 0010e000 fc:00 9576702                    /usr/lib/x86_64-linux-gnu/libcairo.so.2.11400.6
7f94a7ffa000-7f94a7ffd000 r--p 0010e000 fc:00 9576702                    /usr/lib/x86_64-linux-gnu/libcairo.so.2.11400.6
7f94a7ffd000-7f94a7ffe000 rw-p 00111000 fc:00 9576702                    /usr/lib/x86_64-linux-gnu/libcairo.so.2.11400.6
7f94a7ffe000-7f94a8000000 rw-p 00000000 00:00 0 
7f94a8000000-7f94a8021000 rw-p 00000000 00:00 0 
7f94a8021000-7f94ac000000 ---p 00000000 00:00 0 
7f94ac000000-7f94ac021000 rw-p 00000000 00:00 0 
7f94ac021000-7f94b0000000 ---p 00000000 00:00 0 
7f94b0000000-7f94b0021000 rw-p 00000000 00:00 0 
7f94b0021000-7f94b4000000 ---p 00000000 00:00 0 
7f94b4000000-7f94b4021000 rw-p 00000000 00:00 0 
7f94b4021000-7f94b8000000 ---p 00000000 00:00 0 
7f94b8000000-7f94b8021000 rw-p 00000000 00:00 0 
7f94b8021000-7f94bc000000 ---p 00000000 00:00 0 
7f94bc000000-7f94bc021000 rw-p 00000000 00:00 0 
7f94bc021000-7f94c0000000 ---p 00000000 00:00 0 
7f94c0000000-7f94c0021000 rw-p 00000000 00:00 0 
7f94c0021000-7f94c4000000 ---p 00000000 00:00 0 
7f94c4000000-7f94c4011000 r--s 00000000 fc:00 10618815                   /usr/share/fonts/type1/gsfonts/n019023l.pfb
7f94c4011000-7f94c4021000 r--s 00000000 fc:00 10618770                   /usr/share/fonts/type1/gsfonts/a010013l.pfb
7f94c4021000-7f94c4031000 r--s 00000000 fc:00 10618773                   /usr/share/fonts/type1/gsfonts/a010015l.pfb
7f94c4031000-7f94c4052000 r-xp 00000000 fc:00 9568820                    /usr/lib/x86_64-linux-gnu/libgdk_pixbuf-2.0.so.0.3200.2
7f94c4052000-7f94c4251000 ---p 00021000 fc:00 9568820                    /usr/lib/x86_64-linux-gnu/libgdk_pixbuf-2.0.so.0.3200.2
7f94c4251000-7f94c4252000 r--p 00020000 fc:00 9568820                    /usr/lib/x86_64-linux-gnu/libgdk_pixbuf-2.0.so.0.3200.2
7f94c4252000-7f94c4253000 rw-p 00021000 fc:00 9568820                    /usr/lib/x86_64-linux-gnu/libgdk_pixbuf-2.0.so.0.3200.2
7f94c4253000-7f94c4275000 r-xp 00000000 fc:00 9576638                    /usr/lib/x86_64-linux-gnu/libatk-1.0.so.0.21809.1
7f94c4275000-7f94c4474000 ---p 00022000 fc:00 9576638                    /usr/lib/x86_64-linux-gnu/libatk-1.0.so.0.21809.1
7f94c4474000-7f94c4477000 r--p 00021000 fc:00 9576638                    /usr/lib/x86_64-linux-gnu/libatk-1.0.so.0.21809.1
7f94c4477000-7f94c4478000 rw-p 00024000 fc:00 9576638                    /usr/lib/x86_64-linux-gnu/libatk-1.0.so.0.21809.1
7f94c4478000-7f94c4484000 r-xp 00000000 fc:00 9577480                    /usr/lib/x86_64-linux-gnu/libpangocairo-1.0.so.0.3800.1
7f94c4484000-7f94c4683000 ---p 0000c000 fc:00 9577480                    /usr/lib/x86_64-linux-gnu/libpangocairo-1.0.so.0.3800.1
7f94c4683000-7f94c4684000 r--p 0000b000 fc:00 9577480                    /usr/lib/x86_64-linux-gnu/libpangocairo-1.0.so.0.3800.1
7f94c4684000-7f94c4685000 rw-p 0000c000 fc:00 9577480                    /usr/lib/x86_64-linux-gnu/libpangocairo-1.0.so.0.3800.1
7f94c4685000-7f94c4688000 r-xp 00000000 fc:00 9568689                    /usr/lib/x86_64-linux-gnu/libgmodule-2.0.so.0.4800.1
7f94c4688000-7f94c4887000 ---p 00003000 fc:00 9568689                    /usr/lib/x86_64-linux-gnu/libgmodule-2.0.so.0.4800.1
7f94c4887000-7f94c4888000 r--p 00002000 fc:00 9568689                    /usr/lib/x86_64-linux-gnu/libgmodule-2.0.so.0.4800.1
7f94c4888000-7f94c4889000 rw-p 00003000 fc:00 9568689                    /usr/lib/x86_64-linux-gnu/libgmodule-2.0.so.0.4800.1
7f94c4889000-7f94c4939000 r-xp 00000000 fc:00 9576993                    /usr/lib/x86_64-linux-gnu/libgdk-x11-2.0.so.0.2400.30
7f94c4939000-7f94c4b38000 ---p 000b0000 fc:00 9576993                    /usr/lib/x86_64-linux-gnu/libgdk-x11-2.0.so.0.2400.30
7f94c4b38000-7f94c4b3c000 r--p 000af000 fc:00 9576993                    /usr/lib/x86_64-linux-gnu/libgdk-x11-2.0.so.0.2400.30
7f94c4b3c000-7f94c4b3e000 rw-p 000b3000 fc:00 9576993                    /usr/lib/x86_64-linux-gnu/libgdk-x11-2.0.so.0.2400.30
7f94c4b3e000-7f94c4f7c000 r-xp 00000000 fc:00 9577149                    /usr/lib/x86_64-linux-gnu/libgtk-x11-2.0.so.0.2400.30
7f94c4f7c000-7f94c517b000 ---p 0043e000 fc:00 9577149                    /usr/lib/x86_64-linux-gnu/libgtk-x11-2.0.so.0.2400.30
7f94c517b000-7f94c5182000 r--p 0043d000 fc:00 9577149                    /usr/lib/x86_64-linux-gnu/libgtk-x11-2.0.so.0.2400.30
7f94c5182000-7f94c5186000 rw-p 00444000 fc:00 9577149                    /usr/lib/x86_64-linux-gnu/libgtk-x11-2.0.so.0.2400.30
7f94c5186000-7f94c5189000 rw-p 00000000 00:00 0 
7f94c5189000-7f94c518e000 r-xp 00000000 fc:00 9576552                    /usr/lib/x86_64-linux-gnu/libXfixes.so.3.1.0
7f94c518e000-7f94c538d000 ---p 00005000 fc:00 9576552                    /usr/lib/x86_64-linux-gnu/libXfixes.so.3.1.0
7f94c538d000-7f94c538e000 r--p 00004000 fc:00 9576552                    /usr/lib/x86_64-linux-gnu/libXfixes.so.3.1.0
7f94c538e000-7f94c538f000 rw-p 00005000 fc:00 9576552                    /usr/lib/x86_64-linux-gnu/libXfixes.so.3.1.0
7f94c538f000-7f94c5398000 r-xp 00000000 fc:00 9576544                    /usr/lib/x86_64-linux-gnu/libXcursor.so.1.0.2
7f94c5398000-7f94c5597000 ---p 00009000 fc:00 9576544                    /usr/lib/x86_64-linux-gnu/libXcursor.so.1.0.2
7f94c5597000-7f94c5598000 r--p 00008000 fc:00 9576544                    /usr/lib/x86_64-linux-gnu/libXcursor.so.1.0.2
7f94c5598000-7f94c5599000 rw-p 00009000 fc:00 9576544                    /usr/lib/x86_64-linux-gnu/libXcursor.so.1.0.2
7f94c5599000-7f94c559d000 ---p 00000000 00:00 0 
7f94c559d000-7f94c569a000 rw-p 00000000 00:00 0 
7f94c569a000-7f94c56be000 r-xp 00000000 fc:00 30020081                   /lib/x86_64-linux-gnu/libpng12.so.0.54.0
7f94c56be000-7f94c58bd000 ---p 00024000 fc:00 30020081                   /lib/x86_64-linux-gnu/libpng12.so.0.54.0
7f94c58bd000-7f94c58be000 r--p 00023000 fc:00 30020081                   /lib/x86_64-linux-gnu/libpng12.so.0.54.0
7f94c58be000-7f94c58bf000 rw-p 00024000 fc:00 30020081                   /lib/x86_64-linux-gnu/libpng12.so.0.54.0
7f94c58bf000-7f94c5963000 r-xp 00000000 fc:00 9576954                    /usr/lib/x86_64-linux-gnu/libfreetype.so.6.12.1
7f94c5963000-7f94c5b62000 ---p 000a4000 fc:00 9576954                    /usr/lib/x86_64-linux-gnu/libfreetype.so.6.12.1
7f94c5b62000-7f94c5b68000 r--p 000a3000 fc:00 9576954                    /usr/lib/x86_64-linux-gnu/libfreetype.so.6.12.1
7f94c5b68000-7f94c5b69000 rw-p 000a9000 fc:00 9576954                    /usr/lib/x86_64-linux-gnu/libfreetype.so.6.12.1
7f94c5b69000-7f94c5c2f000 r-xp 00000000 fc:00 9836467                    /usr/lib/jvm/java-9-openjdk-amd64/lib/amd64/libfontmanager.so
7f94c5c2f000-7f94c5e2e000 ---p 000c6000 fc:00 9836467                    /usr/lib/jvm/java-9-openjdk-amd64/lib/amd64/libfontmanager.so
7f94c5e2e000-7f94c5e31000 r--p 000c5000 fc:00 9836467                    /usr/lib/jvm/java-9-openjdk-amd64/lib/amd64/libfontmanager.so
7f94c5e31000-7f94c5e32000 rw-p 000c8000 fc:00 9836467                    /usr/lib/jvm/java-9-openjdk-amd64/lib/amd64/libfontmanager.so
7f94c5e32000-7f94c6033000 rw-p 00000000 00:00 0 
7f94c6033000-7f94c6038000 r-xp 00000000 fc:00 9576548                    /usr/lib/x86_64-linux-gnu/libXdmcp.so.6.0.0
7f94c6038000-7f94c6237000 ---p 00005000 fc:00 9576548                    /usr/lib/x86_64-linux-gnu/libXdmcp.so.6.0.0
7f94c6237000-7f94c6238000 r--p 00004000 fc:00 9576548                    /usr/lib/x86_64-linux-gnu/libXdmcp.so.6.0.0
7f94c6238000-7f94c6239000 rw-p 00005000 fc:00 9576548                    /usr/lib/x86_64-linux-gnu/libXdmcp.so.6.0.0
7f94c6239000-7f94c623b000 r-xp 00000000 fc:00 9576537                    /usr/lib/x86_64-linux-gnu/libXau.so.6.0.0
7f94c623b000-7f94c643b000 ---p 00002000 fc:00 9576537                    /usr/lib/x86_64-linux-gnu/libXau.so.6.0.0
7f94c643b000-7f94c643c000 r--p 00002000 fc:00 9576537                    /usr/lib/x86_64-linux-gnu/libXau.so.6.0.0
7f94c643c000-7f94c643d000 rw-p 00003000 fc:00 9576537                    /usr/lib/x86_64-linux-gnu/libXau.so.6.0.0
7f94c643d000-7f94c645e000 r-xp 00000000 fc:00 9577886                    /usr/lib/x86_64-linux-gnu/libxcb.so.1.1.0
7f94c645e000-7f94c665d000 ---p 00021000 fc:00 9577886                    /usr/lib/x86_64-linux-gnu/libxcb.so.1.1.0
7f94c665d000-7f94c665e000 r--p 00020000 fc:00 9577886                    /usr/lib/x86_64-linux-gnu/libxcb.so.1.1.0
7f94c665e000-7f94c665f000 rw-p 00021000 fc:00 9577886                    /usr/lib/x86_64-linux-gnu/libxcb.so.1.1.0
7f94c665f000-7f94c666e000 r-xp 00000000 fc:00 9576558                    /usr/lib/x86_64-linux-gnu/libXi.so.6.1.0
7f94c666e000-7f94c686d000 ---p 0000f000 fc:00 9576558                    /usr/lib/x86_64-linux-gnu/libXi.so.6.1.0
7f94c686d000-7f94c686e000 r--p 0000e000 fc:00 9576558                    /usr/lib/x86_64-linux-gnu/libXi.so.6.1.0
7f94c686e000-7f94c686f000 rw-p 0000f000 fc:00 9576558                    /usr/lib/x86_64-linux-gnu/libXi.so.6.1.0
7f94c686f000-7f94c6874000 r-xp 00000000 fc:00 9576576                    /usr/lib/x86_64-linux-gnu/libXtst.so.6.1.0
7f94c6874000-7f94c6a73000 ---p 00005000 fc:00 9576576                    /usr/lib/x86_64-linux-gnu/libXtst.so.6.1.0
7f94c6a73000-7f94c6a74000 r--p 00004000 fc:00 9576576                    /usr/lib/x86_64-linux-gnu/libXtst.so.6.1.0
7f94c6a74000-7f94c6a75000 rw-p 00005000 fc:00 9576576                    /usr/lib/x86_64-linux-gnu/libXtst.so.6.1.0
7f94c6a75000-7f94c6a7e000 r-xp 00000000 fc:00 9576570                    /usr/lib/x86_64-linux-gnu/libXrender.so.1.3.0
7f94c6a7e000-7f94c6c7d000 ---p 00009000 fc:00 9576570                    /usr/lib/x86_64-linux-gnu/libXrender.so.1.3.0
7f94c6c7d000-7f94c6c7e000 r--p 00008000 fc:00 9576570                    /usr/lib/x86_64-linux-gnu/libXrender.so.1.3.0
7f94c6c7e000-7f94c6c7f000 rw-p 00009000 fc:00 9576570                    /usr/lib/x86_64-linux-gnu/libXrender.so.1.3.0
7f94c6c7f000-7f94c6db4000 r-xp 00000000 fc:00 9576533                    /usr/lib/x86_64-linux-gnu/libX11.so.6.3.0
7f94c6db4000-7f94c6fb4000 ---p 00135000 fc:00 9576533                    /usr/lib/x86_64-linux-gnu/libX11.so.6.3.0
7f94c6fb4000-7f94c6fb5000 r--p 00135000 fc:00 9576533                    /usr/lib/x86_64-linux-gnu/libX11.so.6.3.0
7f94c6fb5000-7f94c6fb9000 rw-p 00136000 fc:00 9576533                    /usr/lib/x86_64-linux-gnu/libX11.so.6.3.0
7f94c6fb9000-7f94c6fca000 r-xp 00000000 fc:00 9576550                    /usr/lib/x86_64-linux-gnu/libXext.so.6.4.0
7f94c6fca000-7f94c71c9000 ---p 00011000 fc:00 9576550                    /usr/lib/x86_64-linux-gnu/libXext.so.6.4.0
7f94c71c9000-7f94c71ca000 r--p 00010000 fc:00 9576550                    /usr/lib/x86_64-linux-gnu/libXext.so.6.4.0
7f94c71ca000-7f94c71cb000 rw-p 00011000 fc:00 9576550                    /usr/lib/x86_64-linux-gnu/libXext.so.6.4.0
7f94c71cb000-7f94c7222000 r-xp 00000000 fc:00 9836488                    /usr/lib/jvm/java-9-openjdk-amd64/lib/amd64/libawt_xawt.so
7f94c7222000-7f94c7422000 ---p 00057000 fc:00 9836488                    /usr/lib/jvm/java-9-openjdk-amd64/lib/amd64/libawt_xawt.so
7f94c7422000-7f94c7423000 r--p 00057000 fc:00 9836488                    /usr/lib/jvm/java-9-openjdk-amd64/lib/amd64/libawt_xawt.so
7f94c7423000-7f94c7426000 rw-p 00058000 fc:00 9836488                    /usr/lib/jvm/java-9-openjdk-amd64/lib/amd64/libawt_xawt.so
7f94c7426000-7f94c7427000 rw-p 00000000 00:00 0 
7f94c7427000-7f94c74c7000 r-xp 00000000 fc:00 9836466                    /usr/lib/jvm/java-9-openjdk-amd64/lib/amd64/libawt.so
7f94c74c7000-7f94c76c6000 ---p 000a0000 fc:00 9836466                    /usr/lib/jvm/java-9-openjdk-amd64/lib/amd64/libawt.so
7f94c76c6000-7f94c76c7000 r--p 0009f000 fc:00 9836466                    /usr/lib/jvm/java-9-openjdk-amd64/lib/amd64/libawt.so
7f94c76c7000-7f94c76d2000 rw-p 000a0000 fc:00 9836466                    /usr/lib/jvm/java-9-openjdk-amd64/lib/amd64/libawt.so
7f94c76d2000-7f94c78f7000 rw-p 00000000 00:00 0 
7f94c78f7000-7f94c78fa000 r-xp 00000000 fc:00 11801705                   /tmp/nbi-4227869057201410299.tmp
7f94c78fa000-7f94c79f9000 ---p 00003000 fc:00 11801705                   /tmp/nbi-4227869057201410299.tmp
7f94c79f9000-7f94c79fa000 rw-p 00002000 fc:00 11801705                   /tmp/nbi-4227869057201410299.tmp
7f94c79fa000-7f94c79fe000 ---p 00000000 00:00 0 
7f94c79fe000-7f94c7afb000 rw-p 00000000 00:00 0 
7f94c7afb000-7f94c7aff000 ---p 00000000 00:00 0 
7f94c7aff000-7f94c7bfc000 rw-p 00000000 00:00 0 
7f94c7bfc000-7f94c7c00000 ---p 00000000 00:00 0 
7f94c7c00000-7f94c7cfd000 rw-p 00000000 00:00 0 
7f94c7cfd000-7f94c7cfe000 ---p 00000000 00:00 0 
7f94c7cfe000-7f94c7dfe000 rw-p 00000000 00:00 0 
7f94c7dfe000-7f94c7e02000 ---p 00000000 00:00 0 
7f94c7e02000-7f94c7eff000 rw-p 00000000 00:00 0 
7f94c7eff000-7f94c7f03000 ---p 00000000 00:00 0 
7f94c7f03000-7f94c8000000 rw-p 00000000 00:00 0 
7f94c8000000-7f94c81de000 rw-p 00000000 00:00 0 
7f94c81de000-7f94cc000000 ---p 00000000 00:00 0 
7f94cc000000-7f94cc021000 rw-p 00000000 00:00 0 
7f94cc021000-7f94d0000000 ---p 00000000 00:00 0 
7f94d0000000-7f94d039b000 rw-p 00000000 00:00 0 
7f94d039b000-7f94d4000000 ---p 00000000 00:00 0 
7f94d4000000-7f94d424f000 rw-p 00000000 00:00 0 
7f94d424f000-7f94d8000000 ---p 00000000 00:00 0 
7f94d8000000-7f94d8021000 rw-p 00000000 00:00 0 
7f94d8021000-7f94dc000000 ---p 00000000 00:00 0 
7f94dc000000-7f94dc021000 rw-p 00000000 00:00 0 
7f94dc021000-7f94e0000000 ---p 00000000 00:00 0 
7f94e0000000-7f94e0021000 rw-p 00000000 00:00 0 
7f94e0021000-7f94e4000000 ---p 00000000 00:00 0 
7f94e4000000-7f94e4021000 rw-p 00000000 00:00 0 
7f94e4021000-7f94e8000000 ---p 00000000 00:00 0 
7f94e8000000-7f94e8021000 rw-p 00000000 00:00 0 
7f94e8021000-7f94ec000000 ---p 00000000 00:00 0 
7f94ec004000-7f94ec015000 r--s 00000000 fc:00 10618779                   /usr/share/fonts/type1/gsfonts/a010035l.pfb
7f94ec015000-7f94ec02d000 r--s 00000000 fc:00 10618800                   /usr/share/fonts/type1/gsfonts/c059033l.pfb
7f94ec02d000-7f94ec046000 r--s 00000000 fc:00 10618848                   /usr/share/fonts/type1/gsfonts/n022004l.pfb
7f94ec046000-7f94ec05f000 r--s 00000000 fc:00 10618836                   /usr/share/fonts/type1/gsfonts/n021004l.pfb
7f94ec05f000-7f94ec07a000 r--s 00000000 fc:00 10618797                   /usr/share/fonts/type1/gsfonts/c059016l.pfb
7f94ec07a000-7f94ec083000 r--s 00000000 fc:00 10618064                   /usr/share/fonts/X11/Type1/c0632bt_.pfb
7f94ec083000-7f94ec08c000 r--s 00000000 fc:00 10618070                   /usr/share/fonts/X11/Type1/c0649bt_.pfb
7f94ec08c000-7f94ec096000 r--s 00000000 fc:00 10618062                   /usr/share/fonts/X11/Type1/c0611bt_.pfb
7f94ec096000-7f94ec0a0000 r--s 00000000 fc:00 10618058                   /usr/share/fonts/X11/Type1/c0582bt_.pfb
7f94ec0a0000-7f94ec0aa000 r--s 00000000 fc:00 10618060                   /usr/share/fonts/X11/Type1/c0583bt_.pfb
7f94ec0aa000-7f94ec0b4000 r--s 00000000 fc:00 10618056                   /usr/share/fonts/X11/Type1/c0419bt_.pfb
7f94ec0b4000-7f94ec0cc000 r--s 00000000 fc:00 10618845                   /usr/share/fonts/type1/gsfonts/n022003l.pfb
7f94ec0cc000-7f94ec3cd000 rw-p 00000000 00:00 0 
7f94ec3cd000-7f94ec3e3000 r-xp 00000000 fc:00 9836468                    /usr/lib/jvm/java-9-openjdk-amd64/lib/amd64/libnet.so
7f94ec3e3000-7f94ec5e2000 ---p 00016000 fc:00 9836468                    /usr/lib/jvm/java-9-openjdk-amd64/lib/amd64/libnet.so
7f94ec5e2000-7f94ec5e3000 r--p 00015000 fc:00 9836468                    /usr/lib/jvm/java-9-openjdk-amd64/lib/amd64/libnet.so
7f94ec5e3000-7f94ec5e4000 rw-p 00016000 fc:00 9836468                    /usr/lib/jvm/java-9-openjdk-amd64/lib/amd64/libnet.so
7f94ec5e4000-7f94ec5f5000 r-xp 00000000 fc:00 9836489                    /usr/lib/jvm/java-9-openjdk-amd64/lib/amd64/libnio.so
7f94ec5f5000-7f94ec7f5000 ---p 00011000 fc:00 9836489                    /usr/lib/jvm/java-9-openjdk-amd64/lib/amd64/libnio.so
7f94ec7f5000-7f94ec7f6000 r--p 00011000 fc:00 9836489                    /usr/lib/jvm/java-9-openjdk-amd64/lib/amd64/libnio.so
7f94ec7f6000-7f94ec7f7000 rw-p 00012000 fc:00 9836489                    /usr/lib/jvm/java-9-openjdk-amd64/lib/amd64/libnio.so
7f94ec7f7000-7f94ec7fb000 ---p 00000000 00:00 0 
7f94ec7fb000-7f94ec8f8000 rw-p 00000000 00:00 0 
7f94ec8f8000-7f94ec8fc000 ---p 00000000 00:00 0 
7f94ec8fc000-7f94ec9f9000 rw-p 00000000 00:00 0 
7f94ec9f9000-7f94ec9fd000 ---p 00000000 00:00 0 
7f94ec9fd000-7f94ecafa000 rw-p 00000000 00:00 0 
7f94ecafa000-7f94ecafe000 ---p 00000000 00:00 0 
7f94ecafe000-7f94ecbfb000 rw-p 00000000 00:00 0 
7f94ecbfb000-7f94ecbff000 ---p 00000000 00:00 0 
7f94ecbff000-7f94eccfc000 rw-p 00000000 00:00 0 
7f94eccfc000-7f94ecd00000 ---p 00000000 00:00 0 
7f94ecd00000-7f94ecdfd000 rw-p 00000000 00:00 0 
7f94ecdfd000-7f94ed4fd000 r--p 00000000 fc:00 9575755                    /usr/lib/locale/locale-archive
7f94ed4fd000-7f94ed501000 ---p 00000000 00:00 0 
7f94ed501000-7f94ed5fe000 rw-p 00000000 00:00 0 
7f94ed5fe000-7f94ed602000 ---p 00000000 00:00 0 
7f94ed602000-7f94ed6ff000 rw-p 00000000 00:00 0 
7f94ed6ff000-7f94ed700000 ---p 00000000 00:00 0 
7f94ed700000-7f94f0000000 rw-p 00000000 00:00 0 
7f94f0000000-7f94f0021000 rw-p 00000000 00:00 0 
7f94f0021000-7f94f4000000 ---p 00000000 00:00 0 
7f94f4000000-7f94f4021000 rw-p 00000000 00:00 0 
7f94f4021000-7f94f8000000 ---p 00000000 00:00 0 
7f94f8000000-7f94f8021000 rw-p 00000000 00:00 0 
7f94f8021000-7f94fc000000 ---p 00000000 00:00 0 
7f94fc000000-7f94fc021000 rw-p 00000000 00:00 0 
7f94fc021000-7f9500000000 ---p 00000000 00:00 0 
7f9500000000-7f9500021000 rw-p 00000000 00:00 0 
7f9500021000-7f9504000000 ---p 00000000 00:00 0 
7f9504000000-7f9504021000 rw-p 00000000 00:00 0 
7f9504021000-7f9508000000 ---p 00000000 00:00 0 
7f9508000000-7f9508021000 rw-p 00000000 00:00 0 
7f9508021000-7f950c000000 ---p 00000000 00:00 0 
7f950c000000-7f950c021000 rw-p 00000000 00:00 0 
7f950c021000-7f9510000000 ---p 00000000 00:00 0 
7f9510000000-7f9510021000 rw-p 00000000 00:00 0 
7f9510021000-7f9514000000 ---p 00000000 00:00 0 
7f9514000000-7f9514021000 rw-p 00000000 00:00 0 
7f9514021000-7f9518000000 ---p 00000000 00:00 0 
7f9518000000-7f9518021000 rw-p 00000000 00:00 0 
7f9518021000-7f951c000000 ---p 00000000 00:00 0 
7f951c002000-7f951c00b000 r--s 00000000 fc:00 10618068                   /usr/share/fonts/X11/Type1/c0648bt_.pfb
7f951c00b000-7f951c014000 r--s 00000000 fc:00 10618066                   /usr/share/fonts/X11/Type1/c0633bt_.pfb
7f951c014000-7f951c01f000 r--s 00000000 fc:00 12976234                   /var/cache/fontconfig/945677eb7aeaf62f1d50efc3fb3ec7d8-le64.cache-6
7f951c01f000-7f951c025000 r--s 00000000 fc:00 12979466                   /var/cache/fontconfig/2cd17615ca594fa2959ae173292e504c-le64.cache-6
7f951c025000-7f951c026000 r--s 00000000 fc:00 12979453                   /var/cache/fontconfig/0d8c3b2ac0904cb8a57a757ad11a4a08-le64.cache-6
7f951c026000-7f951c03b000 r--s 00000000 fc:00 12979448                   /var/cache/fontconfig/04aabc0a78ac019cf9454389977116d2-le64.cache-6
7f951c03b000-7f951c03c000 r--s 00000000 fc:00 12979446                   /var/cache/fontconfig/1ac9eb803944fde146138c791f5cc56a-le64.cache-6
7f951c03c000-7f951c040000 r--s 00000000 fc:00 12979416                   /var/cache/fontconfig/385c0604a188198f04d133e54aba7fe7-le64.cache-6
7f951c040000-7f951c041000 r--s 00000000 fc:00 12979415                   /var/cache/fontconfig/dc05db6664285cc2f12bf69c139ae4c3-le64.cache-6
7f951c041000-7f951c044000 r--s 00000000 fc:00 12978741                   /var/cache/fontconfig/767a8244fc0220cfb567a839d0392e0b-le64.cache-6
7f951c044000-7f951c049000 r--s 00000000 fc:00 12979309                   /var/cache/fontconfig/8801497958630a81b71ace7c5f9b32a8-le64.cache-6
7f951c049000-7f951c4c3000 rw-p 00000000 00:00 0 
7f951c4c3000-7f951c4c4000 ---p 00000000 00:00 0 
7f951c4c4000-7f951c5c4000 rw-p 00000000 00:00 0 
7f951c5c4000-7f951c5c5000 ---p 00000000 00:00 0 
7f951c5c5000-7f951c7c5000 rw-p 00000000 00:00 0 
7f951c7c5000-7f951cac5000 ---p 00000000 00:00 0 
7f951cac5000-7f951cbc5000 rw-p 00000000 00:00 0 
7f951cbc5000-7f951cec5000 ---p 00000000 00:00 0 
7f951cec5000-7f951cee5000 rw-p 00000000 00:00 0 
7f951cee5000-7f951cf45000 ---p 00000000 00:00 0 
7f951cf45000-7f951cf65000 rw-p 00000000 00:00 0 
7f951cf65000-7f951d045000 ---p 00000000 00:00 0 
7f951d045000-7f951d046000 ---p 00000000 00:00 0 
7f951d046000-7f951d146000 rw-p 00000000 00:00 0 
7f951d146000-7f951d147000 ---p 00000000 00:00 0 
7f951d147000-7f951d247000 rw-p 00000000 00:00 0 
7f951d247000-7f951d248000 ---p 00000000 00:00 0 
7f951d248000-7f951d348000 rw-p 00000000 00:00 0 
7f951d348000-7f951d349000 ---p 00000000 00:00 0 
7f951d349000-7f951d449000 rw-p 00000000 00:00 0 
7f951d449000-7f951d44a000 ---p 00000000 00:00 0 
7f951d44a000-7f951d94e000 rw-p 00000000 00:00 0 
7f951d94e000-7f951d94f000 ---p 00000000 00:00 0 
7f951d94f000-7f951da4f000 rw-p 00000000 00:00 0 
7f951da4f000-7f951da50000 ---p 00000000 00:00 0 
7f951da50000-7f951db50000 rw-p 00000000 00:00 0 
7f951db50000-7f951db51000 ---p 00000000 00:00 0 
7f951db51000-7f951dc51000 rw-p 00000000 00:00 0 
7f951dc51000-7f951dec1000 rwxp 00000000 00:00 0 
7f951dec1000-7f951e1e1000 ---p 00000000 00:00 0 
7f951e1e1000-7f951e4b1000 rwxp 00000000 00:00 0 
7f951e4b1000-7f9525719000 ---p 00000000 00:00 0 
7f9525719000-7f9525989000 rwxp 00000000 00:00 0 
7f9525989000-7f952cc51000 ---p 00000000 00:00 0 
7f952cc51000-7f9534000000 r--s 00000000 fc:00 9836452                    /usr/lib/jvm/java-9-openjdk-amd64/lib/modules
7f9534000000-7f9534964000 rw-p 00000000 00:00 0 
7f9534964000-7f9538000000 ---p 00000000 00:00 0 
7f9538000000-7f9538001000 r--s 00000000 fc:00 12979414                   /var/cache/fontconfig/4794a0821666d79190d59a36cb4f44b5-le64.cache-6
7f9538001000-7f9538002000 r--s 00000000 fc:00 12979308                   /var/cache/fontconfig/bab58bb527bb656aaa9f116d68a48d89-le64.cache-6
7f9538002000-7f9538009000 r--s 00000000 fc:00 12979304                   /var/cache/fontconfig/3047814df9a2f067bd2d96a2b9c36e5a-le64.cache-6
7f9538009000-7f953800f000 r--s 00000000 fc:00 12979161                   /var/cache/fontconfig/b47c4e1ecd0709278f4910c18777a504-le64.cache-6
7f953800f000-7f9538022000 r--s 00000000 fc:00 12979099                   /var/cache/fontconfig/d52a8644073d54c13679302ca1180695-le64.cache-6
7f9538022000-7f953807d000 rw-p 00000000 00:00 0 
7f953807d000-7f953807e000 ---p 00000000 00:00 0 
7f953807e000-7f9538183000 rw-p 00000000 00:00 0 
7f9538183000-7f9538269000 ---p 00000000 00:00 0 
7f9538269000-7f953826f000 rw-p 00000000 00:00 0 
7f953826f000-7f9538354000 ---p 00000000 00:00 0 
7f9538354000-7f9538359000 r-xp 00000000 fc:00 9836478                    /usr/lib/jvm/java-9-openjdk-amd64/lib/amd64/libjimage.so
7f9538359000-7f9538558000 ---p 00005000 fc:00 9836478                    /usr/lib/jvm/java-9-openjdk-amd64/lib/amd64/libjimage.so
7f9538558000-7f9538559000 r--p 00004000 fc:00 9836478                    /usr/lib/jvm/java-9-openjdk-amd64/lib/amd64/libjimage.so
7f9538559000-7f953855a000 rw-p 00005000 fc:00 9836478                    /usr/lib/jvm/java-9-openjdk-amd64/lib/amd64/libjimage.so
7f953855a000-7f9538561000 r-xp 00000000 fc:00 9836474                    /usr/lib/jvm/java-9-openjdk-amd64/lib/amd64/libzip.so
7f9538561000-7f9538760000 ---p 00007000 fc:00 9836474                    /usr/lib/jvm/java-9-openjdk-amd64/lib/amd64/libzip.so
7f9538760000-7f9538761000 r--p 00006000 fc:00 9836474                    /usr/lib/jvm/java-9-openjdk-amd64/lib/amd64/libzip.so
7f9538761000-7f9538762000 rw-p 00007000 fc:00 9836474                    /usr/lib/jvm/java-9-openjdk-amd64/lib/amd64/libzip.so
7f9538762000-7f953876d000 r-xp 00000000 fc:00 30020038                   /lib/x86_64-linux-gnu/libnss_files-2.23.so
7f953876d000-7f953896c000 ---p 0000b000 fc:00 30020038                   /lib/x86_64-linux-gnu/libnss_files-2.23.so
7f953896c000-7f953896d000 r--p 0000a000 fc:00 30020038                   /lib/x86_64-linux-gnu/libnss_files-2.23.so
7f953896d000-7f953896e000 rw-p 0000b000 fc:00 30020038                   /lib/x86_64-linux-gnu/libnss_files-2.23.so
7f953896e000-7f9538974000 rw-p 00000000 00:00 0 
7f9538974000-7f953897f000 r-xp 00000000 fc:00 30020049                   /lib/x86_64-linux-gnu/libnss_nis-2.23.so
7f953897f000-7f9538b7e000 ---p 0000b000 fc:00 30020049                   /lib/x86_64-linux-gnu/libnss_nis-2.23.so
7f9538b7e000-7f9538b7f000 r--p 0000a000 fc:00 30020049                   /lib/x86_64-linux-gnu/libnss_nis-2.23.so
7f9538b7f000-7f9538b80000 rw-p 0000b000 fc:00 30020049                   /lib/x86_64-linux-gnu/libnss_nis-2.23.so
7f9538b80000-7f9538b96000 r-xp 00000000 fc:00 30020032                   /lib/x86_64-linux-gnu/libnsl-2.23.so
7f9538b96000-7f9538d95000 ---p 00016000 fc:00 30020032                   /lib/x86_64-linux-gnu/libnsl-2.23.so
7f9538d95000-7f9538d96000 r--p 00015000 fc:00 30020032                   /lib/x86_64-linux-gnu/libnsl-2.23.so
7f9538d96000-7f9538d97000 rw-p 00016000 fc:00 30020032                   /lib/x86_64-linux-gnu/libnsl-2.23.so
7f9538d97000-7f9538d99000 rw-p 00000000 00:00 0 
7f9538d99000-7f9538da1000 r-xp 00000000 fc:00 30020034                   /lib/x86_64-linux-gnu/libnss_compat-2.23.so
7f9538da1000-7f9538fa0000 ---p 00008000 fc:00 30020034                   /lib/x86_64-linux-gnu/libnss_compat-2.23.so
7f9538fa0000-7f9538fa1000 r--p 00007000 fc:00 30020034                   /lib/x86_64-linux-gnu/libnss_compat-2.23.so
7f9538fa1000-7f9538fa2000 rw-p 00008000 fc:00 30020034                   /lib/x86_64-linux-gnu/libnss_compat-2.23.so
7f9538fa2000-7f9538fcd000 r-xp 00000000 fc:00 9836461                    /usr/lib/jvm/java-9-openjdk-amd64/lib/amd64/libjava.so
7f9538fcd000-7f95391cc000 ---p 0002b000 fc:00 9836461                    /usr/lib/jvm/java-9-openjdk-amd64/lib/amd64/libjava.so
7f95391cc000-7f95391cd000 r--p 0002a000 fc:00 9836461                    /usr/lib/jvm/java-9-openjdk-amd64/lib/amd64/libjava.so
7f95391cd000-7f95391cf000 rw-p 0002b000 fc:00 9836461                    /usr/lib/jvm/java-9-openjdk-amd64/lib/amd64/libjava.so
7f95391cf000-7f95391dc000 r-xp 00000000 fc:00 9836462                    /usr/lib/jvm/java-9-openjdk-amd64/lib/amd64/libverify.so
7f95391dc000-7f95393db000 ---p 0000d000 fc:00 9836462                    /usr/lib/jvm/java-9-openjdk-amd64/lib/amd64/libverify.so
7f95393db000-7f95393dd000 r--p 0000c000 fc:00 9836462                    /usr/lib/jvm/java-9-openjdk-amd64/lib/amd64/libverify.so
7f95393dd000-7f95393de000 rw-p 0000e000 fc:00 9836462                    /usr/lib/jvm/java-9-openjdk-amd64/lib/amd64/libverify.so
7f95393de000-7f95393e5000 r-xp 00000000 fc:00 30020094                   /lib/x86_64-linux-gnu/librt-2.23.so
7f95393e5000-7f95395e4000 ---p 00007000 fc:00 30020094                   /lib/x86_64-linux-gnu/librt-2.23.so
7f95395e4000-7f95395e5000 r--p 00006000 fc:00 30020094                   /lib/x86_64-linux-gnu/librt-2.23.so
7f95395e5000-7f95395e6000 rw-p 00007000 fc:00 30020094                   /lib/x86_64-linux-gnu/librt-2.23.so
7f95395e6000-7f95395fc000 r-xp 00000000 fc:00 30019979                   /lib/x86_64-linux-gnu/libgcc_s.so.1
7f95395fc000-7f95397fb000 ---p 00016000 fc:00 30019979                   /lib/x86_64-linux-gnu/libgcc_s.so.1
7f95397fb000-7f95397fc000 rw-p 00015000 fc:00 30019979                   /lib/x86_64-linux-gnu/libgcc_s.so.1
7f95397fc000-7f9539904000 r-xp 00000000 fc:00 30020011                   /lib/x86_64-linux-gnu/libm-2.23.so
7f9539904000-7f9539b03000 ---p 00108000 fc:00 30020011                   /lib/x86_64-linux-gnu/libm-2.23.so
7f9539b03000-7f9539b04000 r--p 00107000 fc:00 30020011                   /lib/x86_64-linux-gnu/libm-2.23.so
7f9539b04000-7f9539b05000 rw-p 00108000 fc:00 30020011                   /lib/x86_64-linux-gnu/libm-2.23.so
7f9539b05000-7f9539c77000 r-xp 00000000 fc:00 9572521                    /usr/lib/x86_64-linux-gnu/libstdc++.so.6.0.21
7f9539c77000-7f9539e77000 ---p 00172000 fc:00 9572521                    /usr/lib/x86_64-linux-gnu/libstdc++.so.6.0.21
7f9539e77000-7f9539e81000 r--p 00172000 fc:00 9572521                    /usr/lib/x86_64-linux-gnu/libstdc++.so.6.0.21
7f9539e81000-7f9539e83000 rw-p 0017c000 fc:00 9572521                    /usr/lib/x86_64-linux-gnu/libstdc++.so.6.0.21
7f9539e83000-7f9539e87000 rw-p 00000000 00:00 0 
7f9539e87000-7f953ace5000 r-xp 00000000 fc:00 13376605                   /usr/lib/jvm/java-9-openjdk-amd64/lib/amd64/server/libjvm.so
7f953ace5000-7f953aee5000 ---p 00e5e000 fc:00 13376605                   /usr/lib/jvm/java-9-openjdk-amd64/lib/amd64/server/libjvm.so
7f953aee5000-7f953af97000 r--p 00e5e000 fc:00 13376605                   /usr/lib/jvm/java-9-openjdk-amd64/lib/amd64/server/libjvm.so
7f953af97000-7f953afc9000 rw-p 00f10000 fc:00 13376605                   /usr/lib/jvm/java-9-openjdk-amd64/lib/amd64/server/libjvm.so
7f953afc9000-7f953b00e000 rw-p 00000000 00:00 0 
7f953b00e000-7f953b026000 r-xp 00000000 fc:00 30020086                   /lib/x86_64-linux-gnu/libpthread-2.23.so
7f953b026000-7f953b225000 ---p 00018000 fc:00 30020086                   /lib/x86_64-linux-gnu/libpthread-2.23.so
7f953b225000-7f953b226000 r--p 00017000 fc:00 30020086                   /lib/x86_64-linux-gnu/libpthread-2.23.so
7f953b226000-7f953b227000 rw-p 00018000 fc:00 30020086                   /lib/x86_64-linux-gnu/libpthread-2.23.so
7f953b227000-7f953b22b000 rw-p 00000000 00:00 0 
7f953b22b000-7f953b22e000 r-xp 00000000 fc:00 30019965                   /lib/x86_64-linux-gnu/libdl-2.23.so
7f953b22e000-7f953b42d000 ---p 00003000 fc:00 30019965                   /lib/x86_64-linux-gnu/libdl-2.23.so
7f953b42d000-7f953b42e000 r--p 00002000 fc:00 30019965                   /lib/x86_64-linux-gnu/libdl-2.23.so
7f953b42e000-7f953b42f000 rw-p 00003000 fc:00 30019965                   /lib/x86_64-linux-gnu/libdl-2.23.so
7f953b42f000-7f953b448000 r-xp 00000000 fc:00 30020130                   /lib/x86_64-linux-gnu/libz.so.1.2.8
7f953b448000-7f953b647000 ---p 00019000 fc:00 30020130                   /lib/x86_64-linux-gnu/libz.so.1.2.8
7f953b647000-7f953b648000 r--p 00018000 fc:00 30020130                   /lib/x86_64-linux-gnu/libz.so.1.2.8
7f953b648000-7f953b649000 rw-p 00019000 fc:00 30020130                   /lib/x86_64-linux-gnu/libz.so.1.2.8
7f953b649000-7f953b809000 r-xp 00000000 fc:00 30019943                   /lib/x86_64-linux-gnu/libc-2.23.so
7f953b809000-7f953ba08000 ---p 001c0000 fc:00 30019943                   /lib/x86_64-linux-gnu/libc-2.23.so
7f953ba08000-7f953ba0c000 r--p 001bf000 fc:00 30019943                   /lib/x86_64-linux-gnu/libc-2.23.so
7f953ba0c000-7f953ba0e000 rw-p 001c3000 fc:00 30019943                   /lib/x86_64-linux-gnu/libc-2.23.so
7f953ba0e000-7f953ba12000 rw-p 00000000 00:00 0 
7f953ba12000-7f953ba20000 r-xp 00000000 fc:00 13376609                   /usr/lib/jvm/java-9-openjdk-amd64/lib/amd64/jli/libjli.so
7f953ba20000-7f953bc1f000 ---p 0000e000 fc:00 13376609                   /usr/lib/jvm/java-9-openjdk-amd64/lib/amd64/jli/libjli.so
7f953bc1f000-7f953bc20000 r--p 0000d000 fc:00 13376609                   /usr/lib/jvm/java-9-openjdk-amd64/lib/amd64/jli/libjli.so
7f953bc20000-7f953bc21000 rw-p 0000e000 fc:00 13376609                   /usr/lib/jvm/java-9-openjdk-amd64/lib/amd64/jli/libjli.so
7f953bc21000-7f953bc47000 r-xp 00000000 fc:00 30019915                   /lib/x86_64-linux-gnu/ld-2.23.so
7f953bc47000-7f953bc48000 r--s 00000000 fc:00 12979265                   /var/cache/fontconfig/56cf4f4769d0f4abc89a4895d7bd3ae1-le64.cache-6
7f953bc48000-7f953bc49000 r--s 00000000 fc:00 12979264                   /var/cache/fontconfig/b9d506c9ac06c20b433354fa67a72993-le64.cache-6
7f953bc49000-7f953bc4a000 r--s 00000000 fc:00 12979092                   /var/cache/fontconfig/551ecf3b0e8b0bca0f25c0944f561853-le64.cache-6
7f953bc4a000-7f953bc55000 r--s 00000000 fc:00 12991532                   /var/cache/fontconfig/d589a48862398ed80a3d6066f4f56f4c-le64.cache-6
7f953bc55000-7f953bc56000 r--s 00000000 fc:00 12979065                   /var/cache/fontconfig/30829fa25452a46451e813d634d7f916-le64.cache-6
7f953bc56000-7f953bc59000 r--s 00000000 fc:00 12978955                   /var/cache/fontconfig/75114ca45c98e8a441da0ff356701271-le64.cache-6
7f953bc59000-7f953bc64000 r--s 00000000 fc:00 12978872                   /var/cache/fontconfig/83bf95040141907cd45bb53cf7c1c148-le64.cache-6
7f953bc64000-7f953bc76000 r--s 00000000 fc:00 12978843                   /var/cache/fontconfig/9b89f8e3dae116d678bbf48e5f21f69b-le64.cache-6
7f953bc76000-7f953bc78000 r--s 00000000 fc:00 12976212                   /var/cache/fontconfig/62f91419b9ebdb6975e7e41ab6412357-le64.cache-6
7f953bc78000-7f953bcc0000 rw-p 00000000 00:00 0 
7f953bcc0000-7f953bd20000 ---p 00000000 00:00 0 
7f953bd20000-7f953bd24000 ---p 00000000 00:00 0 
7f953bd24000-7f953be26000 rw-p 00000000 00:00 0 
7f953be26000-7f953be27000 r--s 00000000 fc:00 12979014                   /var/cache/fontconfig/0c9eb80ebd1c36541ebe2852d3bb0c49-le64.cache-6
7f953be27000-7f953be2a000 r--s 00000000 fc:00 12976229                   /var/cache/fontconfig/e13b20fdb08344e0e664864cc2ede53d-le64.cache-6
7f953be2a000-7f953be2e000 r--s 00000000 fc:00 12976239                   /var/cache/fontconfig/7ef2298fde41cc6eeb7af42e48b7d293-le64.cache-6
7f953be2e000-7f953be33000 rw-p 00000000 00:00 0 
7f953be33000-7f953be3a000 ---p 00000000 00:00 0 
7f953be3a000-7f953be42000 rw-s 00000000 fc:00 17699825                   /tmp/hsperfdata_root/6725
7f953be42000-7f953be43000 rw-p 00000000 00:00 0 
7f953be43000-7f953be44000 r--p 00000000 00:00 0 
7f953be44000-7f953be46000 rw-p 00000000 00:00 0 
7f953be46000-7f953be47000 r--p 00025000 fc:00 30019915                   /lib/x86_64-linux-gnu/ld-2.23.so
7f953be47000-7f953be48000 rw-p 00026000 fc:00 30019915                   /lib/x86_64-linux-gnu/ld-2.23.so
7f953be48000-7f953be49000 rw-p 00000000 00:00 0 
7fff0ef94000-7fff0efb5000 rw-p 00000000 00:00 0                          [stack]
7fff0efb8000-7fff0efba000 r--p 00000000 00:00 0                          [vvar]
7fff0efba000-7fff0efbc000 r-xp 00000000 00:00 0                          [vdso]
ffffffffff600000-ffffffffff601000 r-xp 00000000 00:00 0                  [vsyscall]

VM Arguments:
jvm_args: -Xmx256m -Xms64m -Dnetbeans.default_userdir_root=/root/.netbeans -Dnetbeans.default_cachedir_root=/root/.cache/netbeans -Djava.io.tmpdir=/tmp 
java_command: org.netbeans.installer.Installer
java_class_path (initial): /tmp/.nbi-4110901.tmp/bundle.jar
Launcher Type: SUN_STANDARD

Environment Variables:
PATH=/usr/local/sbin:/usr/local/bin:/usr/sbin:/usr/bin:/sbin:/bin:/usr/games:/usr/local/games
USERNAME=griffin
SHELL=/bin/bash
DISPLAY=:1

Signal Handlers:
SIGSEGV: [libjvm.so+0xc12c20], sa_mask[0]=11111111011111111101111111111110, sa_flags=SA_RESTART|SA_SIGINFO
SIGBUS: [libjvm.so+0xc12c20], sa_mask[0]=11111111011111111101111111111110, sa_flags=SA_RESTART|SA_SIGINFO
SIGFPE: [libjvm.so+0xc12c20], sa_mask[0]=11111111011111111101111111111110, sa_flags=SA_RESTART|SA_SIGINFO
SIGPIPE: SIG_IGN, sa_mask[0]=00000000000010000000000000000000, sa_flags=SA_RESTART
SIGXFSZ: [libjvm.so+0xa3b600], sa_mask[0]=11111111011111111101111111111110, sa_flags=SA_RESTART|SA_SIGINFO
SIGILL: [libjvm.so+0xc12c20], sa_mask[0]=11111111011111111101111111111110, sa_flags=SA_RESTART|SA_SIGINFO
SIGUSR2: [libjvm.so+0xa3b4a0], sa_mask[0]=00000000000000000000000000000000, sa_flags=SA_RESTART|SA_SIGINFO
SIGHUP: [libjvm.so+0xa3b870], sa_mask[0]=11111111011111111101111111111110, sa_flags=SA_RESTART|SA_SIGINFO
SIGINT: [libjvm.so+0xa3b870], sa_mask[0]=11111111011111111101111111111110, sa_flags=SA_RESTART|SA_SIGINFO
SIGTERM: [libjvm.so+0xa3b870], sa_mask[0]=11111111011111111101111111111110, sa_flags=SA_RESTART|SA_SIGINFO
SIGQUIT: [libjvm.so+0xa3b870], sa_mask[0]=11111111011111111101111111111110, sa_flags=SA_RESTART|SA_SIGINFO


---------------  S Y S T E M  ---------------

OS:DISTRIB_ID=Ubuntu
DISTRIB_RELEASE=16.04
DISTRIB_CODENAME=xenial
DISTRIB_DESCRIPTION="Ubuntu 16.04.1 LTS"
uname:Linux 4.4.0-45-generic #66-Ubuntu SMP Wed Oct 19 14:12:37 UTC 2016 x86_64
libc:glibc 2.23 NPTL 2.23 
rlimit: STACK 8192k, CORE 0k, NPROC 13238, NOFILE 65536, AS infinity
load average:3.71 5.65 4.12

/proc/meminfo:
MemTotal:        3500316 kB
MemFree:          100428 kB
MemAvailable:     408416 kB
Buffers:            4288 kB
Cached:           514524 kB
SwapCached:        47120 kB
Active:          2234744 kB
Inactive:         853868 kB
Active(anon):    1999848 kB
Inactive(anon):   616964 kB
Active(file):     234896 kB
Inactive(file):   236904 kB
Unevictable:         648 kB
Mlocked:             648 kB
SwapTotal:       3641340 kB
SwapFree:        2523352 kB
Dirty:             34156 kB
Writeback:             0 kB
AnonPages:       2557900 kB
Mapped:           179064 kB
Shmem:             46836 kB
Slab:             118792 kB
SReclaimable:      74456 kB
SUnreclaim:        44336 kB
KernelStack:       12544 kB
PageTables:        57224 kB
NFS_Unstable:          0 kB
Bounce:                0 kB
WritebackTmp:          0 kB
CommitLimit:     5391496 kB
Committed_AS:    9658436 kB
VmallocTotal:   34359738367 kB
VmallocUsed:           0 kB
VmallocChunk:          0 kB
HardwareCorrupted:     0 kB
AnonHugePages:    419840 kB
CmaTotal:              0 kB
CmaFree:               0 kB
HugePages_Total:       0
HugePages_Free:        0
HugePages_Rsvd:        0
HugePages_Surp:        0
Hugepagesize:       2048 kB
DirectMap4k:      293632 kB
DirectMap2M:     3346432 kB
DirectMap1G:           0 kB


CPU:total 4 (4 cores per cpu, 1 threads per core) family 22 model 0 stepping 1, cmov, cx8, fxsr, mmx, sse, sse2, sse3, ssse3, sse4.1, sse4.2, popcnt, avx, aes, clmul, mmxext, 3dnowpref, lzcnt, sse4a, tsc, tscinvbit, tscinv, bmi1

CPU Model and flags from /proc/cpuinfo:
model name	: AMD A4-5000 APU with Radeon(TM) HD Graphics
flags		: fpu vme de pse tsc msr pae mce cx8 apic sep mtrr pge mca cmov pat pse36 clflush mmx fxsr sse sse2 ht syscall nx mmxext fxsr_opt pdpe1gb rdtscp lm constant_tsc rep_good nopl nonstop_tsc extd_apicid aperfmperf eagerfpu pni pclmulqdq monitor ssse3 cx16 sse4_1 sse4_2 movbe popcnt aes xsave avx f16c lahf_lm cmp_legacy svm extapic cr8_legacy abm sse4a misalignsse 3dnowprefetch osvw ibs skinit wdt topoext perfctr_nb bpext perfctr_l2 hw_pstate proc_feedback vmmcall bmi1 xsaveopt arat npt lbrv svm_lock nrip_save tsc_scale flushbyasid decodeassists pausefilter pfthreshold

Memory: 4k page, physical 3500316k(100428k free), swap 3641340k(2523352k free)

vm_info: OpenJDK 64-Bit Server VM (9-internal+0-2016-04-14-195246.buildd.src) for linux-amd64 JRE (9-internal+0-2016-04-14-195246.buildd.src), built on Apr 14 2016 20:05:37 by "buildd" with gcc 5.3.1 20160413

END.
