0 info it worked if it ends with ok
1 verbose cli [ '/usr/local/bin/node', '/usr/local/bin/npm', 'start' ]
2 info using npm@3.10.3
3 info using node@v6.2.2
4 verbose run-script [ 'prestart', 'start', 'poststart' ]
5 info lifecycle soccer-gear-frontend@1.0.0~prestart: soccer-gear-frontend@1.0.0
6 silly lifecycle soccer-gear-frontend@1.0.0~prestart: no script for prestart, continuing
7 info lifecycle soccer-gear-frontend@1.0.0~start: soccer-gear-frontend@1.0.0
8 verbose lifecycle soccer-gear-frontend@1.0.0~start: unsafe-perm in lifecycle true
9 verbose lifecycle soccer-gear-frontend@1.0.0~start: PATH: /usr/local/lib/node_modules/npm/bin/node-gyp-bin:/home/griffin/Tunaweza/soccer-gear-frontend/node_modules/.bin:/usr/local/bin:/usr/local/sbin:/usr/local/bin:/usr/sbin:/usr/bin:/sbin:/bin:/usr/games:/usr/local/games:/snap/bin
10 verbose lifecycle soccer-gear-frontend@1.0.0~start: CWD: /home/griffin/Tunaweza/soccer-gear-frontend
11 silly lifecycle soccer-gear-frontend@1.0.0~start: Args: [ '-c', 'gulp serve-dev' ]
12 silly lifecycle soccer-gear-frontend@1.0.0~start: Returned: code: 1  signal: null
13 info lifecycle soccer-gear-frontend@1.0.0~start: Failed to exec start script
14 verbose stack Error: soccer-gear-frontend@1.0.0 start: `gulp serve-dev`
14 verbose stack Exit status 1
14 verbose stack     at EventEmitter.<anonymous> (/usr/local/lib/node_modules/npm/lib/utils/lifecycle.js:242:16)
14 verbose stack     at emitTwo (events.js:106:13)
14 verbose stack     at EventEmitter.emit (events.js:191:7)
14 verbose stack     at ChildProcess.<anonymous> (/usr/local/lib/node_modules/npm/lib/utils/spawn.js:40:14)
14 verbose stack     at emitTwo (events.js:106:13)
14 verbose stack     at ChildProcess.emit (events.js:191:7)
14 verbose stack     at maybeClose (internal/child_process.js:852:16)
14 verbose stack     at Process.ChildProcess._handle.onexit (internal/child_process.js:215:5)
15 verbose pkgid soccer-gear-frontend@1.0.0
16 verbose cwd /home/griffin/Tunaweza/soccer-gear-frontend
17 error Linux 4.4.0-38-generic
18 error argv "/usr/local/bin/node" "/usr/local/bin/npm" "start"
19 error node v6.2.2
20 error npm  v3.10.3
21 error code ELIFECYCLE
22 error soccer-gear-frontend@1.0.0 start: `gulp serve-dev`
22 error Exit status 1
23 error Failed at the soccer-gear-frontend@1.0.0 start script 'gulp serve-dev'.
23 error Make sure you have the latest version of node.js and npm installed.
23 error If you do, this is most likely a problem with the soccer-gear-frontend package,
23 error not with npm itself.
23 error Tell the author that this fails on your system:
23 error     gulp serve-dev
23 error You can get information on how to open an issue for this project with:
23 error     npm bugs soccer-gear-frontend
23 error Or if that isn't available, you can get their info via:
23 error     npm owner ls soccer-gear-frontend
23 error There is likely additional logging output above.
24 verbose exit [ 1, true ]
